2024-02-22 15:07:56,807 [INFO] Activator:176 - 


2024-02-22 15:07:56,820 [INFO] Activator:177 - !SESSION log4j initialized
2024-02-22 15:08:07,181 [INFO] LogOutputStream:77 - [STDOUT_REDIRECT] 
2024-02-22 15:08:14,527 [INFO] ApplicationProperties:184 - Using Application install path: C:\STM32\program\STM32CubeIDE_1.14.0\STM32CubeIDE\plugins\com.st.stm32cube.common.mx_6.10.0.202311202037
2024-02-22 15:08:14,558 [INFO] DbMcusXml:78 - Set database path to: C:\STM32\program\STM32CubeIDE_1.14.0\STM32CubeIDE\plugins\com.st.stm32cube.common.mx_6.10.0.202311202037\\db\/mcu/
2024-02-22 15:08:14,559 [INFO] ApiDb:274 - Set plugin database path to: C:\STM32\program\STM32CubeIDE_1.14.0\STM32CubeIDE\plugins\com.st.stm32cube.common.mx_6.10.0.202311202037\\db\/plugins/boardmanager/
2024-02-22 15:08:14,560 [WARN] ApiDb:259 - Overriding images path with different value:  => C:\STM32\program\STM32CubeIDE_1.14.0\STM32CubeIDE\plugins\com.st.stm32cube.common.mx_6.10.0.202311202037\\db\/plugins/mcufinder/images/
2024-02-22 15:08:14,576 [INFO] ApiDb:250 - Set database path to: C:\Users\ciast\.stmcufinder\plugins\mcufinder//mcu/
2024-02-22 15:08:14,579 [INFO] DbMcusAds:125 - Set database path to: C:\Users\ciast\.stmcufinder\plugins\mcufinder//mcu/
2024-02-22 15:08:14,583 [INFO] CrossReferenceDbSqlite:203 - Set database path to: C:\Users\ciast\.stmcufinder\plugins\mcufinder//mcu/cs/
2024-02-22 15:08:14,816 [INFO] RulesReader:64 - Compatibility file has been processed (297 Rules)
2024-02-22 15:08:15,005 [INFO] DbMcusXml:78 - Set database path to: C:\STM32\program\STM32CubeIDE_1.14.0\STM32CubeIDE\plugins\com.st.stm32cube.common.mx_6.10.0.202311202037\\db\/mcu/
2024-02-22 15:08:15,005 [INFO] ApiDb:274 - Set plugin database path to: C:\STM32\program\STM32CubeIDE_1.14.0\STM32CubeIDE\plugins\com.st.stm32cube.common.mx_6.10.0.202311202037\\db\/plugins/boardmanager/
2024-02-22 15:08:15,006 [INFO] ApiDb:261 - Set plugin images path to: C:\STM32\program\STM32CubeIDE_1.14.0\STM32CubeIDE\plugins\com.st.stm32cube.common.mx_6.10.0.202311202037\\db\/plugins/mcufinder/images/
2024-02-22 15:08:15,006 [WARN] DbFile:41 - Overriding database path with different value: C:\Users\ciast\.stmcufinder\plugins\mcufinder/ => C:\Users\ciast\.stmcufinder\plugins\mcufinder
2024-02-22 15:08:15,006 [INFO] ApiDb:250 - Set database path to: C:\Users\ciast\.stmcufinder\plugins\mcufinder//mcu/
2024-02-22 15:08:15,006 [WARN] DbFile:41 - Overriding database path with different value: C:\Users\ciast\.stmcufinder\plugins\mcufinder/ => C:\Users\ciast\.stmcufinder\plugins\mcufinder
2024-02-22 15:08:15,006 [INFO] DbMcusAds:125 - Set database path to: C:\Users\ciast\.stmcufinder\plugins\mcufinder//mcu/
2024-02-22 15:08:15,007 [WARN] DbFile:41 - Overriding database path with different value: C:\Users\ciast\.stmcufinder\plugins\mcufinder/ => C:\Users\ciast\.stmcufinder\plugins\mcufinder
2024-02-22 15:08:15,007 [WARN] DbFile:41 - Overriding database path with different value: C:\Users\ciast\.stmcufinder\plugins\mcufinder/ => C:\Users\ciast\.stmcufinder\plugins\mcufinder
2024-02-22 15:08:15,007 [INFO] CrossReferenceDbSqlite:203 - Set database path to: C:\Users\ciast\.stmcufinder\plugins\mcufinder//mcu/cs/
2024-02-22 15:08:15,129 [INFO] MainPanel:264 - HeapMemory: 268435456
2024-02-22 15:08:15,262 [INFO] DbMcusXml:78 - Set database path to: C:\STM32\program\STM32CubeIDE_1.14.0\STM32CubeIDE\plugins\com.st.stm32cube.common.mx_6.10.0.202311202037\\db\/mcu/
2024-02-22 15:08:15,263 [INFO] ApiDb:274 - Set plugin database path to: C:\STM32\program\STM32CubeIDE_1.14.0\STM32CubeIDE\plugins\com.st.stm32cube.common.mx_6.10.0.202311202037\\db\/plugins/boardmanager/
2024-02-22 15:08:15,263 [INFO] ApiDb:261 - Set plugin images path to: C:\STM32\program\STM32CubeIDE_1.14.0\STM32CubeIDE\plugins\com.st.stm32cube.common.mx_6.10.0.202311202037\\db\/plugins/mcufinder/images/
2024-02-22 15:08:15,263 [WARN] DbFile:41 - Overriding database path with different value: C:\Users\ciast\.stmcufinder\plugins\mcufinder/ => C:\Users\ciast\.stmcufinder\plugins\mcufinder
2024-02-22 15:08:15,263 [INFO] ApiDb:250 - Set database path to: C:\Users\ciast\.stmcufinder\plugins\mcufinder//mcu/
2024-02-22 15:08:15,263 [WARN] DbFile:41 - Overriding database path with different value: C:\Users\ciast\.stmcufinder\plugins\mcufinder/ => C:\Users\ciast\.stmcufinder\plugins\mcufinder
2024-02-22 15:08:15,264 [INFO] DbMcusAds:125 - Set database path to: C:\Users\ciast\.stmcufinder\plugins\mcufinder//mcu/
2024-02-22 15:08:15,264 [WARN] DbFile:41 - Overriding database path with different value: C:\Users\ciast\.stmcufinder\plugins\mcufinder/ => C:\Users\ciast\.stmcufinder\plugins\mcufinder
2024-02-22 15:08:15,264 [WARN] DbFile:41 - Overriding database path with different value: C:\Users\ciast\.stmcufinder\plugins\mcufinder/ => C:\Users\ciast\.stmcufinder\plugins\mcufinder
2024-02-22 15:08:15,264 [INFO] CrossReferenceDbSqlite:203 - Set database path to: C:\Users\ciast\.stmcufinder\plugins\mcufinder//mcu/cs/
2024-02-22 15:08:15,294 [INFO] ApplicationProperties:184 - Using Application install path: C:\STM32\program\STM32CubeIDE_1.14.0\STM32CubeIDE\plugins\com.st.stm32cube.common.mx_6.10.0.202311202037
2024-02-22 15:08:15,296 [INFO] PluginManage:196 - Search for loadable plugins [exclusion list=, ]
2024-02-22 15:08:15,299 [INFO] PluginManage:310 - Check plugin analytics
2024-02-22 15:08:31,212 [INFO] AnalyticsPlugin:253 - Accepted Software Licenses: 
2024-02-22 15:08:31,213 [INFO] AnalyticsPlugin:255 - Accepted CMSIS Pack Licenses: 
2024-02-22 15:08:31,213 [INFO] AnalyticsPlugin:257 - Accepted Firmware Licenses: FW.L4.1.18.0
2024-02-22 15:08:31,217 [INFO] PluginManage:359 - Loaded plugin analytics (category:tool,tabindex:-1)
2024-02-22 15:08:31,218 [INFO] PluginManage:310 - Check plugin cadmodel
2024-02-22 15:08:31,240 [INFO] CADModel:105 - Init CAD model plugin
2024-02-22 15:08:31,240 [INFO] PluginManage:359 - Loaded plugin cadmodel (category:power,tabindex:5)
2024-02-22 15:08:31,240 [INFO] PluginManage:310 - Check plugin clock
2024-02-22 15:08:31,268 [INFO] PluginManage:359 - Loaded plugin clock (category:base,tabindex:2)
2024-02-22 15:08:31,268 [INFO] PluginManage:310 - Check plugin ddr
2024-02-22 15:08:31,271 [INFO] PluginManage:359 - Loaded plugin ddr (category:tool,tabindex:6)
2024-02-22 15:08:31,272 [INFO] PluginManage:310 - Check plugin filemanager
2024-02-22 15:08:31,510 [INFO] PluginManage:359 - Loaded plugin filemanager (category:base,tabindex:10)
2024-02-22 15:08:31,510 [INFO] PluginManage:310 - Check plugin ipmanager
2024-02-22 15:08:31,522 [INFO] PluginManage:359 - Loaded plugin ipmanager (category:base,tabindex:5)
2024-02-22 15:08:31,522 [INFO] PluginManage:310 - Check plugin lpbam
2024-02-22 15:08:31,549 [INFO] PluginManage:359 - Loaded plugin lpbam (category:base,tabindex:0)
2024-02-22 15:08:31,550 [INFO] PluginManage:310 - Check plugin memorymap
2024-02-22 15:08:31,584 [INFO] PluginManage:359 - Loaded plugin memorymap (category:base,tabindex:4)
2024-02-22 15:08:31,584 [INFO] PluginManage:310 - Check plugin pinoutandconfiguration
2024-02-22 15:08:31,610 [INFO] PluginManage:359 - Loaded plugin pinoutandconfiguration (category:base,tabindex:1)
2024-02-22 15:08:31,610 [INFO] PluginManage:310 - Check plugin pinoutconfig
2024-02-22 15:08:31,775 [WARN] SupportedApi:132 - Cannot load RTOS API schema: s4s-elt-must-match.1: The content of 'definitions' must match (annotation?, (simpleType | complexType)?, (unique | key | keyref)*)). A problem was found starting at: attribute.
2024-02-22 15:08:32,010 [INFO] PluginManage:359 - Loaded plugin pinoutconfig (category:base,tabindex:0)
2024-02-22 15:08:32,011 [INFO] PluginManage:310 - Check plugin power
2024-02-22 15:08:32,058 [INFO] PluginManage:359 - Loaded plugin power (category:power,tabindex:4)
2024-02-22 15:08:32,059 [INFO] PluginManage:310 - Check plugin projectmanager
2024-02-22 15:08:32,097 [INFO] PluginManage:359 - Loaded plugin projectmanager (category:projectmanager,tabindex:3)
2024-02-22 15:08:32,098 [INFO] PluginManage:310 - Check plugin thirdparty
2024-02-22 15:08:32,769 [INFO] PluginManage:359 - Loaded plugin thirdparty (category:base,tabindex:-1)
2024-02-22 15:08:32,769 [WARN] IntegrityCheckThread:84 - waiting for thirdparty lock release [integrity check]
2024-02-22 15:08:32,769 [INFO] PluginManage:310 - Check plugin tools
2024-02-22 15:08:32,769 [INFO] IntegrityCheckThread:86 - entering critical section [integrity check]
2024-02-22 15:08:32,770 [INFO] ThirdPartyUpdaterWithRetryManager:70 - Updater plugin not ready yet. [1/15]
2024-02-22 15:08:32,844 [INFO] PluginManage:359 - Loaded plugin tools (category:base,tabindex:7)
2024-02-22 15:08:32,844 [INFO] PluginManage:310 - Check plugin tutovideos
2024-02-22 15:08:33,241 [INFO] PluginManage:359 - Loaded plugin tutovideos (category:base,tabindex:-1)
2024-02-22 15:08:33,242 [INFO] PluginManage:310 - Check plugin updater
2024-02-22 15:08:33,260 [INFO] PluginManage:359 - Loaded plugin updater (category:base,tabindex:12)
2024-02-22 15:08:33,261 [INFO] PluginManage:310 - Check plugin userauth
2024-02-22 15:08:33,269 [INFO] UserAuth:114 - Init User Auth plugin
2024-02-22 15:08:33,269 [INFO] PluginManage:359 - Loaded plugin userauth (category:base,tabindex:14)
2024-02-22 15:08:33,270 [INFO] PluginManage:283 - PluginManage : Loaded plugins [17]
2024-02-22 15:08:33,692 [INFO] PinOutPanel:1499 - setPackage(No Configuration,No Configuration)
2024-02-22 15:08:33,862 [INFO] CADModel:165 - CPN selected for project level
2024-02-22 15:08:33,862 [INFO] CADModel:114 - Register for checkConnection events
2024-02-22 15:08:33,906 [INFO] IPUIPlugin:80 - create IPUIPlugin
2024-02-22 15:08:33,906 [INFO] PluginManager:220 - loadIPPluginJar : add adc
2024-02-22 15:08:33,968 [INFO] IPUIPlugin:80 - create IPUIPlugin
2024-02-22 15:08:33,968 [INFO] PluginManager:220 - loadIPPluginJar : add aes
2024-02-22 15:08:34,033 [INFO] IPUIPlugin:80 - create IPUIPlugin
2024-02-22 15:08:34,033 [INFO] PluginManager:220 - loadIPPluginJar : add can
2024-02-22 15:08:34,076 [INFO] IPUIPlugin:80 - create IPUIPlugin
2024-02-22 15:08:34,077 [INFO] PluginManager:220 - loadIPPluginJar : add comp
2024-02-22 15:08:34,134 [INFO] IPUIPlugin:80 - create IPUIPlugin
2024-02-22 15:08:34,134 [INFO] PluginManager:220 - loadIPPluginJar : add cryp
2024-02-22 15:08:34,183 [INFO] IPUIPlugin:80 - create IPUIPlugin
2024-02-22 15:08:34,183 [INFO] PluginManager:220 - loadIPPluginJar : add dfsdm
2024-02-22 15:08:34,215 [INFO] IPUIPlugin:80 - create IPUIPlugin
2024-02-22 15:08:34,217 [INFO] PluginManager:220 - loadIPPluginJar : add dma
2024-02-22 15:08:34,332 [INFO] IPUIPlugin:80 - create IPUIPlugin
2024-02-22 15:08:34,332 [INFO] PluginManager:220 - loadIPPluginJar : add dma3
2024-02-22 15:08:34,374 [INFO] IPUIPlugin:80 - create IPUIPlugin
2024-02-22 15:08:34,374 [INFO] PluginManager:220 - loadIPPluginJar : add fatfs
2024-02-22 15:08:34,446 [INFO] IPUIPlugin:80 - create IPUIPlugin
2024-02-22 15:08:34,447 [INFO] PluginManager:220 - loadIPPluginJar : add fmc
2024-02-22 15:08:34,468 [INFO] IPUIPlugin:80 - create IPUIPlugin
2024-02-22 15:08:34,469 [INFO] PluginManager:220 - loadIPPluginJar : add freertos
2024-02-22 15:08:34,498 [INFO] IPUIPlugin:80 - create IPUIPlugin
2024-02-22 15:08:34,498 [INFO] PluginManager:220 - loadIPPluginJar : add genericplugin
2024-02-22 15:08:34,621 [INFO] IPUIPlugin:80 - create IPUIPlugin
2024-02-22 15:08:34,621 [INFO] PluginManager:220 - loadIPPluginJar : add gfxmmu
2024-02-22 15:08:34,799 [INFO] IPUIPlugin:80 - create IPUIPlugin
2024-02-22 15:08:34,799 [INFO] PluginManager:220 - loadIPPluginJar : add gic
2024-02-22 15:08:34,815 [INFO] IPUIPlugin:80 - create IPUIPlugin
2024-02-22 15:08:34,815 [INFO] PluginManager:220 - loadIPPluginJar : add gpio
2024-02-22 15:08:34,942 [INFO] IPUIPlugin:80 - create IPUIPlugin
2024-02-22 15:08:34,942 [INFO] PluginManager:220 - loadIPPluginJar : add gtzc
2024-02-22 15:08:34,989 [INFO] IPUIPlugin:80 - create IPUIPlugin
2024-02-22 15:08:34,989 [INFO] PluginManager:220 - loadIPPluginJar : add hash
2024-02-22 15:08:35,066 [INFO] IPUIPlugin:80 - create IPUIPlugin
2024-02-22 15:08:35,066 [INFO] PluginManager:220 - loadIPPluginJar : add i2c
2024-02-22 15:08:35,120 [INFO] IPUIPlugin:80 - create IPUIPlugin
2024-02-22 15:08:35,120 [INFO] PluginManager:220 - loadIPPluginJar : add i2s
2024-02-22 15:08:35,177 [INFO] IPUIPlugin:80 - create IPUIPlugin
2024-02-22 15:08:35,177 [INFO] PluginManager:220 - loadIPPluginJar : add i3c
2024-02-22 15:08:35,301 [INFO] IPUIPlugin:80 - create IPUIPlugin
2024-02-22 15:08:35,302 [INFO] PluginManager:220 - loadIPPluginJar : add ipddr
2024-02-22 15:08:35,417 [INFO] IPUIPlugin:80 - create IPUIPlugin
2024-02-22 15:08:35,418 [INFO] PluginManager:220 - loadIPPluginJar : add linkedlist
2024-02-22 15:08:35,472 [INFO] IPUIPlugin:80 - create IPUIPlugin
2024-02-22 15:08:35,472 [INFO] PluginManager:220 - loadIPPluginJar : add lorawan
2024-02-22 15:08:35,518 [INFO] IPUIPlugin:80 - create IPUIPlugin
2024-02-22 15:08:35,519 [INFO] PluginManager:220 - loadIPPluginJar : add ltdc
2024-02-22 15:08:35,538 [INFO] IPUIPlugin:80 - create IPUIPlugin
2024-02-22 15:08:35,538 [INFO] PluginManager:220 - loadIPPluginJar : add mdma
2024-02-22 15:08:35,553 [INFO] IPUIPlugin:80 - create IPUIPlugin
2024-02-22 15:08:35,553 [INFO] PluginManager:220 - loadIPPluginJar : add nvic
2024-02-22 15:08:35,595 [INFO] IPUIPlugin:80 - create IPUIPlugin
2024-02-22 15:08:35,595 [INFO] PluginManager:220 - loadIPPluginJar : add opamp
2024-02-22 15:08:35,680 [INFO] IPUIPlugin:80 - create IPUIPlugin
2024-02-22 15:08:35,680 [INFO] PluginManager:220 - loadIPPluginJar : add openamp
2024-02-22 15:08:35,746 [INFO] IPUIPlugin:80 - create IPUIPlugin
2024-02-22 15:08:35,747 [INFO] PluginManager:220 - loadIPPluginJar : add pdm2pcm
2024-02-22 15:08:35,776 [INFO] IPUIPlugin:80 - create IPUIPlugin
2024-02-22 15:08:35,782 [INFO] PluginManager:220 - loadIPPluginJar : add plateformsettings
2024-02-22 15:08:35,783 [INFO] ThirdPartyUpdaterWithRetryManager:70 - Updater plugin not ready yet. [2/15]
2024-02-22 15:08:35,824 [INFO] IPUIPlugin:80 - create IPUIPlugin
2024-02-22 15:08:35,824 [INFO] PluginManager:220 - loadIPPluginJar : add quadspi
2024-02-22 15:08:35,846 [INFO] IPUIPlugin:80 - create IPUIPlugin
2024-02-22 15:08:35,846 [INFO] PluginManager:220 - loadIPPluginJar : add resmgrutility
2024-02-22 15:08:35,927 [INFO] IPUIPlugin:80 - create IPUIPlugin
2024-02-22 15:08:35,927 [INFO] PluginManager:220 - loadIPPluginJar : add sai
2024-02-22 15:08:35,979 [INFO] IPUIPlugin:80 - create IPUIPlugin
2024-02-22 15:08:35,980 [INFO] PluginManager:220 - loadIPPluginJar : add spi
2024-02-22 15:08:36,087 [INFO] IPUIPlugin:80 - create IPUIPlugin
2024-02-22 15:08:36,087 [INFO] PluginManager:220 - loadIPPluginJar : add stm32_wpan
2024-02-22 15:08:36,118 [INFO] IPUIPlugin:80 - create IPUIPlugin
2024-02-22 15:08:36,119 [INFO] PluginManager:220 - loadIPPluginJar : add tim
2024-02-22 15:08:36,188 [INFO] IPUIPlugin:80 - create IPUIPlugin
2024-02-22 15:08:36,189 [INFO] PluginManager:220 - loadIPPluginJar : add touchsensing
2024-02-22 15:08:36,220 [INFO] IPUIPlugin:80 - create IPUIPlugin
2024-02-22 15:08:36,220 [INFO] PluginManager:220 - loadIPPluginJar : add tracer_emb
2024-02-22 15:08:36,250 [INFO] IPUIPlugin:80 - create IPUIPlugin
2024-02-22 15:08:36,250 [INFO] PluginManager:220 - loadIPPluginJar : add ts
2024-02-22 15:08:36,279 [INFO] IPUIPlugin:80 - create IPUIPlugin
2024-02-22 15:08:36,280 [INFO] PluginManager:220 - loadIPPluginJar : add tsc
2024-02-22 15:08:36,311 [INFO] IPUIPlugin:80 - create IPUIPlugin
2024-02-22 15:08:36,311 [INFO] PluginManager:220 - loadIPPluginJar : add ucpd
2024-02-22 15:08:36,368 [INFO] IPUIPlugin:80 - create IPUIPlugin
2024-02-22 15:08:36,369 [INFO] PluginManager:220 - loadIPPluginJar : add usart
2024-02-22 15:08:36,424 [INFO] IPUIPlugin:80 - create IPUIPlugin
2024-02-22 15:08:36,424 [INFO] PluginManager:220 - loadIPPluginJar : add usbx
2024-02-22 15:08:36,575 [INFO] CADModel:165 - CPN selected for project level
2024-02-22 15:08:36,576 [INFO] CADModel:114 - Register for checkConnection events
2024-02-22 15:08:36,576 [FATAL] Updater:308 - Updater called before beeing initialized
2024-02-22 15:08:36,576 [ERROR] CADModel:125 - Updater not yet initialized, retry later 
2024-02-22 15:08:36,789 [INFO] CADModel:165 - CPN selected for project level
2024-02-22 15:08:36,789 [INFO] CADModel:114 - Register for checkConnection events
2024-02-22 15:08:36,789 [FATAL] Updater:308 - Updater called before beeing initialized
2024-02-22 15:08:36,789 [ERROR] CADModel:125 - Updater not yet initialized, retry later 
2024-02-22 15:08:36,795 [FATAL] Updater:308 - Updater called before beeing initialized
2024-02-22 15:08:37,062 [FATAL] Updater:308 - Updater called before beeing initialized
2024-02-22 15:08:37,075 [INFO] DbMcusAds:53 - JSON generation date=Wed Nov 29 11:52:27 CET 2023 (1701255147200)
2024-02-22 15:08:37,075 [FATAL] Updater:308 - Updater called before beeing initialized
2024-02-22 15:08:37,161 [WARN] DetailPanel:346 - Failed to get advertising image, set to default
2024-02-22 15:08:37,294 [FATAL] Updater:308 - Updater called before beeing initialized
2024-02-22 15:08:37,297 [FATAL] Updater:308 - Updater called before beeing initialized
2024-02-22 15:08:37,297 [FATAL] Updater:308 - Updater called before beeing initialized
2024-02-22 15:08:37,297 [WARN] DetailPanel:346 - Failed to get advertising image, set to default
2024-02-22 15:08:37,299 [FATAL] Updater:308 - Updater called before beeing initialized
2024-02-22 15:08:37,421 [ERROR] Updater:1120 - MainUpdater not yet initialized. External WinMGr cannot be set.
2024-02-22 15:08:37,441 [INFO] Updater:1056 - Updater Version found : 6.10.0
2024-02-22 15:08:37,470 [INFO] ApplicationProperties:184 - Using Application install path: C:\STM32\program\STM32CubeIDE_1.14.0\STM32CubeIDE\plugins\com.st.stm32cube.common.mx_6.10.0.202311202037
2024-02-22 15:08:38,798 [INFO] ThirdPartyUpdaterWithRetryManager:70 - Updater plugin not ready yet. [3/15]
2024-02-22 15:08:39,134 [ERROR] LogOutputStream:75 - [STDERR_REDIRECT] Feb 22, 2024 3:08:39 PM java.util.prefs.WindowsPreferences <init>
2024-02-22 15:08:39,136 [ERROR] LogOutputStream:75 - [STDERR_REDIRECT] WARNING: Could not open/create prefs root node Software\JavaSoft\Prefs at root 0xffffffff80000002. Windows RegCreateKeyEx(...) returned error code 5.
2024-02-22 15:08:39,136 [ERROR] LogOutputStream:75 - [STDERR_REDIRECT] 
2024-02-22 15:08:39,761 [INFO] MainUpdater:2873 - connection check result : 10
2024-02-22 15:08:39,761 [INFO] MainUpdater:3567 - Updater definition file requires update
2024-02-22 15:08:39,763 [INFO] MainUpdater:290 - Updater Check For Update Now.
2024-02-22 15:08:39,763 [INFO] MicroXplorer:498 - Change Database Version : DB.6.0.100
2024-02-22 15:08:39,784 [INFO] McuFinderGlobals:63 - Set McuFinder mode to 2 (CubeIDE integrated)
2024-02-22 15:08:40,059 [INFO] ServerAccessManage:473 - Download File updaters.zip
2024-02-22 15:08:40,337 [INFO] FileExtend:240 - Unzip File : updaters.zip
2024-02-22 15:08:40,337 [INFO] FileExtend:255 - Standard Zip Deflate
2024-02-22 15:08:40,423 [INFO] UserAuth:404 - Internet connection configuration mode: 1
2024-02-22 15:08:40,518 [INFO] JxBrowserEngine:152 - Initiate JxBrowser Engine with user profile folder
2024-02-22 15:08:41,401 [INFO] ServerAccessManage:473 - Download File PacksControlFlags.xml
2024-02-22 15:08:41,704 [INFO] ServerAccessManage:473 - Download File cubemx.pidx
2024-02-22 15:08:41,814 [WARN] MainUpdater:1194 - Updater busy. Cannot search thirdparties
2024-02-22 15:08:41,815 [INFO] ThirdPartyUpdaterWithRetryManager:96 - Updater plugin is busy. [1/15]
2024-02-22 15:08:41,972 [INFO] LoadServerUpdatesThread:375 - End of LoadServerUpdate Thread
2024-02-22 15:08:42,275 [INFO] CheckServerUpdateThread:120 - End of CheckServer Thread
2024-02-22 15:08:45,330 [INFO] WebApp:161 - Instantiating new browser for Auth
2024-02-22 15:08:45,455 [WARN] PackLoader:240 - Cannot read IP mode file for STMicroelectronics.X-CUBE-SMBUS.2.1.0
2024-02-22 15:08:45,490 [WARN] PackLoader:240 - Cannot read IP mode file for STMicroelectronics.X-CUBE-TOUCHGFX.4.23.0
2024-02-22 15:08:45,612 [WARN] PackLoader:240 - Cannot read IP mode file for STMicroelectronics.X-CUBE-AZRTOS-F7.1.1.0
2024-02-22 15:08:45,688 [WARN] PackLoader:240 - Cannot read IP mode file for STMicroelectronics.FP-SNS-MOTENV1.4.3.2
2024-02-22 15:08:45,753 [WARN] PackLoader:240 - Cannot read IP mode file for STMicroelectronics.FP-SNS-FLIGHT1.5.0.2
2024-02-22 15:08:45,821 [WARN] PackLoader:240 - Cannot read IP mode file for STMicroelectronics.X-CUBE-DISPLAY.3.0.0
2024-02-22 15:08:45,869 [WARN] PackLoader:240 - Cannot read IP mode file for STMicroelectronics.X-CUBE-BLE1.7.0.0
2024-02-22 15:08:45,900 [WARN] PackLoader:240 - Cannot read IP mode file for emotas.I-CUBE-CANOPEN.1.3.0
2024-02-22 15:08:45,932 [WARN] PackLoader:240 - Cannot read IP mode file for STMicroelectronics.FP-SNS-SMARTAG2.1.2.0
2024-02-22 15:08:45,979 [INFO] LogOutputStream:77 - [STDOUT_REDIRECT] 1 : Invalid condition id : UX_CORESTACK_Condition cause : null
2024-02-22 15:08:45,981 [INFO] LogOutputStream:77 - [STDOUT_REDIRECT] 1 : Invalid condition id : UX_CORESTACK_Condition cause : null
2024-02-22 15:08:45,984 [INFO] LogOutputStream:77 - [STDOUT_REDIRECT] 1 : Invalid condition id : UX_CORESTACK_Condition cause : null
2024-02-22 15:08:45,987 [INFO] LogOutputStream:77 - [STDOUT_REDIRECT] 1 : Invalid condition id : UX_CORESTACK_Condition cause : null
2024-02-22 15:08:45,990 [INFO] LogOutputStream:77 - [STDOUT_REDIRECT] 1 : Invalid condition id : UX_CORESTACK_Condition cause : null
2024-02-22 15:08:46,001 [WARN] PackLoader:240 - Cannot read IP mode file for STMicroelectronics.X-CUBE-AZRTOS-WL.2.0.0
2024-02-22 15:08:46,038 [WARN] PackLoader:240 - Cannot read IP mode file for WES.I-CUBE-Cesium.1.3.0
2024-02-22 15:08:46,068 [WARN] PackLoader:240 - Cannot read IP mode file for STMicroelectronics.X-CUBE-BLE2.3.3.0
2024-02-22 15:08:46,101 [WARN] PackLoader:240 - Cannot read IP mode file for STMicroelectronics.X-CUBE-ALGOBUILD.1.3.0
2024-02-22 15:08:46,192 [WARN] PackLoader:240 - Cannot read IP mode file for STMicroelectronics.X-CUBE-AZRTOS-G0.1.1.0
2024-02-22 15:08:46,250 [WARN] PackLoader:240 - Cannot read IP mode file for STMicroelectronics.X-CUBE-NFC4.3.0.0
2024-02-22 15:08:46,311 [WARN] PackLoader:240 - Cannot read IP mode file for STMicroelectronics.X-CUBE-BLEMGR.3.0.0
2024-02-22 15:08:46,349 [WARN] PackLoader:240 - Cannot read IP mode file for STMicroelectronics.FP-ATR-SIGFOX1.3.2.0
2024-02-22 15:08:46,379 [WARN] PackLoader:240 - Cannot read IP mode file for STMicroelectronics.X-CUBE-EEPRMA1.5.1.0
2024-02-22 15:08:46,536 [WARN] PackLoader:240 - Cannot read IP mode file for SEGGER.I-CUBE-embOS.1.3.1
2024-02-22 15:08:46,666 [WARN] PackLoader:240 - Cannot read IP mode file for STMicroelectronics.X-CUBE-GNSS1.6.0.0
2024-02-22 15:08:46,731 [WARN] PackLoader:240 - Cannot read IP mode file for STMicroelectronics.X-CUBE-AZRTOS-F4.1.1.0
2024-02-22 15:08:46,770 [WARN] PackLoader:240 - Cannot read IP mode file for wolfSSL.I-CUBE-wolfSSL.5.6.6
2024-02-22 15:08:46,849 [WARN] PackLoader:240 - Cannot read IP mode file for STMicroelectronics.X-CUBE-AZRTOS-L5.2.0.0
2024-02-22 15:08:46,870 [INFO] WebApp:780 - Register for checkConnection events
2024-02-22 15:08:46,870 [INFO] WebApp:414 - Apply proxy settings
2024-02-22 15:08:46,871 [INFO] WebApp:499 - Chromium requires no authentication
2024-02-22 15:08:46,880 [WARN] PackLoader:240 - Cannot read IP mode file for STMicroelectronics.X-CUBE-EEPRMA1.4.2.0
2024-02-22 15:08:46,890 [INFO] WebApp:442 - Direct internet connection detected
2024-02-22 15:08:46,911 [WARN] PackLoader:240 - Cannot read IP mode file for ITTIA_DB.I-CUBE-ITTIADB.8.8.0
2024-02-22 15:08:46,939 [WARN] PackLoader:240 - Cannot read IP mode file for STMicroelectronics.X-CUBE-NFC7.1.0.1
2024-02-22 15:08:46,971 [WARN] PackLoader:240 - Cannot read IP mode file for STMicroelectronics.X-CUBE-NFC6.3.0.0
2024-02-22 15:08:46,999 [WARN] PackLoader:240 - Cannot read IP mode file for STMicroelectronics.X-CUBE-AI.8.1.0
2024-02-22 15:08:47,063 [WARN] ConditionMgr:438 - getConditionDescription Invalid condition id : LAN8742 Phy interface Condition cause : null
2024-02-22 15:08:47,064 [WARN] PackLoader:240 - Cannot read IP mode file for STMicroelectronics.X-CUBE-AZRTOS-L4.2.0.0
2024-02-22 15:08:47,067 [WARN] ConditionMgr:1039 - genDependencies : Invalid condition id : LAN8742 Phy interface Condition cause : null
2024-02-22 15:08:47,068 [WARN] ConditionMgr:1039 - genDependencies : Invalid condition id : LAN8742 Phy interface Condition cause : null
2024-02-22 15:08:47,069 [WARN] ConditionMgr:1039 - genDependencies : Invalid condition id : LAN8742 Phy interface Condition cause : null
2024-02-22 15:08:47,098 [WARN] PackLoader:240 - Cannot read IP mode file for STMicroelectronics.X-CUBE-SFXS2LP1.4.0.0
2024-02-22 15:08:47,156 [WARN] ConditionMgr:438 - getConditionDescription Invalid condition id : UX DEVICE CLASS RTOS Condition cause : null
2024-02-22 15:08:47,157 [WARN] ConditionMgr:438 - getConditionDescription Invalid condition id : UX DEVICE CLASS RTOS Condition cause : null
2024-02-22 15:08:47,162 [WARN] PackLoader:240 - Cannot read IP mode file for STMicroelectronics.X-CUBE-AZRTOS-WB.2.0.0
2024-02-22 15:08:47,163 [WARN] ConditionMgr:1039 - genDependencies : Invalid condition id : UX DEVICE CLASS RTOS Condition cause : null
2024-02-22 15:08:47,163 [WARN] ConditionMgr:1039 - genDependencies : Invalid condition id : UX DEVICE CLASS RTOS Condition cause : null
2024-02-22 15:08:47,164 [WARN] ConditionMgr:1039 - genDependencies : Invalid condition id : UX DEVICE CLASS RTOS Condition cause : null
2024-02-22 15:08:47,165 [WARN] ConditionMgr:1039 - genDependencies : Invalid condition id : UX DEVICE CLASS RTOS Condition cause : null
2024-02-22 15:08:47,166 [WARN] ConditionMgr:1039 - genDependencies : Invalid condition id : UX DEVICE CLASS RTOS Condition cause : null
2024-02-22 15:08:47,208 [WARN] PackLoader:240 - Cannot read IP mode file for STMicroelectronics.X-CUBE-SUBG2.5.0.0
2024-02-22 15:08:47,272 [WARN] PackLoader:240 - Cannot read IP mode file for STMicroelectronics.X-CUBE-AZRTOS-G4.2.0.0
2024-02-22 15:08:47,305 [INFO] WebApp:192 - Starting web application
2024-02-22 15:08:47,306 [INFO] WebApp:544 - Web application path used C:\STM32\program\STM32CubeIDE_1.14.0\STM32CubeIDE\plugins\com.st.stm32cube.common.mx_6.10.0.202311202037\db\plugins\mcufinder\reactClient1\index.html
2024-02-22 15:08:47,319 [WARN] PackLoader:240 - Cannot read IP mode file for Infineon.AIROC-Wi-Fi-Bluetooth-STM32.1.5.1
2024-02-22 15:08:47,357 [WARN] PackLoader:240 - Cannot read IP mode file for STMicroelectronics.FP-SNS-MOTENVWB1.1.3.1
2024-02-22 15:08:47,392 [WARN] PackLoader:240 - Cannot read IP mode file for STMicroelectronics.X-CUBE-ISPU.2.0.0
2024-02-22 15:08:47,518 [WARN] PackLoader:240 - Cannot read IP mode file for STMicroelectronics.X-CUBE-MEMS1.10.0.0
2024-02-22 15:08:47,913 [WARN] PackLoader:240 - Cannot read IP mode file for STMicroelectronics.X-CUBE-FREERTOS.1.1.0
2024-02-22 15:08:47,943 [WARN] PackLoader:240 - Cannot read IP mode file for portGmbH.I-Cube-SoM-uGOAL.1.1.0
2024-02-22 15:08:47,967 [WARN] PackLoader:240 - Cannot read IP mode file for STMicroelectronics.X-CUBE-ALS.1.0.1
2024-02-22 15:08:47,994 [WARN] PackLoader:240 - Cannot read IP mode file for STMicroelectronics.FP-ATR-ASTRA1.2.0.0
2024-02-22 15:08:48,036 [WARN] PackLoader:240 - Cannot read IP mode file for STMicroelectronics.X-CUBE-TOF1.3.4.0
2024-02-22 15:08:48,163 [WARN] PackLoader:240 - Cannot read IP mode file for STMicroelectronics.X-CUBE-AZRTOS-H7.3.2.0
2024-02-22 15:08:48,176 [INFO] ThirdParty:978 - Integrity check success = true
2024-02-22 15:08:48,176 [INFO] IntegrityCheckThread:100 - exiting critical section [integrity check]
2024-02-22 15:08:48,177 [INFO] IntegrityCheckThread:103 - End integrity checks thread
2024-02-22 15:09:08,950 [ERROR] LogOutputStream:75 - [STDERR_REDIRECT] SLF4J: Failed to load class "org.slf4j.impl.StaticLoggerBinder".
2024-02-22 15:09:08,951 [ERROR] LogOutputStream:75 - [STDERR_REDIRECT] SLF4J: Defaulting to no-operation (NOP) logger implementation
2024-02-22 15:09:08,953 [ERROR] LogOutputStream:75 - [STDERR_REDIRECT] SLF4J: See http://www.slf4j.org/codes.html#StaticLoggerBinder for further details.
2024-02-22 15:28:24,652 [INFO] WebApp:354 - JxBrowser engine has been closed 
2024-02-22 17:21:36,349 [INFO] Activator:176 - 


2024-02-22 17:21:36,354 [INFO] Activator:177 - !SESSION log4j initialized
2024-02-22 17:21:46,130 [INFO] LogOutputStream:77 - [STDOUT_REDIRECT] 
2024-02-22 17:21:52,097 [INFO] ApplicationProperties:184 - Using Application install path: C:\STM32\program\STM32CubeIDE_1.14.0\STM32CubeIDE\plugins\com.st.stm32cube.common.mx_6.10.0.202311202037
2024-02-22 17:21:52,120 [INFO] DbMcusXml:78 - Set database path to: C:\STM32\program\STM32CubeIDE_1.14.0\STM32CubeIDE\plugins\com.st.stm32cube.common.mx_6.10.0.202311202037\\db\/mcu/
2024-02-22 17:21:52,121 [INFO] ApiDb:274 - Set plugin database path to: C:\STM32\program\STM32CubeIDE_1.14.0\STM32CubeIDE\plugins\com.st.stm32cube.common.mx_6.10.0.202311202037\\db\/plugins/boardmanager/
2024-02-22 17:21:52,121 [WARN] ApiDb:259 - Overriding images path with different value:  => C:\STM32\program\STM32CubeIDE_1.14.0\STM32CubeIDE\plugins\com.st.stm32cube.common.mx_6.10.0.202311202037\\db\/plugins/mcufinder/images/
2024-02-22 17:21:52,200 [INFO] ApiDb:250 - Set database path to: C:\Users\ciast\.stmcufinder\plugins\mcufinder//mcu/
2024-02-22 17:21:52,202 [INFO] DbMcusAds:125 - Set database path to: C:\Users\ciast\.stmcufinder\plugins\mcufinder//mcu/
2024-02-22 17:21:52,204 [INFO] CrossReferenceDbSqlite:203 - Set database path to: C:\Users\ciast\.stmcufinder\plugins\mcufinder//mcu/cs/
2024-02-22 17:21:52,358 [INFO] RulesReader:64 - Compatibility file has been processed (297 Rules)
2024-02-22 17:21:52,478 [INFO] DbMcusXml:78 - Set database path to: C:\STM32\program\STM32CubeIDE_1.14.0\STM32CubeIDE\plugins\com.st.stm32cube.common.mx_6.10.0.202311202037\\db\/mcu/
2024-02-22 17:21:52,478 [INFO] ApiDb:274 - Set plugin database path to: C:\STM32\program\STM32CubeIDE_1.14.0\STM32CubeIDE\plugins\com.st.stm32cube.common.mx_6.10.0.202311202037\\db\/plugins/boardmanager/
2024-02-22 17:21:52,478 [INFO] ApiDb:261 - Set plugin images path to: C:\STM32\program\STM32CubeIDE_1.14.0\STM32CubeIDE\plugins\com.st.stm32cube.common.mx_6.10.0.202311202037\\db\/plugins/mcufinder/images/
2024-02-22 17:21:52,479 [WARN] DbFile:41 - Overriding database path with different value: C:\Users\ciast\.stmcufinder\plugins\mcufinder/ => C:\Users\ciast\.stmcufinder\plugins\mcufinder
2024-02-22 17:21:52,479 [INFO] ApiDb:250 - Set database path to: C:\Users\ciast\.stmcufinder\plugins\mcufinder//mcu/
2024-02-22 17:21:52,479 [WARN] DbFile:41 - Overriding database path with different value: C:\Users\ciast\.stmcufinder\plugins\mcufinder/ => C:\Users\ciast\.stmcufinder\plugins\mcufinder
2024-02-22 17:21:52,479 [INFO] DbMcusAds:125 - Set database path to: C:\Users\ciast\.stmcufinder\plugins\mcufinder//mcu/
2024-02-22 17:21:52,479 [WARN] DbFile:41 - Overriding database path with different value: C:\Users\ciast\.stmcufinder\plugins\mcufinder/ => C:\Users\ciast\.stmcufinder\plugins\mcufinder
2024-02-22 17:21:52,479 [WARN] DbFile:41 - Overriding database path with different value: C:\Users\ciast\.stmcufinder\plugins\mcufinder/ => C:\Users\ciast\.stmcufinder\plugins\mcufinder
2024-02-22 17:21:52,479 [INFO] CrossReferenceDbSqlite:203 - Set database path to: C:\Users\ciast\.stmcufinder\plugins\mcufinder//mcu/cs/
2024-02-22 17:21:52,593 [INFO] MainPanel:264 - HeapMemory: 268435456
2024-02-22 17:21:52,717 [INFO] DbMcusXml:78 - Set database path to: C:\STM32\program\STM32CubeIDE_1.14.0\STM32CubeIDE\plugins\com.st.stm32cube.common.mx_6.10.0.202311202037\\db\/mcu/
2024-02-22 17:21:52,717 [INFO] ApiDb:274 - Set plugin database path to: C:\STM32\program\STM32CubeIDE_1.14.0\STM32CubeIDE\plugins\com.st.stm32cube.common.mx_6.10.0.202311202037\\db\/plugins/boardmanager/
2024-02-22 17:21:52,717 [INFO] ApiDb:261 - Set plugin images path to: C:\STM32\program\STM32CubeIDE_1.14.0\STM32CubeIDE\plugins\com.st.stm32cube.common.mx_6.10.0.202311202037\\db\/plugins/mcufinder/images/
2024-02-22 17:21:52,718 [WARN] DbFile:41 - Overriding database path with different value: C:\Users\ciast\.stmcufinder\plugins\mcufinder/ => C:\Users\ciast\.stmcufinder\plugins\mcufinder
2024-02-22 17:21:52,718 [INFO] ApiDb:250 - Set database path to: C:\Users\ciast\.stmcufinder\plugins\mcufinder//mcu/
2024-02-22 17:21:52,718 [WARN] DbFile:41 - Overriding database path with different value: C:\Users\ciast\.stmcufinder\plugins\mcufinder/ => C:\Users\ciast\.stmcufinder\plugins\mcufinder
2024-02-22 17:21:52,718 [INFO] DbMcusAds:125 - Set database path to: C:\Users\ciast\.stmcufinder\plugins\mcufinder//mcu/
2024-02-22 17:21:52,718 [WARN] DbFile:41 - Overriding database path with different value: C:\Users\ciast\.stmcufinder\plugins\mcufinder/ => C:\Users\ciast\.stmcufinder\plugins\mcufinder
2024-02-22 17:21:52,718 [WARN] DbFile:41 - Overriding database path with different value: C:\Users\ciast\.stmcufinder\plugins\mcufinder/ => C:\Users\ciast\.stmcufinder\plugins\mcufinder
2024-02-22 17:21:52,718 [INFO] CrossReferenceDbSqlite:203 - Set database path to: C:\Users\ciast\.stmcufinder\plugins\mcufinder//mcu/cs/
2024-02-22 17:21:52,744 [INFO] ApplicationProperties:184 - Using Application install path: C:\STM32\program\STM32CubeIDE_1.14.0\STM32CubeIDE\plugins\com.st.stm32cube.common.mx_6.10.0.202311202037
2024-02-22 17:21:52,746 [INFO] PluginManage:196 - Search for loadable plugins [exclusion list=, ]
2024-02-22 17:21:52,748 [INFO] PluginManage:310 - Check plugin analytics
2024-02-22 17:21:57,541 [INFO] AnalyticsPlugin:253 - Accepted Software Licenses: 
2024-02-22 17:21:57,542 [INFO] AnalyticsPlugin:255 - Accepted CMSIS Pack Licenses: 
2024-02-22 17:21:57,542 [INFO] AnalyticsPlugin:257 - Accepted Firmware Licenses: FW.L4.1.18.0
2024-02-22 17:21:57,546 [INFO] PluginManage:359 - Loaded plugin analytics (category:tool,tabindex:-1)
2024-02-22 17:21:57,547 [INFO] PluginManage:310 - Check plugin cadmodel
2024-02-22 17:21:57,555 [INFO] CADModel:105 - Init CAD model plugin
2024-02-22 17:21:57,555 [INFO] PluginManage:359 - Loaded plugin cadmodel (category:power,tabindex:5)
2024-02-22 17:21:57,555 [INFO] PluginManage:310 - Check plugin clock
2024-02-22 17:21:57,569 [INFO] PluginManage:359 - Loaded plugin clock (category:base,tabindex:2)
2024-02-22 17:21:57,569 [INFO] PluginManage:310 - Check plugin ddr
2024-02-22 17:21:57,572 [INFO] PluginManage:359 - Loaded plugin ddr (category:tool,tabindex:6)
2024-02-22 17:21:57,572 [INFO] PluginManage:310 - Check plugin filemanager
2024-02-22 17:21:57,746 [INFO] PluginManage:359 - Loaded plugin filemanager (category:base,tabindex:10)
2024-02-22 17:21:57,746 [INFO] PluginManage:310 - Check plugin ipmanager
2024-02-22 17:21:57,757 [INFO] PluginManage:359 - Loaded plugin ipmanager (category:base,tabindex:5)
2024-02-22 17:21:57,757 [INFO] PluginManage:310 - Check plugin lpbam
2024-02-22 17:21:57,769 [INFO] PluginManage:359 - Loaded plugin lpbam (category:base,tabindex:0)
2024-02-22 17:21:57,769 [INFO] PluginManage:310 - Check plugin memorymap
2024-02-22 17:21:57,790 [INFO] PluginManage:359 - Loaded plugin memorymap (category:base,tabindex:4)
2024-02-22 17:21:57,791 [INFO] PluginManage:310 - Check plugin pinoutandconfiguration
2024-02-22 17:21:57,803 [INFO] PluginManage:359 - Loaded plugin pinoutandconfiguration (category:base,tabindex:1)
2024-02-22 17:21:57,803 [INFO] PluginManage:310 - Check plugin pinoutconfig
2024-02-22 17:21:57,931 [WARN] SupportedApi:132 - Cannot load RTOS API schema: s4s-elt-must-match.1: The content of 'definitions' must match (annotation?, (simpleType | complexType)?, (unique | key | keyref)*)). A problem was found starting at: attribute.
2024-02-22 17:21:58,138 [INFO] PluginManage:359 - Loaded plugin pinoutconfig (category:base,tabindex:0)
2024-02-22 17:21:58,138 [INFO] PluginManage:310 - Check plugin power
2024-02-22 17:21:58,155 [INFO] PluginManage:359 - Loaded plugin power (category:power,tabindex:4)
2024-02-22 17:21:58,155 [INFO] PluginManage:310 - Check plugin projectmanager
2024-02-22 17:21:58,179 [INFO] PluginManage:359 - Loaded plugin projectmanager (category:projectmanager,tabindex:3)
2024-02-22 17:21:58,179 [INFO] PluginManage:310 - Check plugin thirdparty
2024-02-22 17:21:58,401 [INFO] PluginManage:359 - Loaded plugin thirdparty (category:base,tabindex:-1)
2024-02-22 17:21:58,401 [WARN] IntegrityCheckThread:84 - waiting for thirdparty lock release [integrity check]
2024-02-22 17:21:58,401 [INFO] PluginManage:310 - Check plugin tools
2024-02-22 17:21:58,401 [INFO] IntegrityCheckThread:86 - entering critical section [integrity check]
2024-02-22 17:21:58,402 [INFO] ThirdPartyUpdaterWithRetryManager:70 - Updater plugin not ready yet. [1/15]
2024-02-22 17:21:58,406 [INFO] PluginManage:359 - Loaded plugin tools (category:base,tabindex:7)
2024-02-22 17:21:58,407 [INFO] PluginManage:310 - Check plugin tutovideos
2024-02-22 17:21:58,638 [INFO] PluginManage:359 - Loaded plugin tutovideos (category:base,tabindex:-1)
2024-02-22 17:21:58,639 [INFO] PluginManage:310 - Check plugin updater
2024-02-22 17:21:58,658 [INFO] PluginManage:359 - Loaded plugin updater (category:base,tabindex:12)
2024-02-22 17:21:58,658 [INFO] PluginManage:310 - Check plugin userauth
2024-02-22 17:21:58,667 [INFO] UserAuth:114 - Init User Auth plugin
2024-02-22 17:21:58,667 [INFO] PluginManage:359 - Loaded plugin userauth (category:base,tabindex:14)
2024-02-22 17:21:58,668 [INFO] PluginManage:283 - PluginManage : Loaded plugins [17]
2024-02-22 17:21:58,988 [INFO] PinOutPanel:1499 - setPackage(No Configuration,No Configuration)
2024-02-22 17:21:59,109 [INFO] CADModel:165 - CPN selected for project level
2024-02-22 17:21:59,109 [INFO] CADModel:114 - Register for checkConnection events
2024-02-22 17:21:59,134 [INFO] IPUIPlugin:80 - create IPUIPlugin
2024-02-22 17:21:59,134 [INFO] PluginManager:220 - loadIPPluginJar : add adc
2024-02-22 17:21:59,139 [INFO] IPUIPlugin:80 - create IPUIPlugin
2024-02-22 17:21:59,139 [INFO] PluginManager:220 - loadIPPluginJar : add aes
2024-02-22 17:21:59,143 [INFO] IPUIPlugin:80 - create IPUIPlugin
2024-02-22 17:21:59,143 [INFO] PluginManager:220 - loadIPPluginJar : add can
2024-02-22 17:21:59,145 [INFO] IPUIPlugin:80 - create IPUIPlugin
2024-02-22 17:21:59,145 [INFO] PluginManager:220 - loadIPPluginJar : add comp
2024-02-22 17:21:59,149 [INFO] IPUIPlugin:80 - create IPUIPlugin
2024-02-22 17:21:59,149 [INFO] PluginManager:220 - loadIPPluginJar : add cryp
2024-02-22 17:21:59,153 [INFO] IPUIPlugin:80 - create IPUIPlugin
2024-02-22 17:21:59,154 [INFO] PluginManager:220 - loadIPPluginJar : add dfsdm
2024-02-22 17:21:59,161 [INFO] IPUIPlugin:80 - create IPUIPlugin
2024-02-22 17:21:59,161 [INFO] PluginManager:220 - loadIPPluginJar : add dma
2024-02-22 17:21:59,165 [INFO] IPUIPlugin:80 - create IPUIPlugin
2024-02-22 17:21:59,165 [INFO] PluginManager:220 - loadIPPluginJar : add dma3
2024-02-22 17:21:59,168 [INFO] IPUIPlugin:80 - create IPUIPlugin
2024-02-22 17:21:59,168 [INFO] PluginManager:220 - loadIPPluginJar : add fatfs
2024-02-22 17:21:59,174 [INFO] IPUIPlugin:80 - create IPUIPlugin
2024-02-22 17:21:59,174 [INFO] PluginManager:220 - loadIPPluginJar : add fmc
2024-02-22 17:21:59,181 [INFO] IPUIPlugin:80 - create IPUIPlugin
2024-02-22 17:21:59,181 [INFO] PluginManager:220 - loadIPPluginJar : add freertos
2024-02-22 17:21:59,184 [INFO] IPUIPlugin:80 - create IPUIPlugin
2024-02-22 17:21:59,184 [INFO] PluginManager:220 - loadIPPluginJar : add genericplugin
2024-02-22 17:21:59,188 [INFO] IPUIPlugin:80 - create IPUIPlugin
2024-02-22 17:21:59,188 [INFO] PluginManager:220 - loadIPPluginJar : add gfxmmu
2024-02-22 17:21:59,195 [INFO] IPUIPlugin:80 - create IPUIPlugin
2024-02-22 17:21:59,196 [INFO] PluginManager:220 - loadIPPluginJar : add gic
2024-02-22 17:21:59,201 [INFO] IPUIPlugin:80 - create IPUIPlugin
2024-02-22 17:21:59,201 [INFO] PluginManager:220 - loadIPPluginJar : add gpio
2024-02-22 17:21:59,204 [INFO] IPUIPlugin:80 - create IPUIPlugin
2024-02-22 17:21:59,205 [INFO] PluginManager:220 - loadIPPluginJar : add gtzc
2024-02-22 17:21:59,208 [INFO] IPUIPlugin:80 - create IPUIPlugin
2024-02-22 17:21:59,208 [INFO] PluginManager:220 - loadIPPluginJar : add hash
2024-02-22 17:21:59,212 [INFO] IPUIPlugin:80 - create IPUIPlugin
2024-02-22 17:21:59,212 [INFO] PluginManager:220 - loadIPPluginJar : add i2c
2024-02-22 17:21:59,215 [INFO] IPUIPlugin:80 - create IPUIPlugin
2024-02-22 17:21:59,215 [INFO] PluginManager:220 - loadIPPluginJar : add i2s
2024-02-22 17:21:59,219 [INFO] IPUIPlugin:80 - create IPUIPlugin
2024-02-22 17:21:59,219 [INFO] PluginManager:220 - loadIPPluginJar : add i3c
2024-02-22 17:21:59,223 [INFO] IPUIPlugin:80 - create IPUIPlugin
2024-02-22 17:21:59,224 [INFO] PluginManager:220 - loadIPPluginJar : add ipddr
2024-02-22 17:21:59,232 [INFO] IPUIPlugin:80 - create IPUIPlugin
2024-02-22 17:21:59,232 [INFO] PluginManager:220 - loadIPPluginJar : add linkedlist
2024-02-22 17:21:59,235 [INFO] IPUIPlugin:80 - create IPUIPlugin
2024-02-22 17:21:59,235 [INFO] PluginManager:220 - loadIPPluginJar : add lorawan
2024-02-22 17:21:59,238 [INFO] IPUIPlugin:80 - create IPUIPlugin
2024-02-22 17:21:59,238 [INFO] PluginManager:220 - loadIPPluginJar : add ltdc
2024-02-22 17:21:59,246 [INFO] IPUIPlugin:80 - create IPUIPlugin
2024-02-22 17:21:59,247 [INFO] PluginManager:220 - loadIPPluginJar : add mdma
2024-02-22 17:21:59,252 [INFO] IPUIPlugin:80 - create IPUIPlugin
2024-02-22 17:21:59,252 [INFO] PluginManager:220 - loadIPPluginJar : add nvic
2024-02-22 17:21:59,255 [INFO] IPUIPlugin:80 - create IPUIPlugin
2024-02-22 17:21:59,256 [INFO] PluginManager:220 - loadIPPluginJar : add opamp
2024-02-22 17:21:59,260 [INFO] IPUIPlugin:80 - create IPUIPlugin
2024-02-22 17:21:59,260 [INFO] PluginManager:220 - loadIPPluginJar : add openamp
2024-02-22 17:21:59,265 [INFO] IPUIPlugin:80 - create IPUIPlugin
2024-02-22 17:21:59,265 [INFO] PluginManager:220 - loadIPPluginJar : add pdm2pcm
2024-02-22 17:21:59,273 [INFO] IPUIPlugin:80 - create IPUIPlugin
2024-02-22 17:21:59,275 [INFO] PluginManager:220 - loadIPPluginJar : add plateformsettings
2024-02-22 17:21:59,277 [INFO] IPUIPlugin:80 - create IPUIPlugin
2024-02-22 17:21:59,277 [INFO] PluginManager:220 - loadIPPluginJar : add quadspi
2024-02-22 17:21:59,283 [INFO] IPUIPlugin:80 - create IPUIPlugin
2024-02-22 17:21:59,283 [INFO] PluginManager:220 - loadIPPluginJar : add resmgrutility
2024-02-22 17:21:59,287 [INFO] IPUIPlugin:80 - create IPUIPlugin
2024-02-22 17:21:59,287 [INFO] PluginManager:220 - loadIPPluginJar : add sai
2024-02-22 17:21:59,290 [INFO] IPUIPlugin:80 - create IPUIPlugin
2024-02-22 17:21:59,290 [INFO] PluginManager:220 - loadIPPluginJar : add spi
2024-02-22 17:21:59,297 [INFO] IPUIPlugin:80 - create IPUIPlugin
2024-02-22 17:21:59,297 [INFO] PluginManager:220 - loadIPPluginJar : add stm32_wpan
2024-02-22 17:21:59,299 [INFO] IPUIPlugin:80 - create IPUIPlugin
2024-02-22 17:21:59,300 [INFO] PluginManager:220 - loadIPPluginJar : add tim
2024-02-22 17:21:59,305 [INFO] IPUIPlugin:80 - create IPUIPlugin
2024-02-22 17:21:59,305 [INFO] PluginManager:220 - loadIPPluginJar : add touchsensing
2024-02-22 17:21:59,309 [INFO] IPUIPlugin:80 - create IPUIPlugin
2024-02-22 17:21:59,309 [INFO] PluginManager:220 - loadIPPluginJar : add tracer_emb
2024-02-22 17:21:59,312 [INFO] IPUIPlugin:80 - create IPUIPlugin
2024-02-22 17:21:59,312 [INFO] PluginManager:220 - loadIPPluginJar : add ts
2024-02-22 17:21:59,315 [INFO] IPUIPlugin:80 - create IPUIPlugin
2024-02-22 17:21:59,315 [INFO] PluginManager:220 - loadIPPluginJar : add tsc
2024-02-22 17:21:59,318 [INFO] IPUIPlugin:80 - create IPUIPlugin
2024-02-22 17:21:59,318 [INFO] PluginManager:220 - loadIPPluginJar : add ucpd
2024-02-22 17:21:59,322 [INFO] IPUIPlugin:80 - create IPUIPlugin
2024-02-22 17:21:59,322 [INFO] PluginManager:220 - loadIPPluginJar : add usart
2024-02-22 17:21:59,326 [INFO] IPUIPlugin:80 - create IPUIPlugin
2024-02-22 17:21:59,326 [INFO] PluginManager:220 - loadIPPluginJar : add usbx
2024-02-22 17:21:59,477 [INFO] CADModel:165 - CPN selected for project level
2024-02-22 17:21:59,477 [INFO] CADModel:114 - Register for checkConnection events
2024-02-22 17:21:59,477 [FATAL] Updater:308 - Updater called before beeing initialized
2024-02-22 17:21:59,477 [ERROR] CADModel:125 - Updater not yet initialized, retry later 
2024-02-22 17:21:59,664 [INFO] CADModel:165 - CPN selected for project level
2024-02-22 17:21:59,665 [INFO] CADModel:114 - Register for checkConnection events
2024-02-22 17:21:59,665 [FATAL] Updater:308 - Updater called before beeing initialized
2024-02-22 17:21:59,665 [ERROR] CADModel:125 - Updater not yet initialized, retry later 
2024-02-22 17:21:59,670 [FATAL] Updater:308 - Updater called before beeing initialized
2024-02-22 17:21:59,840 [FATAL] Updater:308 - Updater called before beeing initialized
2024-02-22 17:21:59,845 [INFO] DbMcusAds:53 - JSON generation date=Wed Nov 29 11:52:27 CET 2023 (1701255147200)
2024-02-22 17:21:59,846 [FATAL] Updater:308 - Updater called before beeing initialized
2024-02-22 17:21:59,895 [WARN] DetailPanel:346 - Failed to get advertising image, set to default
2024-02-22 17:22:00,041 [FATAL] Updater:308 - Updater called before beeing initialized
2024-02-22 17:22:00,044 [FATAL] Updater:308 - Updater called before beeing initialized
2024-02-22 17:22:00,044 [FATAL] Updater:308 - Updater called before beeing initialized
2024-02-22 17:22:00,044 [WARN] DetailPanel:346 - Failed to get advertising image, set to default
2024-02-22 17:22:00,046 [FATAL] Updater:308 - Updater called before beeing initialized
2024-02-22 17:22:00,179 [ERROR] Updater:1120 - MainUpdater not yet initialized. External WinMGr cannot be set.
2024-02-22 17:22:00,185 [INFO] Updater:1056 - Updater Version found : 6.10.0
2024-02-22 17:22:00,217 [INFO] ApplicationProperties:184 - Using Application install path: C:\STM32\program\STM32CubeIDE_1.14.0\STM32CubeIDE\plugins\com.st.stm32cube.common.mx_6.10.0.202311202037
2024-02-22 17:22:01,403 [INFO] ThirdPartyUpdaterWithRetryManager:70 - Updater plugin not ready yet. [2/15]
2024-02-22 17:22:01,801 [ERROR] LogOutputStream:75 - [STDERR_REDIRECT] Feb 22, 2024 5:22:01 PM java.util.prefs.WindowsPreferences <init>
2024-02-22 17:22:01,804 [ERROR] LogOutputStream:75 - [STDERR_REDIRECT] WARNING: Could not open/create prefs root node Software\JavaSoft\Prefs at root 0xffffffff80000002. Windows RegCreateKeyEx(...) returned error code 5.
2024-02-22 17:22:01,805 [ERROR] LogOutputStream:75 - [STDERR_REDIRECT] 
2024-02-22 17:22:02,489 [INFO] MainUpdater:2873 - connection check result : 10
2024-02-22 17:22:02,490 [INFO] MainUpdater:290 - Updater Check For Update Now.
2024-02-22 17:22:02,490 [INFO] MicroXplorer:498 - Change Database Version : DB.6.0.100
2024-02-22 17:22:02,501 [INFO] McuFinderGlobals:63 - Set McuFinder mode to 2 (CubeIDE integrated)
2024-02-22 17:22:02,740 [INFO] CheckServerUpdateThread:120 - End of CheckServer Thread
2024-02-22 17:22:03,383 [INFO] UserAuth:404 - Internet connection configuration mode: 1
2024-02-22 17:22:03,399 [INFO] JxBrowserEngine:152 - Initiate JxBrowser Engine with user profile folder
2024-02-22 17:22:04,747 [INFO] WebApp:161 - Instantiating new browser for Auth
2024-02-22 17:22:04,890 [WARN] PackLoader:240 - Cannot read IP mode file for STMicroelectronics.X-CUBE-SMBUS.2.1.0
2024-02-22 17:22:04,906 [WARN] PackLoader:240 - Cannot read IP mode file for STMicroelectronics.X-CUBE-TOUCHGFX.4.23.0
2024-02-22 17:22:04,982 [WARN] PackLoader:240 - Cannot read IP mode file for STMicroelectronics.X-CUBE-AZRTOS-F7.1.1.0
2024-02-22 17:22:05,012 [WARN] PackLoader:240 - Cannot read IP mode file for STMicroelectronics.FP-SNS-MOTENV1.4.3.2
2024-02-22 17:22:05,030 [WARN] PackLoader:240 - Cannot read IP mode file for STMicroelectronics.FP-SNS-FLIGHT1.5.0.2
2024-02-22 17:22:05,064 [WARN] PackLoader:240 - Cannot read IP mode file for STMicroelectronics.X-CUBE-DISPLAY.3.0.0
2024-02-22 17:22:05,098 [WARN] PackLoader:240 - Cannot read IP mode file for STMicroelectronics.X-CUBE-BLE1.7.0.0
2024-02-22 17:22:05,114 [WARN] PackLoader:240 - Cannot read IP mode file for emotas.I-CUBE-CANOPEN.1.3.0
2024-02-22 17:22:05,131 [WARN] PackLoader:240 - Cannot read IP mode file for STMicroelectronics.FP-SNS-SMARTAG2.1.2.0
2024-02-22 17:22:05,170 [INFO] LogOutputStream:77 - [STDOUT_REDIRECT] 1 : Invalid condition id : UX_CORESTACK_Condition cause : null
2024-02-22 17:22:05,172 [INFO] LogOutputStream:77 - [STDOUT_REDIRECT] 1 : Invalid condition id : UX_CORESTACK_Condition cause : null
2024-02-22 17:22:05,175 [INFO] LogOutputStream:77 - [STDOUT_REDIRECT] 1 : Invalid condition id : UX_CORESTACK_Condition cause : null
2024-02-22 17:22:05,190 [INFO] LogOutputStream:77 - [STDOUT_REDIRECT] 1 : Invalid condition id : UX_CORESTACK_Condition cause : null
2024-02-22 17:22:05,193 [INFO] LogOutputStream:77 - [STDOUT_REDIRECT] 1 : Invalid condition id : UX_CORESTACK_Condition cause : null
2024-02-22 17:22:05,222 [WARN] PackLoader:240 - Cannot read IP mode file for STMicroelectronics.X-CUBE-AZRTOS-WL.2.0.0
2024-02-22 17:22:05,243 [WARN] PackLoader:240 - Cannot read IP mode file for WES.I-CUBE-Cesium.1.3.0
2024-02-22 17:22:05,255 [WARN] PackLoader:240 - Cannot read IP mode file for STMicroelectronics.X-CUBE-BLE2.3.3.0
2024-02-22 17:22:05,275 [WARN] PackLoader:240 - Cannot read IP mode file for STMicroelectronics.X-CUBE-ALGOBUILD.1.3.0
2024-02-22 17:22:05,323 [WARN] PackLoader:240 - Cannot read IP mode file for STMicroelectronics.X-CUBE-AZRTOS-G0.1.1.0
2024-02-22 17:22:05,341 [WARN] PackLoader:240 - Cannot read IP mode file for STMicroelectronics.X-CUBE-NFC4.3.0.0
2024-02-22 17:22:05,362 [WARN] PackLoader:240 - Cannot read IP mode file for STMicroelectronics.X-CUBE-BLEMGR.3.0.0
2024-02-22 17:22:05,374 [WARN] PackLoader:240 - Cannot read IP mode file for STMicroelectronics.FP-ATR-SIGFOX1.3.2.0
2024-02-22 17:22:05,386 [WARN] PackLoader:240 - Cannot read IP mode file for STMicroelectronics.X-CUBE-EEPRMA1.5.1.0
2024-02-22 17:22:05,441 [WARN] PackLoader:240 - Cannot read IP mode file for SEGGER.I-CUBE-embOS.1.3.1
2024-02-22 17:22:05,524 [WARN] PackLoader:240 - Cannot read IP mode file for STMicroelectronics.X-CUBE-GNSS1.6.0.0
2024-02-22 17:22:05,584 [WARN] PackLoader:240 - Cannot read IP mode file for STMicroelectronics.X-CUBE-AZRTOS-F4.1.1.0
2024-02-22 17:22:05,614 [WARN] PackLoader:240 - Cannot read IP mode file for wolfSSL.I-CUBE-wolfSSL.5.6.6
2024-02-22 17:22:05,662 [WARN] PackLoader:240 - Cannot read IP mode file for STMicroelectronics.X-CUBE-AZRTOS-L5.2.0.0
2024-02-22 17:22:05,727 [WARN] PackLoader:240 - Cannot read IP mode file for STMicroelectronics.X-CUBE-EEPRMA1.4.2.0
2024-02-22 17:22:05,744 [WARN] PackLoader:240 - Cannot read IP mode file for ITTIA_DB.I-CUBE-ITTIADB.8.8.0
2024-02-22 17:22:05,756 [WARN] PackLoader:240 - Cannot read IP mode file for STMicroelectronics.X-CUBE-NFC7.1.0.1
2024-02-22 17:22:05,800 [WARN] PackLoader:240 - Cannot read IP mode file for STMicroelectronics.X-CUBE-NFC6.3.0.0
2024-02-22 17:22:05,816 [WARN] PackLoader:240 - Cannot read IP mode file for STMicroelectronics.X-CUBE-AI.8.1.0
2024-02-22 17:22:05,869 [WARN] ConditionMgr:438 - getConditionDescription Invalid condition id : LAN8742 Phy interface Condition cause : null
2024-02-22 17:22:05,870 [WARN] PackLoader:240 - Cannot read IP mode file for STMicroelectronics.X-CUBE-AZRTOS-L4.2.0.0
2024-02-22 17:22:05,873 [WARN] ConditionMgr:1039 - genDependencies : Invalid condition id : LAN8742 Phy interface Condition cause : null
2024-02-22 17:22:05,874 [WARN] ConditionMgr:1039 - genDependencies : Invalid condition id : LAN8742 Phy interface Condition cause : null
2024-02-22 17:22:05,875 [WARN] ConditionMgr:1039 - genDependencies : Invalid condition id : LAN8742 Phy interface Condition cause : null
2024-02-22 17:22:05,895 [WARN] PackLoader:240 - Cannot read IP mode file for STMicroelectronics.X-CUBE-SFXS2LP1.4.0.0
2024-02-22 17:22:05,925 [WARN] ConditionMgr:438 - getConditionDescription Invalid condition id : UX DEVICE CLASS RTOS Condition cause : null
2024-02-22 17:22:05,926 [WARN] ConditionMgr:438 - getConditionDescription Invalid condition id : UX DEVICE CLASS RTOS Condition cause : null
2024-02-22 17:22:05,933 [WARN] PackLoader:240 - Cannot read IP mode file for STMicroelectronics.X-CUBE-AZRTOS-WB.2.0.0
2024-02-22 17:22:05,934 [WARN] ConditionMgr:1039 - genDependencies : Invalid condition id : UX DEVICE CLASS RTOS Condition cause : null
2024-02-22 17:22:05,935 [WARN] ConditionMgr:1039 - genDependencies : Invalid condition id : UX DEVICE CLASS RTOS Condition cause : null
2024-02-22 17:22:05,936 [WARN] ConditionMgr:1039 - genDependencies : Invalid condition id : UX DEVICE CLASS RTOS Condition cause : null
2024-02-22 17:22:05,937 [WARN] ConditionMgr:1039 - genDependencies : Invalid condition id : UX DEVICE CLASS RTOS Condition cause : null
2024-02-22 17:22:05,937 [WARN] ConditionMgr:1039 - genDependencies : Invalid condition id : UX DEVICE CLASS RTOS Condition cause : null
2024-02-22 17:22:05,961 [WARN] PackLoader:240 - Cannot read IP mode file for STMicroelectronics.X-CUBE-SUBG2.5.0.0
2024-02-22 17:22:06,007 [WARN] PackLoader:240 - Cannot read IP mode file for STMicroelectronics.X-CUBE-AZRTOS-G4.2.0.0
2024-02-22 17:22:06,038 [WARN] PackLoader:240 - Cannot read IP mode file for Infineon.AIROC-Wi-Fi-Bluetooth-STM32.1.5.1
2024-02-22 17:22:06,057 [WARN] PackLoader:240 - Cannot read IP mode file for STMicroelectronics.FP-SNS-MOTENVWB1.1.3.1
2024-02-22 17:22:06,067 [WARN] PackLoader:240 - Cannot read IP mode file for STMicroelectronics.X-CUBE-ISPU.2.0.0
2024-02-22 17:22:06,165 [WARN] PackLoader:240 - Cannot read IP mode file for STMicroelectronics.X-CUBE-MEMS1.10.0.0
2024-02-22 17:22:06,251 [INFO] WebApp:780 - Register for checkConnection events
2024-02-22 17:22:06,252 [INFO] WebApp:414 - Apply proxy settings
2024-02-22 17:22:06,252 [INFO] WebApp:499 - Chromium requires no authentication
2024-02-22 17:22:06,269 [INFO] WebApp:442 - Direct internet connection detected
2024-02-22 17:22:06,427 [WARN] PackLoader:240 - Cannot read IP mode file for STMicroelectronics.X-CUBE-FREERTOS.1.1.0
2024-02-22 17:22:06,438 [WARN] PackLoader:240 - Cannot read IP mode file for portGmbH.I-Cube-SoM-uGOAL.1.1.0
2024-02-22 17:22:06,448 [WARN] PackLoader:240 - Cannot read IP mode file for STMicroelectronics.X-CUBE-ALS.1.0.1
2024-02-22 17:22:06,458 [WARN] PackLoader:240 - Cannot read IP mode file for STMicroelectronics.FP-ATR-ASTRA1.2.0.0
2024-02-22 17:22:06,479 [WARN] PackLoader:240 - Cannot read IP mode file for STMicroelectronics.X-CUBE-TOF1.3.4.0
2024-02-22 17:22:06,562 [WARN] PackLoader:240 - Cannot read IP mode file for STMicroelectronics.X-CUBE-AZRTOS-H7.3.2.0
2024-02-22 17:22:06,572 [INFO] ThirdParty:978 - Integrity check success = true
2024-02-22 17:22:06,572 [INFO] IntegrityCheckThread:100 - exiting critical section [integrity check]
2024-02-22 17:22:06,572 [INFO] IntegrityCheckThread:103 - End integrity checks thread
2024-02-22 17:22:06,684 [INFO] WebApp:192 - Starting web application
2024-02-22 17:22:06,685 [INFO] WebApp:544 - Web application path used C:\STM32\program\STM32CubeIDE_1.14.0\STM32CubeIDE\plugins\com.st.stm32cube.common.mx_6.10.0.202311202037\db\plugins\mcufinder\reactClient1\index.html
2024-02-22 17:22:27,880 [ERROR] LogOutputStream:75 - [STDERR_REDIRECT] SLF4J: Failed to load class "org.slf4j.impl.StaticLoggerBinder".
2024-02-22 17:22:27,882 [ERROR] LogOutputStream:75 - [STDERR_REDIRECT] SLF4J: Defaulting to no-operation (NOP) logger implementation
2024-02-22 17:22:27,884 [ERROR] LogOutputStream:75 - [STDERR_REDIRECT] SLF4J: See http://www.slf4j.org/codes.html#StaticLoggerBinder for further details.
2024-02-22 17:23:51,468 [INFO] McuFinderGlobals:63 - Set McuFinder mode to 2 (CubeIDE integrated)
2024-02-22 17:23:51,506 [INFO] MainUpdater:2873 - connection check result : 10
2024-02-22 17:23:51,516 [INFO] MainUpdater:2873 - connection check result : 10
2024-02-22 17:23:51,797 [INFO] MicroXplorer:468 - Change Database Path : 
2024-02-22 17:23:51,798 [INFO] MicroXplorer:498 - Change Database Version : DB.6.0.100
2024-02-22 17:23:51,804 [WARN] ThirdParty:871 - waiting for thirdparty lock release [close project]
2024-02-22 17:23:51,804 [INFO] ThirdParty:873 - entering critical section [close project]
2024-02-22 17:23:51,806 [INFO] ThirdParty:883 - exiting critical section [close project]
2024-02-22 17:23:51,808 [INFO] PinOutPanel:1499 - setPackage(No Configuration,No Configuration)
2024-02-22 17:23:51,814 [INFO] UtilMem:75 - Begin LoadConfig() Used Memory: 630921400 Bytes (882900992)
2024-02-22 17:23:51,815 [INFO] MicroXplorer:468 - Change Database Path : 
2024-02-22 17:23:51,816 [INFO] MicroXplorer:498 - Change Database Version : DB.6.0.100
2024-02-22 17:23:51,816 [INFO] OpenFileManager:312 - Change cursor
2024-02-22 17:23:51,880 [INFO] Mcu:2016 - Initializing MCU STM32L476R(C-E-G)Tx STM32L476RGTx STM32L476RGT6
2024-02-22 17:23:57,971 [INFO] Context:659 - Trying to add GPIOservice into a context  which must be forbidden
2024-02-22 17:23:59,722 [INFO] RtosManager:555 - Registered RTOS mode: class=CMSIS, group=RTOS, mode=CMSIS_V1, owner=FREERTOS
2024-02-22 17:23:59,722 [INFO] RtosManager:555 - Registered RTOS mode: class=CMSIS, group=RTOS2, mode=CMSIS_V2, owner=FREERTOS
2024-02-22 17:23:59,723 [INFO] RtosManager:555 - Registered RTOS mode: class=RTOS, group=Core, mode=CMSIS_V1, owner=FREERTOS
2024-02-22 17:23:59,723 [INFO] RtosManager:555 - Registered RTOS mode: class=RTOS, group=Core, mode=CMSIS_V2, owner=FREERTOS
2024-02-22 17:23:59,724 [WARN] ModelIntegratedComponent:184 - Missing modes for component STMicroelectronics:FreeRTOS:0.0.1:STMicroelectronics:RTOS:FreeRTOS:Core:::10.2.0:
2024-02-22 17:23:59,765 [WARN] ModelIntegratedComponent:63 - No mode defined for component null
2024-02-22 17:23:59,766 [WARN] ModelIntegratedComponent:63 - No mode defined for component null
2024-02-22 17:23:59,766 [WARN] ModelIntegratedComponent:63 - No mode defined for component null
2024-02-22 17:23:59,766 [WARN] ModelIntegratedComponent:63 - No mode defined for component null
2024-02-22 17:23:59,766 [WARN] ModelIntegratedComponent:63 - No mode defined for component null
2024-02-22 17:23:59,766 [WARN] ModelIntegratedComponent:63 - No mode defined for component null
2024-02-22 17:23:59,767 [WARN] ModelIntegratedComponent:63 - No mode defined for component null
2024-02-22 17:23:59,767 [WARN] ModelIntegratedComponent:63 - No mode defined for component null
2024-02-22 17:23:59,767 [WARN] ModelIntegratedComponent:63 - No mode defined for component null
2024-02-22 17:23:59,767 [WARN] ModelIntegratedComponent:63 - No mode defined for component null
2024-02-22 17:23:59,767 [WARN] ModelIntegratedComponent:63 - No mode defined for component null
2024-02-22 17:23:59,767 [WARN] ModelIntegratedComponent:63 - No mode defined for component null
2024-02-22 17:23:59,767 [WARN] ModelIntegratedComponent:63 - No mode defined for component null
2024-02-22 17:23:59,768 [WARN] ModelIntegratedComponent:63 - No mode defined for component null
2024-02-22 17:23:59,768 [WARN] ModelIntegratedComponent:63 - No mode defined for component null
2024-02-22 17:23:59,768 [WARN] ModelIntegratedComponent:63 - No mode defined for component null
2024-02-22 17:23:59,768 [WARN] ModelIntegratedComponent:63 - No mode defined for component null
2024-02-22 17:23:59,768 [WARN] ModelIntegratedComponent:63 - No mode defined for component null
2024-02-22 17:23:59,768 [WARN] ModelIntegratedComponent:63 - No mode defined for component null
2024-02-22 17:23:59,768 [WARN] ModelIntegratedComponent:63 - No mode defined for component null
2024-02-22 17:23:59,768 [WARN] ModelIntegratedComponent:63 - No mode defined for component null
2024-02-22 17:23:59,768 [WARN] ModelIntegratedComponent:63 - No mode defined for component null
2024-02-22 17:23:59,768 [WARN] ModelIntegratedComponent:63 - No mode defined for component null
2024-02-22 17:23:59,769 [WARN] ModelIntegratedComponent:63 - No mode defined for component null
2024-02-22 17:23:59,769 [WARN] ModelIntegratedComponent:63 - No mode defined for component null
2024-02-22 17:23:59,769 [WARN] ModelIntegratedComponent:63 - No mode defined for component null
2024-02-22 17:23:59,769 [WARN] ModelIntegratedComponent:63 - No mode defined for component null
2024-02-22 17:23:59,769 [WARN] ModelIntegratedComponent:63 - No mode defined for component null
2024-02-22 17:23:59,769 [WARN] ModelIntegratedComponent:63 - No mode defined for component null
2024-02-22 17:23:59,769 [WARN] ModelIntegratedComponent:63 - No mode defined for component null
2024-02-22 17:23:59,769 [WARN] ModelIntegratedComponent:63 - No mode defined for component null
2024-02-22 17:23:59,770 [WARN] ModelIntegratedComponent:63 - No mode defined for component null
2024-02-22 17:23:59,770 [WARN] ModelIntegratedComponent:63 - No mode defined for component null
2024-02-22 17:24:00,081 [INFO] ThirdPartyModel:298 - Start build external matchings
2024-02-22 17:24:00,732 [INFO] ThirdPartyModel:316 - End build external matchings
2024-02-22 17:24:02,318 [INFO] UtilMem:75 - End LoadConfig() Used Memory: 868976888 Bytes (1048576000)
2024-02-22 17:24:02,648 [INFO] ApiDb:581 - Connected to CubeFinder SQLite database (C:\Users\ciast\.stmcufinder\plugins\mcufinder\mcu\cube-finder-db.db)
2024-02-22 17:24:02,829 [INFO] ApiDb:668 - CubeFinder database Data Model version=2.1
2024-02-22 17:24:02,830 [INFO] ApiDb:669 - CubeFinder database Configuration version=3.0.39
2024-02-22 17:24:02,830 [INFO] ApiDb:670 - CubeFinder database generation date=2024-01-11 (1704964531)
2024-02-22 17:24:02,830 [INFO] ApiDb:671 - CubeFinder database FW Pack versions=[FP-ATR-ASTRA1_V2.0.0, FP-SNS-FLIGHT1_V5.0.1, FP-SNS-FLIGHT1_V5.0.2, FP-SNS-MOTENV1_V4.3.1, FP-SNS-MOTENV1_V4.3.2, FP-SNS-MOTENVWB1_V1.3.1, FP-SNS-SMARTAG2_V1.2.0, STM32Cube_FW_C0_V1.1.0, STM32Cube_FW_F4_V1.28.0, STM32Cube_FW_F7_V1.17.0, STM32Cube_FW_G0_V1.6.2, STM32Cube_FW_G4_V1.5.2, STM32Cube_FW_H5_V0.5.1, STM32Cube_FW_H5_V1.1.1, STM32Cube_FW_H5_V1.2.0RC2, STM32Cube_FW_H7_V1.11.0, STM32Cube_FW_L0_V1.12.2, STM32Cube_FW_L5_V1.5.0, STM32Cube_FW_U5_V1.3.0RC4, STM32Cube_FW_U5_V1.4.0, STM32Cube_FW_WBA_V1.0.0RC1, STM32Cube_FW_WBA_V1.1.0RC1, STM32Cube_FW_WBA_V1.2.0, STM32Cube_FW_WBA_V1.2.0RC2, STM32Cube_FW_WB_V1.15.0RC1, STM32Cube_FW_WB_V1.16.0, STM32Cube_FW_WB_V1.16.0RC2, STM32Cube_FW_WB_V1.18.0, STM32Cube_FW_WL_V1.3.0, X-CUBE-ALGOBUILD_V1.3.0, X-CUBE-ALS_V1.0.1, X-CUBE-AZRTOS-F4_V1.1.0, X-CUBE-AZRTOS-F7_V1.1.0, X-CUBE-AZRTOS-G0_V1.1.0, X-CUBE-AZRTOS-G4_V2.0.0, X-CUBE-AZRTOS-H7_V3.2.0, X-CUBE-AZRTOS-L4_V1.0.0, X-CUBE-AZRTOS-L4_V2.0.0, X-CUBE-AZRTOS-L5_V1.1.0, X-CUBE-AZRTOS-WB_V2.0.0, X-CUBE-AZRTOS-WL_V2.0.0, X-CUBE-BLE1_V7.0.0, X-CUBE-BLE2_V3.3.0, X-CUBE-BLEMGR_V3.0.0, X-CUBE-EEPRMA1_V4.1.0, X-CUBE-EEPRMA1_V4.2.0, X-CUBE-FREERTOS_V1.1.0, X-CUBE-GNSS1_V6.0.0, X-CUBE-MEMS1_V10.0.0, X-CUBE-MEMS1_V9.1.0, X-CUBE-MEMS1_V9.4.0, X-CUBE-MEMS1_V9.6.0, X-CUBE-NFC4_V3.0.0, X-CUBE-NFC7_V1.0.1, X-CUBE-SFXS2LP1_V4.0.0, X-CUBE-SUBG2_V5.0.0, X-CUBE-TOF1_V3.4.0]
2024-02-22 17:24:07,101 [INFO] ApiDb:240 - Found 371 in-development CPN: [B-G473E-ZEST1S, B-WB1M-WPAN1, B-WL5M-SUBG1, NUCLEO-C031C6, NUCLEO-H503RB, NUCLEO-H563ZI, NUCLEO-U545RE-Q, NUCLEO-U5A5ZJ-Q, NUCLEO-WBA52CG, NUCLEO-WBA55CG, STEVAL-MKBOXPRO, STEVAL-PROTEUS1, STEVAL-STWINBX1, STM320518-EVAL, STM32C0116-DK, STM32C011D6Y3TR, STM32C011D6Y6TR, STM32C011F4P3, STM32C011F4P6, STM32C011F4U3, STM32C011F4U6TR, STM32C011F6P3, STM32C011F6P6, STM32C011F6U3, STM32C011F6U6TR, STM32C011J4M3, STM32C011J4M6, STM32C011J6M3, STM32C011J6M6, STM32C0316-DK, STM32C031C4T3, STM32C031C4T6, STM32C031C4U3, STM32C031C4U6, STM32C031C6T3, STM32C031C6T6, STM32C031C6U3, STM32C031C6U6, STM32C031F4P3, STM32C031F4P6, STM32C031F6P3, STM32C031F6P6, STM32C031G4U3, STM32C031G4U6, STM32C031G6U3, STM32C031G6U6, STM32C031K4T3, STM32C031K4T6, STM32C031K4U3, STM32C031K4U6, STM32C031K6T3, STM32C031K6T6, STM32C031K6U3, STM32C031K6U6, STM32G071K8TXN, STM32G071K8UXN, STM32G081GBU6N, STM32G081KBT6N, STM32G081KBUXN, STM32G0B1CCT6N, STM32G0B1KCT6, STM32G0B1NEY6TR, STM32G0B1RCT6N, STM32G0C1CCT6, STM32G0C1CCT6N, STM32G0C1CCU6N, STM32G0C1CET6N, STM32G0C1CEU6N, STM32G0C1KCT6, STM32G0C1NEY6TR, STM32G0C1RCI6N, STM32G0C1RCT6N, STM32G0C1REI6N, STM32G0C1RET6N, STM32G0C1VCI6, STM32G0C1VEI6, STM32G471CCT6, STM32G471CCU6, STM32G471CET3, STM32G471CET6, STM32G471CEU3, STM32G471CEU6, STM32G471MCT6, STM32G471MET3, STM32G471MET6, STM32G471MEY6TR, STM32G471QCT6, STM32G471QET3, STM32G471RCT6, STM32G471RET3, STM32G471RET6, STM32G471VCH6, STM32G471VCI6, STM32G471VCT6, STM32G471VEH3, STM32G471VEH6, STM32G471VEI3, STM32G471VEI6, STM32G471VET3, STM32G471VET6, STM32G474CCT6, STM32H503CBT6, STM32H503CBU6, STM32H503EBY6TR, STM32H503KBU6, STM32H503RBT6, STM32H562AGI6, STM32H562AII6, STM32H562IGK6, STM32H562IGT6, STM32H562IIK6, STM32H562IIT6, STM32H562RGT6, STM32H562RGV6, STM32H562RIT6, STM32H562RIV6, STM32H562VGT6, STM32H562VIT6, STM32H562ZGT6, STM32H562ZIT6, STM32H563AGI6, STM32H563AII3Q, STM32H563AII6, STM32H563IGK6, STM32H563IGT6, STM32H563IIK3Q, STM32H563IIK6, STM32H563IIT3Q, STM32H563IIT6, STM32H563MIY3QTR, STM32H563RGT6, STM32H563RGV6, STM32H563RIT6, STM32H563RIV6, STM32H563VGT6, STM32H563VIT3Q, STM32H563VIT6, STM32H563ZGT6, STM32H563ZIT3Q, STM32H563ZIT6, STM32H573AII3Q, STM32H573AII6, STM32H573I-DK, STM32H573IIK3Q, STM32H573IIK6, STM32H573IIT3Q, STM32H573IIT6, STM32H573MIY3QTR, STM32H573RIT6, STM32H573RIV6, STM32H573VIT3Q, STM32H573VIT6, STM32H573ZIT3Q, STM32H573ZIT6, STM32L4R5QGI6STR, STM32MP131AAE3, STM32MP131AAF3, STM32MP131AAG3, STM32MP131CAE3, STM32MP131CAF3, STM32MP131CAG3, STM32MP131DAE7, STM32MP131DAF7, STM32MP131DAG7, STM32MP131FAE7, STM32MP131FAF7, STM32MP131FAG7, STM32MP133AAE3, STM32MP133AAF3, STM32MP133AAG3, STM32MP133CAE3, STM32MP133CAF3, STM32MP133CAG3, STM32MP133DAE7, STM32MP133DAF7, STM32MP133DAG7, STM32MP133FAE7, STM32MP133FAF7, STM32MP133FAG7, STM32MP135AAE3, STM32MP135AAF3, STM32MP135AAG3, STM32MP135CAE3, STM32MP135CAF3, STM32MP135CAG3, STM32MP135DAE7, STM32MP135DAF7, STM32MP135DAG7, STM32MP135F-DK, STM32MP135FAE7, STM32MP135FAF7, STM32MP135FAF7T, STM32MP135FAF7U, STM32MP135FAG7, STM32U535CBT6, STM32U535CBT6Q, STM32U535CBU6, STM32U535CBU6Q, STM32U535CCT6, STM32U535CCT6Q, STM32U535CCU6, STM32U535CCU6Q, STM32U535CET6, STM32U535CET6Q, STM32U535CEU6, STM32U535CEU6Q, STM32U535JEY6QTR, STM32U535NCY6QTR, STM32U535NEY6QTR, STM32U535RBI6, STM32U535RBI6Q, STM32U535RBT6, STM32U535RBT6Q, STM32U535RCI6, STM32U535RCI6Q, STM32U535RCT6, STM32U535RCT6Q, STM32U535REI6, STM32U535REI6Q, STM32U535RET6, STM32U535RET6Q, STM32U535VCI6, STM32U535VCI6Q, STM32U535VCT6, STM32U535VCT6Q, STM32U535VEI6, STM32U535VEI6Q, STM32U535VET6, STM32U535VET6Q, STM32U545CET6, STM32U545CET6Q, STM32U545CEU6, STM32U545CEU6Q, STM32U545JEY6QTR, STM32U545NEY6QTR, STM32U545REI6, STM32U545REI6Q, STM32U545RET6, STM32U545RET6Q, STM32U545VEI6, STM32U545VEI6Q, STM32U545VET6, STM32U545VET6Q, STM32U595AIH6, STM32U595AIH6Q, STM32U595AJH6, STM32U595AJH6Q, STM32U595QII6, STM32U595QII6Q, STM32U595QJI6, STM32U595QJI6Q, STM32U595RIT6, STM32U595RIT6Q, STM32U595RJT6, STM32U595RJT6Q, STM32U595VIT6, STM32U595VIT6Q, STM32U595VJT6, STM32U595VJT6Q, STM32U595ZIT6, STM32U595ZIT6Q, STM32U595ZIY6QTR, STM32U595ZJT6, STM32U595ZJT6Q, STM32U595ZJY6QTR, STM32U599BJY6QTR, STM32U599NIH6Q, STM32U599NJH6Q, STM32U599VIT6Q, STM32U599VJT6, STM32U599VJT6Q, STM32U599ZIT6Q, STM32U599ZIY6QTR, STM32U599ZJT6Q, STM32U599ZJY6QTR, STM32U5A5AJH6, STM32U5A5AJH6Q, STM32U5A5QJI6, STM32U5A5QJI6Q, STM32U5A5RJT6, STM32U5A5RJT6Q, STM32U5A5VJT6, STM32U5A5VJT6Q, STM32U5A5ZJT6, STM32U5A5ZJT6Q, STM32U5A5ZJY6QTR, STM32U5A9BJY6QTR, STM32U5A9J-DK, STM32U5A9NJH6Q, STM32U5A9VJT6Q, STM32U5A9ZJT6Q, STM32U5A9ZJY6QTR, STM32U5F7VIT6, STM32U5F7VIT6Q, STM32U5F7VJT6, STM32U5F7VJT6Q, STM32U5F9BJY6QTR, STM32U5F9NJH6Q, STM32U5F9VIT6Q, STM32U5F9VJT6Q, STM32U5F9ZIJ6QTR, STM32U5F9ZIT6Q, STM32U5F9ZJJ6QTR, STM32U5F9ZJT6Q, STM32U5G7VJT6, STM32U5G7VJT6Q, STM32U5G9BJY6QTR, STM32U5G9J-DK1, STM32U5G9J-DK2, STM32U5G9NJH6Q, STM32U5G9VJT6Q, STM32U5G9ZJJ6QTR, STM32U5G9ZJT6Q, STM32WB1MMCH6, STM32WBA50KEU6, STM32WBA50KEU6TR, STM32WBA50KGU6, STM32WBA50KGU6TR, STM32WBA52CEU6, STM32WBA52CEU6TR, STM32WBA52CEU7, STM32WBA52CEU7TR, STM32WBA52CGU6, STM32WBA52CGU6TR, STM32WBA52CGU6U, STM32WBA52CGU7, STM32WBA52CGU7TR, STM32WBA52KEU6, STM32WBA52KEU6TR, STM32WBA52KGU6, STM32WBA52KGU6TR, STM32WBA54CEU6, STM32WBA54CEU6TR, STM32WBA54CEU7, STM32WBA54CEU7TR, STM32WBA54CGU6, STM32WBA54CGU6TR, STM32WBA54CGU7, STM32WBA54CGU7TR, STM32WBA54KEU6, STM32WBA54KEU6TR, STM32WBA54KEU7, STM32WBA54KEU7TR, STM32WBA54KGU6, STM32WBA54KGU6TR, STM32WBA54KGU7, STM32WBA54KGU7TR, STM32WBA55CEU6, STM32WBA55CEU6TR, STM32WBA55CEU7, STM32WBA55CEU7TR, STM32WBA55CGU6, STM32WBA55CGU6TR, STM32WBA55CGU6U, STM32WBA55CGU7, STM32WBA55CGU7TR, STM32WBA55G-DK1, STM32WBA55HEF6, STM32WBA55HEF7, STM32WBA55HGF6, STM32WBA55HGF7, STM32WBA55UEI6, STM32WBA55UEI6TR, STM32WBA55UEI7, STM32WBA55UEI7TR, STM32WBA55UGI6, STM32WBA55UGI6TR, STM32WBA55UGI7, STM32WBA55UGI7TR, STM32WL5MOCH6, STM32WL5MOCH6TR]
2024-02-22 17:24:07,110 [INFO] DbMcus:218 - Found 3930 MCUs, 3930 are supported
2024-02-22 17:24:07,111 [INFO] ApiDb:423 - Load user favorites file C:\Users\ciast/.stm32cubeide/favorites.mcus.txt: 0 item(s)
2024-02-22 17:24:07,111 [INFO] ApiDb:427 - User favorites MCUs=[]
2024-02-22 17:24:07,112 [INFO] DbMcus:224 - Set 0 / 0 favorites MCUs
2024-02-22 17:24:07,749 [INFO] MicroXplorer:468 - Change Database Path : 
2024-02-22 17:24:07,749 [INFO] MicroXplorer:498 - Change Database Version : DB.6.0.100
2024-02-22 17:24:07,750 [WARN] ThirdParty:833 - waiting for thirdparty lock release [change project]
2024-02-22 17:24:07,750 [INFO] ThirdParty:835 - entering critical section [change project]
2024-02-22 17:24:07,750 [INFO] ThirdParty:1030 - CMSIS Pack Vendor :STMicroelectronics USBPD 4.1
2024-02-22 17:24:07,750 [INFO] ThirdParty:1030 - CMSIS Pack Vendor :STMicroelectronics X-CUBE-GNSS1 6.0.0
2024-02-22 17:24:07,751 [INFO] ThirdParty:1030 - CMSIS Pack Vendor :STMicroelectronics USB_HOST 2.0.0
2024-02-22 17:24:07,751 [INFO] ThirdParty:1030 - CMSIS Pack Vendor :STMicroelectronics X-CUBE-AZRTOS-F4 1.1.0
2024-02-22 17:24:07,751 [INFO] ThirdParty:1030 - CMSIS Pack Vendor :STMicroelectronics LIBJPEG 8.0.0
2024-02-22 17:24:07,751 [INFO] ThirdParty:1030 - CMSIS Pack Vendor :STMicroelectronics X-CUBE-SMBUS 2.1.0
2024-02-22 17:24:07,751 [INFO] ThirdParty:1030 - CMSIS Pack Vendor :STMicroelectronics USB_DEVICE 3.0.0
2024-02-22 17:24:07,751 [INFO] ThirdParty:1030 - CMSIS Pack Vendor :STMicroelectronics X-CUBE-AZRTOS-WB 2.0.0
2024-02-22 17:24:07,751 [INFO] ThirdParty:1030 - CMSIS Pack Vendor :wolfSSL I-CUBE-wolfSSL 5.6.6
2024-02-22 17:24:07,751 [INFO] ThirdParty:1030 - CMSIS Pack Vendor :STMicroelectronics X-CUBE-TOUCHGFX 4.23.0
2024-02-22 17:24:07,751 [INFO] ThirdParty:1030 - CMSIS Pack Vendor :STMicroelectronics X-CUBE-AZRTOS-F7 1.1.0
2024-02-22 17:24:07,751 [INFO] ThirdParty:1030 - CMSIS Pack Vendor :STMicroelectronics X-CUBE-AZRTOS-L5 2.0.0
2024-02-22 17:24:07,751 [INFO] ThirdParty:1030 - CMSIS Pack Vendor :STMicroelectronics USB_DEVICE 2.0.0
2024-02-22 17:24:07,752 [INFO] ThirdParty:1030 - CMSIS Pack Vendor :STMicroelectronics X-CUBE-EEPRMA1 4.2.0
2024-02-22 17:24:07,752 [INFO] ThirdParty:1030 - CMSIS Pack Vendor :ITTIA_DB I-CUBE-ITTIADB 8.8.0
2024-02-22 17:24:07,752 [INFO] ThirdParty:1030 - CMSIS Pack Vendor :STMicroelectronics FP-SNS-MOTENV1 4.3.2
2024-02-22 17:24:07,752 [INFO] ThirdParty:1030 - CMSIS Pack Vendor :STMicroelectronics X-CUBE-ALGOBUILD 1.3.0
2024-02-22 17:24:07,752 [INFO] ThirdParty:1030 - CMSIS Pack Vendor :STMicroelectronics FreeRTOS 0.0.1
2024-02-22 17:24:07,752 [INFO] ThirdParty:1030 - CMSIS Pack Vendor :STMicroelectronics X-CUBE-AZRTOS-G0 1.1.0
2024-02-22 17:24:07,752 [INFO] ThirdParty:1030 - CMSIS Pack Vendor :STMicroelectronics X-CUBE-NFC4 3.0.0
2024-02-22 17:24:07,752 [INFO] ThirdParty:1030 - CMSIS Pack Vendor :STMicroelectronics X-CUBE-SUBG2 5.0.0
2024-02-22 17:24:07,752 [INFO] ThirdParty:1030 - CMSIS Pack Vendor :STMicroelectronics STM32_WPAN 1.0.0
2024-02-22 17:24:07,752 [INFO] ThirdParty:1030 - CMSIS Pack Vendor :STMicroelectronics lwIP 2.0.3
2024-02-22 17:24:07,753 [INFO] ThirdParty:1030 - CMSIS Pack Vendor :STMicroelectronics FP-SNS-FLIGHT1 5.0.2
2024-02-22 17:24:07,753 [INFO] ThirdParty:1030 - CMSIS Pack Vendor :STMicroelectronics USB_HOST 1.0.0
2024-02-22 17:24:07,753 [INFO] ThirdParty:1030 - CMSIS Pack Vendor :STMicroelectronics X-CUBE-AZRTOS-G4 2.0.0
2024-02-22 17:24:07,753 [INFO] ThirdParty:1030 - CMSIS Pack Vendor :STMicroelectronics PDM2PCM 3.1.0
2024-02-22 17:24:07,753 [INFO] ThirdParty:1030 - CMSIS Pack Vendor :Infineon AIROC-Wi-Fi-Bluetooth-STM32 1.5.1
2024-02-22 17:24:07,753 [INFO] ThirdParty:1030 - CMSIS Pack Vendor :STMicroelectronics X-CUBE-BLEMGR 3.0.0
2024-02-22 17:24:07,753 [INFO] ThirdParty:1030 - CMSIS Pack Vendor :STMicroelectronics PDM2PCM 3.3.0
2024-02-22 17:24:07,753 [INFO] ThirdParty:1030 - CMSIS Pack Vendor :STMicroelectronics X-CUBE-DISPLAY 3.0.0
2024-02-22 17:24:07,753 [INFO] ThirdParty:1030 - CMSIS Pack Vendor :STMicroelectronics FP-SNS-MOTENVWB1 1.3.1
2024-02-22 17:24:07,753 [INFO] ThirdParty:1030 - CMSIS Pack Vendor :STMicroelectronics X-CUBE-BLE1 7.0.0
2024-02-22 17:24:07,753 [INFO] ThirdParty:1030 - CMSIS Pack Vendor :STMicroelectronics FP-ATR-SIGFOX1 3.2.0
2024-02-22 17:24:07,754 [INFO] ThirdParty:1030 - CMSIS Pack Vendor :STMicroelectronics X-CUBE-ISPU 2.0.0
2024-02-22 17:24:07,754 [INFO] ThirdParty:1030 - CMSIS Pack Vendor :STMicroelectronics X-CUBE-EEPRMA1 5.1.0
2024-02-22 17:24:07,754 [INFO] ThirdParty:1030 - CMSIS Pack Vendor :STMicroelectronics HAL Drivers 0.0.0
2024-02-22 17:24:07,754 [INFO] ThirdParty:1030 - CMSIS Pack Vendor :STMicroelectronics MBEDTLS 2.16.2
2024-02-22 17:24:07,754 [INFO] ThirdParty:1030 - CMSIS Pack Vendor :emotas I-CUBE-CANOPEN 1.3.0
2024-02-22 17:24:07,754 [INFO] ThirdParty:1030 - CMSIS Pack Vendor :STMicroelectronics X-CUBE-MEMS1 10.0.0
2024-02-22 17:24:07,754 [INFO] ThirdParty:1030 - CMSIS Pack Vendor :STMicroelectronics X-CUBE-FREERTOS 1.1.0
2024-02-22 17:24:07,754 [INFO] ThirdParty:1030 - CMSIS Pack Vendor :STMicroelectronics X-CUBE-NFC7 1.0.1
2024-02-22 17:24:07,754 [INFO] ThirdParty:1030 - CMSIS Pack Vendor :STMicroelectronics MBEDTLS 2.14.1
2024-02-22 17:24:07,754 [INFO] ThirdParty:1030 - CMSIS Pack Vendor :STMicroelectronics X-CUBE-NFC6 3.0.0
2024-02-22 17:24:07,754 [INFO] ThirdParty:1030 - CMSIS Pack Vendor :portGmbH I-Cube-SoM-uGOAL 1.1.0
2024-02-22 17:24:07,755 [INFO] ThirdParty:1030 - CMSIS Pack Vendor :STMicroelectronics X-CUBE-ALS 1.0.1
2024-02-22 17:24:07,755 [INFO] ThirdParty:1030 - CMSIS Pack Vendor :STMicroelectronics ThreadX 1.0.0
2024-02-22 17:24:07,755 [INFO] ThirdParty:1030 - CMSIS Pack Vendor :STMicroelectronics FP-SNS-SMARTAG2 1.2.0
2024-02-22 17:24:07,755 [INFO] ThirdParty:1030 - CMSIS Pack Vendor :STMicroelectronics X-CUBE-AZRTOS-WL 2.0.0
2024-02-22 17:24:07,755 [INFO] ThirdParty:1030 - CMSIS Pack Vendor :SEGGER I-CUBE-embOS 1.3.1
2024-02-22 17:24:07,755 [INFO] ThirdParty:1030 - CMSIS Pack Vendor :STMicroelectronics USB_DEVICE 1.0.0
2024-02-22 17:24:07,755 [INFO] ThirdParty:1030 - CMSIS Pack Vendor :STMicroelectronics X-CUBE-AI 8.1.0
2024-02-22 17:24:07,755 [INFO] ThirdParty:1030 - CMSIS Pack Vendor :STMicroelectronics X-CUBE-AZRTOS-L4 2.0.0
2024-02-22 17:24:07,755 [INFO] ThirdParty:1030 - CMSIS Pack Vendor :STMicroelectronics ThreadX 0.0.2
2024-02-22 17:24:07,755 [INFO] ThirdParty:1030 - CMSIS Pack Vendor :WES I-CUBE-Cesium 1.3.0
2024-02-22 17:24:07,755 [INFO] ThirdParty:1030 - CMSIS Pack Vendor :STMicroelectronics FP-ATR-ASTRA1 2.0.0
2024-02-22 17:24:07,756 [INFO] ThirdParty:1030 - CMSIS Pack Vendor :STMicroelectronics lwIP 2.1.2
2024-02-22 17:24:07,756 [INFO] ThirdParty:1030 - CMSIS Pack Vendor :STMicroelectronics X-CUBE-SFXS2LP1 4.0.0
2024-02-22 17:24:07,756 [INFO] ThirdParty:1030 - CMSIS Pack Vendor :STMicroelectronics X-CUBE-BLE2 3.3.0
2024-02-22 17:24:07,756 [INFO] ThirdParty:1030 - CMSIS Pack Vendor :STMicroelectronics X-CUBE-TOF1 3.4.0
2024-02-22 17:24:07,756 [INFO] ThirdParty:1030 - CMSIS Pack Vendor :STMicroelectronics X-CUBE-AZRTOS-H7 3.2.0
2024-02-22 17:24:07,756 [INFO] ThirdParty:1030 - CMSIS Pack Vendor :STMicroelectronics PDM2PCM 3.2.0
2024-02-22 17:24:07,757 [INFO] ThirdParty:841 - exiting critical section [change project]
2024-02-22 17:24:08,823 [INFO] PinOutPanel:1499 - setPackage(No Configuration,No Configuration)
2024-02-22 17:24:08,825 [INFO] PinOutPanel:1499 - setPackage(STM32L476RGTx,LQFP64)
2024-02-22 17:24:10,241 [INFO] UtilMem:75 - Before build in PCC Used Memory: 633098048 Bytes (1073741824)
2024-02-22 17:24:12,394 [INFO] UtilMem:75 - After build in PCC Used Memory: 754208480 Bytes (1073741824)
2024-02-22 17:24:12,479 [INFO] IPUIPlugin:80 - create IPUIPlugin
2024-02-22 17:24:12,479 [INFO] IPUIPlugin:80 - create IPUIPlugin
2024-02-22 17:24:12,480 [INFO] IPUIPlugin:80 - create IPUIPlugin
2024-02-22 17:24:12,480 [INFO] IPUIPlugin:80 - create IPUIPlugin
2024-02-22 17:24:12,480 [INFO] IPUIPlugin:80 - create IPUIPlugin
2024-02-22 17:24:12,480 [INFO] IPUIPlugin:80 - create IPUIPlugin
2024-02-22 17:24:12,481 [INFO] IPUIPlugin:80 - create IPUIPlugin
2024-02-22 17:24:12,482 [INFO] IPUIPlugin:80 - create IPUIPlugin
2024-02-22 17:24:12,482 [INFO] IPUIPlugin:80 - create IPUIPlugin
2024-02-22 17:24:12,482 [INFO] IPUIPlugin:80 - create IPUIPlugin
2024-02-22 17:24:12,483 [INFO] IPUIPlugin:80 - create IPUIPlugin
2024-02-22 17:24:12,483 [INFO] IPUIPlugin:80 - create IPUIPlugin
2024-02-22 17:24:12,483 [INFO] IPUIPlugin:80 - create IPUIPlugin
2024-02-22 17:24:12,483 [INFO] IPUIPlugin:80 - create IPUIPlugin
2024-02-22 17:24:12,484 [INFO] IPUIPlugin:80 - create IPUIPlugin
2024-02-22 17:24:12,484 [INFO] IPUIPlugin:80 - create IPUIPlugin
2024-02-22 17:24:12,484 [INFO] IPUIPlugin:80 - create IPUIPlugin
2024-02-22 17:24:12,485 [INFO] IPUIPlugin:80 - create IPUIPlugin
2024-02-22 17:24:12,486 [INFO] IPUIPlugin:80 - create IPUIPlugin
2024-02-22 17:24:12,487 [INFO] IPUIPlugin:80 - create IPUIPlugin
2024-02-22 17:24:12,488 [INFO] IPUIPlugin:80 - create IPUIPlugin
2024-02-22 17:24:12,489 [INFO] IPUIPlugin:80 - create IPUIPlugin
2024-02-22 17:24:12,489 [INFO] IPUIPlugin:80 - create IPUIPlugin
2024-02-22 17:24:12,490 [INFO] IPUIPlugin:80 - create IPUIPlugin
2024-02-22 17:24:12,490 [INFO] IPUIPlugin:80 - create IPUIPlugin
2024-02-22 17:24:12,491 [INFO] IPUIPlugin:80 - create IPUIPlugin
2024-02-22 17:24:12,492 [INFO] IPUIPlugin:80 - create IPUIPlugin
2024-02-22 17:24:12,493 [INFO] IPUIPlugin:80 - create IPUIPlugin
2024-02-22 17:24:12,495 [INFO] IPUIPlugin:80 - create IPUIPlugin
2024-02-22 17:24:12,495 [INFO] IPUIPlugin:80 - create IPUIPlugin
2024-02-22 17:24:12,496 [INFO] IPUIPlugin:80 - create IPUIPlugin
2024-02-22 17:24:12,497 [INFO] IPUIPlugin:80 - create IPUIPlugin
2024-02-22 17:24:12,497 [INFO] IPUIPlugin:80 - create IPUIPlugin
2024-02-22 17:24:12,498 [INFO] IPUIPlugin:80 - create IPUIPlugin
2024-02-22 17:24:12,499 [INFO] IPUIPlugin:80 - create IPUIPlugin
2024-02-22 17:24:12,499 [INFO] IPUIPlugin:80 - create IPUIPlugin
2024-02-22 17:24:12,500 [INFO] IPUIPlugin:80 - create IPUIPlugin
2024-02-22 17:24:12,500 [INFO] IPUIPlugin:80 - create IPUIPlugin
2024-02-22 17:24:12,501 [INFO] IPUIPlugin:80 - create IPUIPlugin
2024-02-22 17:24:12,501 [INFO] IPUIPlugin:80 - create IPUIPlugin
2024-02-22 17:24:12,503 [INFO] IPUIPlugin:80 - create IPUIPlugin
2024-02-22 17:24:12,504 [INFO] IPUIPlugin:80 - create IPUIPlugin
2024-02-22 17:24:12,505 [INFO] IPUIPlugin:80 - create IPUIPlugin
2024-02-22 17:24:12,505 [INFO] IPUIPlugin:80 - create IPUIPlugin
2024-02-22 17:24:12,506 [INFO] IPUIPlugin:80 - create IPUIPlugin
2024-02-22 17:24:12,507 [INFO] IPUIPlugin:80 - create IPUIPlugin
2024-02-22 17:24:12,507 [INFO] IPUIPlugin:80 - create IPUIPlugin
2024-02-22 17:24:12,508 [INFO] IPUIPlugin:80 - create IPUIPlugin
2024-02-22 17:24:12,509 [INFO] IPUIPlugin:80 - create IPUIPlugin
2024-02-22 17:24:12,509 [INFO] IPUIPlugin:80 - create IPUIPlugin
2024-02-22 17:24:12,511 [INFO] IPUIPlugin:80 - create IPUIPlugin
2024-02-22 17:24:12,513 [INFO] IPUIPlugin:80 - create IPUIPlugin
2024-02-22 17:24:12,513 [INFO] IPUIPlugin:80 - create IPUIPlugin
2024-02-22 17:24:12,514 [INFO] IPUIPlugin:80 - create IPUIPlugin
2024-02-22 17:24:12,515 [INFO] IPUIPlugin:80 - create IPUIPlugin
2024-02-22 17:24:12,516 [INFO] IPUIPlugin:80 - create IPUIPlugin
2024-02-22 17:24:12,517 [INFO] IPUIPlugin:80 - create IPUIPlugin
2024-02-22 17:24:12,518 [INFO] IPUIPlugin:80 - create IPUIPlugin
2024-02-22 17:24:12,520 [INFO] IPUIPlugin:80 - create IPUIPlugin
2024-02-22 17:24:12,873 [INFO] CADModel:165 - CPN selected for project levelSTM32L476RGT6
2024-02-22 17:24:12,873 [INFO] CADModel:114 - Register for checkConnection events
2024-02-22 17:24:12,947 [INFO] OpenFileManager:343 - Restore cursor
2024-02-22 19:25:22,884 [ERROR] LogOutputStream:75 - [STDERR_REDIRECT] 
2024-02-22 19:25:22,886 [ERROR] LogOutputStream:75 - [STDERR_REDIRECT] 
