2024-03-05 15:53:04,649 [INFO] Activator:176 - 


2024-03-05 15:53:04,658 [INFO] Activator:177 - !SESSION log4j initialized
2024-03-05 15:53:12,376 [INFO] LogOutputStream:77 - [STDOUT_REDIRECT] 
2024-03-05 15:53:35,757 [INFO] ApplicationProperties:184 - Using Application install path: C:\STM32\program\STM32CubeIDE_1.14.0\STM32CubeIDE\plugins\com.st.stm32cube.common.mx_6.10.0.202311202037
2024-03-05 15:53:35,781 [INFO] DbMcusXml:78 - Set database path to: C:\STM32\program\STM32CubeIDE_1.14.0\STM32CubeIDE\plugins\com.st.stm32cube.common.mx_6.10.0.202311202037\\db\/mcu/
2024-03-05 15:53:35,782 [INFO] ApiDb:274 - Set plugin database path to: C:\STM32\program\STM32CubeIDE_1.14.0\STM32CubeIDE\plugins\com.st.stm32cube.common.mx_6.10.0.202311202037\\db\/plugins/boardmanager/
2024-03-05 15:53:35,783 [WARN] ApiDb:259 - Overriding images path with different value:  => C:\STM32\program\STM32CubeIDE_1.14.0\STM32CubeIDE\plugins\com.st.stm32cube.common.mx_6.10.0.202311202037\\db\/plugins/mcufinder/images/
2024-03-05 15:53:35,795 [INFO] ApiDb:250 - Set database path to: C:\Users\ciast\.stmcufinder\plugins\mcufinder//mcu/
2024-03-05 15:53:35,796 [INFO] DbMcusAds:125 - Set database path to: C:\Users\ciast\.stmcufinder\plugins\mcufinder//mcu/
2024-03-05 15:53:45,973 [ERROR] ConfigurationRetriever:142 - IOException on connection: sw-center.st.com
2024-03-05 15:53:45,974 [ERROR] ConfigurationRetriever:142 - IOException on connection: sw-center.st.com
2024-03-05 15:53:45,975 [ERROR] ConfigurationRetriever:142 - IOException on connection: sw-center.st.com
2024-03-05 15:53:47,834 [INFO] CrossReferenceDbSqlite:203 - Set database path to: C:\Users\ciast\.stmcufinder\plugins\mcufinder//mcu/cs/
2024-03-05 15:53:48,000 [INFO] RulesReader:64 - Compatibility file has been processed (297 Rules)
2024-03-05 15:53:48,118 [INFO] DbMcusXml:78 - Set database path to: C:\STM32\program\STM32CubeIDE_1.14.0\STM32CubeIDE\plugins\com.st.stm32cube.common.mx_6.10.0.202311202037\\db\/mcu/
2024-03-05 15:53:48,118 [INFO] ApiDb:274 - Set plugin database path to: C:\STM32\program\STM32CubeIDE_1.14.0\STM32CubeIDE\plugins\com.st.stm32cube.common.mx_6.10.0.202311202037\\db\/plugins/boardmanager/
2024-03-05 15:53:48,118 [INFO] ApiDb:261 - Set plugin images path to: C:\STM32\program\STM32CubeIDE_1.14.0\STM32CubeIDE\plugins\com.st.stm32cube.common.mx_6.10.0.202311202037\\db\/plugins/mcufinder/images/
2024-03-05 15:53:48,119 [WARN] DbFile:41 - Overriding database path with different value: C:\Users\ciast\.stmcufinder\plugins\mcufinder/ => C:\Users\ciast\.stmcufinder\plugins\mcufinder
2024-03-05 15:53:48,119 [INFO] ApiDb:250 - Set database path to: C:\Users\ciast\.stmcufinder\plugins\mcufinder//mcu/
2024-03-05 15:53:48,119 [WARN] DbFile:41 - Overriding database path with different value: C:\Users\ciast\.stmcufinder\plugins\mcufinder/ => C:\Users\ciast\.stmcufinder\plugins\mcufinder
2024-03-05 15:53:48,119 [INFO] DbMcusAds:125 - Set database path to: C:\Users\ciast\.stmcufinder\plugins\mcufinder//mcu/
2024-03-05 15:53:48,119 [WARN] DbFile:41 - Overriding database path with different value: C:\Users\ciast\.stmcufinder\plugins\mcufinder/ => C:\Users\ciast\.stmcufinder\plugins\mcufinder
2024-03-05 15:53:48,119 [WARN] DbFile:41 - Overriding database path with different value: C:\Users\ciast\.stmcufinder\plugins\mcufinder/ => C:\Users\ciast\.stmcufinder\plugins\mcufinder
2024-03-05 15:53:48,119 [INFO] CrossReferenceDbSqlite:203 - Set database path to: C:\Users\ciast\.stmcufinder\plugins\mcufinder//mcu/cs/
2024-03-05 15:53:48,227 [INFO] MainPanel:264 - HeapMemory: 268435456
2024-03-05 15:53:48,376 [INFO] DbMcusXml:78 - Set database path to: C:\STM32\program\STM32CubeIDE_1.14.0\STM32CubeIDE\plugins\com.st.stm32cube.common.mx_6.10.0.202311202037\\db\/mcu/
2024-03-05 15:53:48,376 [INFO] ApiDb:274 - Set plugin database path to: C:\STM32\program\STM32CubeIDE_1.14.0\STM32CubeIDE\plugins\com.st.stm32cube.common.mx_6.10.0.202311202037\\db\/plugins/boardmanager/
2024-03-05 15:53:48,376 [INFO] ApiDb:261 - Set plugin images path to: C:\STM32\program\STM32CubeIDE_1.14.0\STM32CubeIDE\plugins\com.st.stm32cube.common.mx_6.10.0.202311202037\\db\/plugins/mcufinder/images/
2024-03-05 15:53:48,377 [WARN] DbFile:41 - Overriding database path with different value: C:\Users\ciast\.stmcufinder\plugins\mcufinder/ => C:\Users\ciast\.stmcufinder\plugins\mcufinder
2024-03-05 15:53:48,377 [INFO] ApiDb:250 - Set database path to: C:\Users\ciast\.stmcufinder\plugins\mcufinder//mcu/
2024-03-05 15:53:48,377 [WARN] DbFile:41 - Overriding database path with different value: C:\Users\ciast\.stmcufinder\plugins\mcufinder/ => C:\Users\ciast\.stmcufinder\plugins\mcufinder
2024-03-05 15:53:48,377 [INFO] DbMcusAds:125 - Set database path to: C:\Users\ciast\.stmcufinder\plugins\mcufinder//mcu/
2024-03-05 15:53:48,378 [WARN] DbFile:41 - Overriding database path with different value: C:\Users\ciast\.stmcufinder\plugins\mcufinder/ => C:\Users\ciast\.stmcufinder\plugins\mcufinder
2024-03-05 15:53:48,378 [WARN] DbFile:41 - Overriding database path with different value: C:\Users\ciast\.stmcufinder\plugins\mcufinder/ => C:\Users\ciast\.stmcufinder\plugins\mcufinder
2024-03-05 15:53:48,378 [INFO] CrossReferenceDbSqlite:203 - Set database path to: C:\Users\ciast\.stmcufinder\plugins\mcufinder//mcu/cs/
2024-03-05 15:53:48,408 [INFO] ApplicationProperties:184 - Using Application install path: C:\STM32\program\STM32CubeIDE_1.14.0\STM32CubeIDE\plugins\com.st.stm32cube.common.mx_6.10.0.202311202037
2024-03-05 15:53:48,411 [INFO] PluginManage:196 - Search for loadable plugins [exclusion list=, ]
2024-03-05 15:53:48,414 [INFO] PluginManage:310 - Check plugin analytics
2024-03-05 15:54:15,793 [INFO] AnalyticsPlugin:253 - Accepted Software Licenses: 
2024-03-05 15:54:15,794 [INFO] AnalyticsPlugin:255 - Accepted CMSIS Pack Licenses: 
2024-03-05 15:54:15,794 [INFO] AnalyticsPlugin:257 - Accepted Firmware Licenses: FW.L4.1.18.0
2024-03-05 15:54:15,798 [INFO] PluginManage:359 - Loaded plugin analytics (category:tool,tabindex:-1)
2024-03-05 15:54:15,798 [INFO] PluginManage:310 - Check plugin cadmodel
2024-03-05 15:54:15,799 [ERROR] ConfigurationRetriever:142 - IOException on connection: sw-center.st.com
2024-03-05 15:54:15,801 [ERROR] ConfigurationRetriever:142 - IOException on connection: sw-center.st.com
2024-03-05 15:54:15,801 [ERROR] ConfigurationRetriever:142 - IOException on connection: sw-center.st.com
2024-03-05 15:54:15,822 [INFO] CADModel:105 - Init CAD model plugin
2024-03-05 15:54:15,823 [INFO] PluginManage:359 - Loaded plugin cadmodel (category:power,tabindex:5)
2024-03-05 15:54:15,823 [INFO] PluginManage:310 - Check plugin clock
2024-03-05 15:54:15,852 [INFO] PluginManage:359 - Loaded plugin clock (category:base,tabindex:2)
2024-03-05 15:54:15,853 [INFO] PluginManage:310 - Check plugin ddr
2024-03-05 15:54:15,856 [INFO] PluginManage:359 - Loaded plugin ddr (category:tool,tabindex:6)
2024-03-05 15:54:15,856 [INFO] PluginManage:310 - Check plugin filemanager
2024-03-05 15:54:16,077 [INFO] PluginManage:359 - Loaded plugin filemanager (category:base,tabindex:10)
2024-03-05 15:54:16,077 [INFO] PluginManage:310 - Check plugin ipmanager
2024-03-05 15:54:16,088 [INFO] PluginManage:359 - Loaded plugin ipmanager (category:base,tabindex:5)
2024-03-05 15:54:16,089 [INFO] PluginManage:310 - Check plugin lpbam
2024-03-05 15:54:16,117 [INFO] PluginManage:359 - Loaded plugin lpbam (category:base,tabindex:0)
2024-03-05 15:54:16,117 [INFO] PluginManage:310 - Check plugin memorymap
2024-03-05 15:54:16,151 [INFO] PluginManage:359 - Loaded plugin memorymap (category:base,tabindex:4)
2024-03-05 15:54:16,151 [INFO] PluginManage:310 - Check plugin pinoutandconfiguration
2024-03-05 15:54:16,174 [INFO] PluginManage:359 - Loaded plugin pinoutandconfiguration (category:base,tabindex:1)
2024-03-05 15:54:16,175 [INFO] PluginManage:310 - Check plugin pinoutconfig
2024-03-05 15:54:16,339 [WARN] SupportedApi:132 - Cannot load RTOS API schema: s4s-elt-must-match.1: The content of 'definitions' must match (annotation?, (simpleType | complexType)?, (unique | key | keyref)*)). A problem was found starting at: attribute.
2024-03-05 15:54:16,571 [INFO] PluginManage:359 - Loaded plugin pinoutconfig (category:base,tabindex:0)
2024-03-05 15:54:16,572 [INFO] PluginManage:310 - Check plugin power
2024-03-05 15:54:16,604 [INFO] PluginManage:359 - Loaded plugin power (category:power,tabindex:4)
2024-03-05 15:54:16,605 [INFO] PluginManage:310 - Check plugin projectmanager
2024-03-05 15:54:16,638 [INFO] PluginManage:359 - Loaded plugin projectmanager (category:projectmanager,tabindex:3)
2024-03-05 15:54:16,638 [INFO] PluginManage:310 - Check plugin thirdparty
2024-03-05 15:54:17,080 [INFO] PluginManage:359 - Loaded plugin thirdparty (category:base,tabindex:-1)
2024-03-05 15:54:17,079 [WARN] IntegrityCheckThread:84 - waiting for thirdparty lock release [integrity check]
2024-03-05 15:54:17,080 [INFO] PluginManage:310 - Check plugin tools
2024-03-05 15:54:17,080 [INFO] IntegrityCheckThread:86 - entering critical section [integrity check]
2024-03-05 15:54:17,081 [INFO] ThirdPartyUpdaterWithRetryManager:70 - Updater plugin not ready yet. [1/15]
2024-03-05 15:54:17,150 [INFO] PluginManage:359 - Loaded plugin tools (category:base,tabindex:7)
2024-03-05 15:54:17,150 [INFO] PluginManage:310 - Check plugin tutovideos
2024-03-05 15:54:17,457 [INFO] PluginManage:359 - Loaded plugin tutovideos (category:base,tabindex:-1)
2024-03-05 15:54:17,457 [INFO] PluginManage:310 - Check plugin updater
2024-03-05 15:54:17,476 [INFO] PluginManage:359 - Loaded plugin updater (category:base,tabindex:12)
2024-03-05 15:54:17,476 [INFO] PluginManage:310 - Check plugin userauth
2024-03-05 15:54:17,485 [INFO] UserAuth:114 - Init User Auth plugin
2024-03-05 15:54:17,485 [INFO] PluginManage:359 - Loaded plugin userauth (category:base,tabindex:14)
2024-03-05 15:54:17,486 [INFO] PluginManage:283 - PluginManage : Loaded plugins [17]
2024-03-05 15:54:17,890 [INFO] PinOutPanel:1499 - setPackage(No Configuration,No Configuration)
2024-03-05 15:54:18,033 [INFO] CADModel:165 - CPN selected for project level
2024-03-05 15:54:18,034 [INFO] CADModel:114 - Register for checkConnection events
2024-03-05 15:54:18,077 [INFO] IPUIPlugin:80 - create IPUIPlugin
2024-03-05 15:54:18,077 [INFO] PluginManager:220 - loadIPPluginJar : add adc
2024-03-05 15:54:18,126 [INFO] IPUIPlugin:80 - create IPUIPlugin
2024-03-05 15:54:18,126 [INFO] PluginManager:220 - loadIPPluginJar : add aes
2024-03-05 15:54:18,187 [INFO] IPUIPlugin:80 - create IPUIPlugin
2024-03-05 15:54:18,187 [INFO] PluginManager:220 - loadIPPluginJar : add can
2024-03-05 15:54:18,220 [INFO] IPUIPlugin:80 - create IPUIPlugin
2024-03-05 15:54:18,220 [INFO] PluginManager:220 - loadIPPluginJar : add comp
2024-03-05 15:54:18,268 [INFO] IPUIPlugin:80 - create IPUIPlugin
2024-03-05 15:54:18,268 [INFO] PluginManager:220 - loadIPPluginJar : add cryp
2024-03-05 15:54:18,311 [INFO] IPUIPlugin:80 - create IPUIPlugin
2024-03-05 15:54:18,311 [INFO] PluginManager:220 - loadIPPluginJar : add dfsdm
2024-03-05 15:54:18,332 [INFO] IPUIPlugin:80 - create IPUIPlugin
2024-03-05 15:54:18,333 [INFO] PluginManager:220 - loadIPPluginJar : add dma
2024-03-05 15:54:18,395 [INFO] IPUIPlugin:80 - create IPUIPlugin
2024-03-05 15:54:18,395 [INFO] PluginManager:220 - loadIPPluginJar : add dma3
2024-03-05 15:54:18,424 [INFO] IPUIPlugin:80 - create IPUIPlugin
2024-03-05 15:54:18,424 [INFO] PluginManager:220 - loadIPPluginJar : add fatfs
2024-03-05 15:54:18,495 [INFO] IPUIPlugin:80 - create IPUIPlugin
2024-03-05 15:54:18,495 [INFO] PluginManager:220 - loadIPPluginJar : add fmc
2024-03-05 15:54:18,519 [INFO] IPUIPlugin:80 - create IPUIPlugin
2024-03-05 15:54:18,519 [INFO] PluginManager:220 - loadIPPluginJar : add freertos
2024-03-05 15:54:18,549 [INFO] IPUIPlugin:80 - create IPUIPlugin
2024-03-05 15:54:18,549 [INFO] PluginManager:220 - loadIPPluginJar : add genericplugin
2024-03-05 15:54:18,692 [INFO] IPUIPlugin:80 - create IPUIPlugin
2024-03-05 15:54:18,693 [INFO] PluginManager:220 - loadIPPluginJar : add gfxmmu
2024-03-05 15:54:18,852 [INFO] IPUIPlugin:80 - create IPUIPlugin
2024-03-05 15:54:18,852 [INFO] PluginManager:220 - loadIPPluginJar : add gic
2024-03-05 15:54:18,872 [INFO] IPUIPlugin:80 - create IPUIPlugin
2024-03-05 15:54:18,872 [INFO] PluginManager:220 - loadIPPluginJar : add gpio
2024-03-05 15:54:19,002 [INFO] IPUIPlugin:80 - create IPUIPlugin
2024-03-05 15:54:19,003 [INFO] PluginManager:220 - loadIPPluginJar : add gtzc
2024-03-05 15:54:19,048 [INFO] IPUIPlugin:80 - create IPUIPlugin
2024-03-05 15:54:19,049 [INFO] PluginManager:220 - loadIPPluginJar : add hash
2024-03-05 15:54:19,124 [INFO] IPUIPlugin:80 - create IPUIPlugin
2024-03-05 15:54:19,124 [INFO] PluginManager:220 - loadIPPluginJar : add i2c
2024-03-05 15:54:19,182 [INFO] IPUIPlugin:80 - create IPUIPlugin
2024-03-05 15:54:19,183 [INFO] PluginManager:220 - loadIPPluginJar : add i2s
2024-03-05 15:54:19,241 [INFO] IPUIPlugin:80 - create IPUIPlugin
2024-03-05 15:54:19,241 [INFO] PluginManager:220 - loadIPPluginJar : add i3c
2024-03-05 15:54:19,389 [INFO] IPUIPlugin:80 - create IPUIPlugin
2024-03-05 15:54:19,389 [INFO] PluginManager:220 - loadIPPluginJar : add ipddr
2024-03-05 15:54:19,519 [INFO] IPUIPlugin:80 - create IPUIPlugin
2024-03-05 15:54:19,519 [INFO] PluginManager:220 - loadIPPluginJar : add linkedlist
2024-03-05 15:54:19,570 [INFO] IPUIPlugin:80 - create IPUIPlugin
2024-03-05 15:54:19,570 [INFO] PluginManager:220 - loadIPPluginJar : add lorawan
2024-03-05 15:54:19,635 [INFO] IPUIPlugin:80 - create IPUIPlugin
2024-03-05 15:54:19,635 [INFO] PluginManager:220 - loadIPPluginJar : add ltdc
2024-03-05 15:54:19,655 [INFO] IPUIPlugin:80 - create IPUIPlugin
2024-03-05 15:54:19,655 [INFO] PluginManager:220 - loadIPPluginJar : add mdma
2024-03-05 15:54:19,673 [INFO] IPUIPlugin:80 - create IPUIPlugin
2024-03-05 15:54:19,674 [INFO] PluginManager:220 - loadIPPluginJar : add nvic
2024-03-05 15:54:19,728 [INFO] IPUIPlugin:80 - create IPUIPlugin
2024-03-05 15:54:19,729 [INFO] PluginManager:220 - loadIPPluginJar : add opamp
2024-03-05 15:54:19,814 [INFO] IPUIPlugin:80 - create IPUIPlugin
2024-03-05 15:54:19,814 [INFO] PluginManager:220 - loadIPPluginJar : add openamp
2024-03-05 15:54:19,872 [INFO] IPUIPlugin:80 - create IPUIPlugin
2024-03-05 15:54:19,873 [INFO] PluginManager:220 - loadIPPluginJar : add pdm2pcm
2024-03-05 15:54:19,894 [INFO] IPUIPlugin:80 - create IPUIPlugin
2024-03-05 15:54:19,898 [INFO] PluginManager:220 - loadIPPluginJar : add plateformsettings
2024-03-05 15:54:19,928 [INFO] IPUIPlugin:80 - create IPUIPlugin
2024-03-05 15:54:19,928 [INFO] PluginManager:220 - loadIPPluginJar : add quadspi
2024-03-05 15:54:19,947 [INFO] IPUIPlugin:80 - create IPUIPlugin
2024-03-05 15:54:19,947 [INFO] PluginManager:220 - loadIPPluginJar : add resmgrutility
2024-03-05 15:54:20,029 [INFO] IPUIPlugin:80 - create IPUIPlugin
2024-03-05 15:54:20,029 [INFO] PluginManager:220 - loadIPPluginJar : add sai
2024-03-05 15:54:20,077 [INFO] IPUIPlugin:80 - create IPUIPlugin
2024-03-05 15:54:20,077 [INFO] PluginManager:220 - loadIPPluginJar : add spi
2024-03-05 15:54:20,085 [INFO] ThirdPartyUpdaterWithRetryManager:70 - Updater plugin not ready yet. [2/15]
2024-03-05 15:54:20,164 [INFO] IPUIPlugin:80 - create IPUIPlugin
2024-03-05 15:54:20,164 [INFO] PluginManager:220 - loadIPPluginJar : add stm32_wpan
2024-03-05 15:54:20,192 [INFO] IPUIPlugin:80 - create IPUIPlugin
2024-03-05 15:54:20,192 [INFO] PluginManager:220 - loadIPPluginJar : add tim
2024-03-05 15:54:20,259 [INFO] IPUIPlugin:80 - create IPUIPlugin
2024-03-05 15:54:20,259 [INFO] PluginManager:220 - loadIPPluginJar : add touchsensing
2024-03-05 15:54:20,288 [INFO] IPUIPlugin:80 - create IPUIPlugin
2024-03-05 15:54:20,288 [INFO] PluginManager:220 - loadIPPluginJar : add tracer_emb
2024-03-05 15:54:20,317 [INFO] IPUIPlugin:80 - create IPUIPlugin
2024-03-05 15:54:20,317 [INFO] PluginManager:220 - loadIPPluginJar : add ts
2024-03-05 15:54:20,348 [INFO] IPUIPlugin:80 - create IPUIPlugin
2024-03-05 15:54:20,349 [INFO] PluginManager:220 - loadIPPluginJar : add tsc
2024-03-05 15:54:20,403 [INFO] IPUIPlugin:80 - create IPUIPlugin
2024-03-05 15:54:20,403 [INFO] PluginManager:220 - loadIPPluginJar : add ucpd
2024-03-05 15:54:20,465 [INFO] IPUIPlugin:80 - create IPUIPlugin
2024-03-05 15:54:20,465 [INFO] PluginManager:220 - loadIPPluginJar : add usart
2024-03-05 15:54:20,531 [INFO] IPUIPlugin:80 - create IPUIPlugin
2024-03-05 15:54:20,531 [INFO] PluginManager:220 - loadIPPluginJar : add usbx
2024-03-05 15:54:20,713 [INFO] CADModel:165 - CPN selected for project level
2024-03-05 15:54:20,713 [INFO] CADModel:114 - Register for checkConnection events
2024-03-05 15:54:20,714 [FATAL] Updater:308 - Updater called before beeing initialized
2024-03-05 15:54:20,714 [ERROR] CADModel:125 - Updater not yet initialized, retry later 
2024-03-05 15:54:20,926 [INFO] CADModel:165 - CPN selected for project level
2024-03-05 15:54:20,926 [INFO] CADModel:114 - Register for checkConnection events
2024-03-05 15:54:20,926 [FATAL] Updater:308 - Updater called before beeing initialized
2024-03-05 15:54:20,926 [ERROR] CADModel:125 - Updater not yet initialized, retry later 
2024-03-05 15:54:20,930 [FATAL] Updater:308 - Updater called before beeing initialized
2024-03-05 15:54:21,115 [FATAL] Updater:308 - Updater called before beeing initialized
2024-03-05 15:54:21,130 [INFO] DbMcusAds:53 - JSON generation date=Wed Nov 29 11:52:27 CET 2023 (1701255147200)
2024-03-05 15:54:21,131 [FATAL] Updater:308 - Updater called before beeing initialized
2024-03-05 15:54:21,248 [WARN] DetailPanel:346 - Failed to get advertising image, set to default
2024-03-05 15:54:21,404 [FATAL] Updater:308 - Updater called before beeing initialized
2024-03-05 15:54:21,408 [FATAL] Updater:308 - Updater called before beeing initialized
2024-03-05 15:54:21,408 [FATAL] Updater:308 - Updater called before beeing initialized
2024-03-05 15:54:21,408 [WARN] DetailPanel:346 - Failed to get advertising image, set to default
2024-03-05 15:54:21,409 [FATAL] Updater:308 - Updater called before beeing initialized
2024-03-05 15:54:21,589 [ERROR] Updater:1120 - MainUpdater not yet initialized. External WinMGr cannot be set.
2024-03-05 15:54:21,606 [INFO] Updater:1056 - Updater Version found : 6.10.0
2024-03-05 15:54:21,632 [INFO] ApplicationProperties:184 - Using Application install path: C:\STM32\program\STM32CubeIDE_1.14.0\STM32CubeIDE\plugins\com.st.stm32cube.common.mx_6.10.0.202311202037
2024-03-05 15:54:23,087 [INFO] ThirdPartyUpdaterWithRetryManager:70 - Updater plugin not ready yet. [3/15]
2024-03-05 15:54:23,232 [ERROR] LogOutputStream:75 - [STDERR_REDIRECT] Mar 05, 2024 3:54:23 PM java.util.prefs.WindowsPreferences <init>
2024-03-05 15:54:23,235 [ERROR] LogOutputStream:75 - [STDERR_REDIRECT] WARNING: Could not open/create prefs root node Software\JavaSoft\Prefs at root 0xffffffff80000002. Windows RegCreateKeyEx(...) returned error code 5.
2024-03-05 15:54:23,236 [ERROR] LogOutputStream:75 - [STDERR_REDIRECT] 
2024-03-05 15:54:23,565 [INFO] MainUpdater:2873 - connection check result : 22
2024-03-05 15:54:23,566 [INFO] MainUpdater:290 - Updater Check For Update Now.
2024-03-05 15:54:23,566 [INFO] MicroXplorer:498 - Change Database Version : DB.6.0.100
2024-03-05 15:54:23,600 [INFO] McuFinderGlobals:63 - Set McuFinder mode to 2 (CubeIDE integrated)
2024-03-05 15:54:23,993 [INFO] CheckServerUpdateThread:120 - End of CheckServer Thread
2024-03-05 15:54:24,003 [INFO] UserAuth:404 - Internet connection configuration mode: 2
2024-03-05 15:54:26,432 [WARN] PackLoader:240 - Cannot read IP mode file for STMicroelectronics.X-CUBE-SMBUS.2.1.0
2024-03-05 15:54:26,455 [WARN] PackLoader:240 - Cannot read IP mode file for STMicroelectronics.X-CUBE-TOUCHGFX.4.23.0
2024-03-05 15:54:26,541 [WARN] PackLoader:240 - Cannot read IP mode file for STMicroelectronics.X-CUBE-AZRTOS-F7.1.1.0
2024-03-05 15:54:26,579 [WARN] PackLoader:240 - Cannot read IP mode file for STMicroelectronics.FP-SNS-MOTENV1.4.3.2
2024-03-05 15:54:26,610 [WARN] PackLoader:240 - Cannot read IP mode file for STMicroelectronics.FP-SNS-FLIGHT1.5.0.2
2024-03-05 15:54:26,643 [WARN] PackLoader:240 - Cannot read IP mode file for STMicroelectronics.X-CUBE-DISPLAY.3.0.0
2024-03-05 15:54:26,683 [WARN] PackLoader:240 - Cannot read IP mode file for STMicroelectronics.X-CUBE-BLE1.7.0.0
2024-03-05 15:54:26,711 [WARN] PackLoader:240 - Cannot read IP mode file for emotas.I-CUBE-CANOPEN.1.3.0
2024-03-05 15:54:26,750 [WARN] PackLoader:240 - Cannot read IP mode file for STMicroelectronics.X-CUBE-BLEMGR.3.1.0
2024-03-05 15:54:26,781 [WARN] PackLoader:240 - Cannot read IP mode file for STMicroelectronics.FP-SNS-SMARTAG2.1.2.0
2024-03-05 15:54:26,822 [INFO] LogOutputStream:77 - [STDOUT_REDIRECT] 1 : Invalid condition id : UX_CORESTACK_Condition cause : null
2024-03-05 15:54:26,824 [INFO] LogOutputStream:77 - [STDOUT_REDIRECT] 1 : Invalid condition id : UX_CORESTACK_Condition cause : null
2024-03-05 15:54:26,827 [INFO] LogOutputStream:77 - [STDOUT_REDIRECT] 1 : Invalid condition id : UX_CORESTACK_Condition cause : null
2024-03-05 15:54:26,829 [INFO] LogOutputStream:77 - [STDOUT_REDIRECT] 1 : Invalid condition id : UX_CORESTACK_Condition cause : null
2024-03-05 15:54:26,832 [INFO] LogOutputStream:77 - [STDOUT_REDIRECT] 1 : Invalid condition id : UX_CORESTACK_Condition cause : null
2024-03-05 15:54:26,842 [WARN] PackLoader:240 - Cannot read IP mode file for STMicroelectronics.X-CUBE-AZRTOS-WL.2.0.0
2024-03-05 15:54:26,884 [WARN] PackLoader:240 - Cannot read IP mode file for WES.I-CUBE-Cesium.1.3.0
2024-03-05 15:54:26,914 [WARN] PackLoader:240 - Cannot read IP mode file for STMicroelectronics.X-CUBE-BLE2.3.3.0
2024-03-05 15:54:26,948 [WARN] PackLoader:240 - Cannot read IP mode file for STMicroelectronics.X-CUBE-ALGOBUILD.1.3.0
2024-03-05 15:54:27,006 [WARN] PackLoader:240 - Cannot read IP mode file for STMicroelectronics.X-CUBE-AZRTOS-G0.1.1.0
2024-03-05 15:54:27,043 [WARN] PackLoader:240 - Cannot read IP mode file for STMicroelectronics.X-CUBE-NFC4.3.0.0
2024-03-05 15:54:27,089 [WARN] PackLoader:240 - Cannot read IP mode file for STMicroelectronics.X-CUBE-BLEMGR.3.0.0
2024-03-05 15:54:27,120 [WARN] PackLoader:240 - Cannot read IP mode file for STMicroelectronics.FP-ATR-SIGFOX1.3.2.0
2024-03-05 15:54:27,164 [WARN] PackLoader:240 - Cannot read IP mode file for STMicroelectronics.X-CUBE-EEPRMA1.5.1.0
2024-03-05 15:54:27,248 [WARN] PackLoader:240 - Cannot read IP mode file for SEGGER.I-CUBE-embOS.1.3.1
2024-03-05 15:54:27,348 [WARN] PackLoader:240 - Cannot read IP mode file for STMicroelectronics.X-CUBE-GNSS1.6.0.0
2024-03-05 15:54:27,410 [WARN] PackLoader:240 - Cannot read IP mode file for STMicroelectronics.X-CUBE-AZRTOS-F4.1.1.0
2024-03-05 15:54:27,442 [WARN] PackLoader:240 - Cannot read IP mode file for wolfSSL.I-CUBE-wolfSSL.5.6.6
2024-03-05 15:54:27,470 [INFO] McuFinderGlobals:63 - Set McuFinder mode to 2 (CubeIDE integrated)
2024-03-05 15:54:27,505 [WARN] PackLoader:240 - Cannot read IP mode file for STMicroelectronics.X-CUBE-AZRTOS-L5.2.0.0
2024-03-05 15:54:27,537 [WARN] PackLoader:240 - Cannot read IP mode file for STMicroelectronics.X-CUBE-EEPRMA1.4.2.0
2024-03-05 15:54:27,559 [WARN] PackLoader:240 - Cannot read IP mode file for ITTIA_DB.I-CUBE-ITTIADB.8.8.0
2024-03-05 15:54:27,581 [WARN] PackLoader:240 - Cannot read IP mode file for STMicroelectronics.X-CUBE-NFC7.1.0.1
2024-03-05 15:54:27,613 [WARN] PackLoader:240 - Cannot read IP mode file for STMicroelectronics.X-CUBE-NFC6.3.0.0
2024-03-05 15:54:27,636 [WARN] PackLoader:240 - Cannot read IP mode file for STMicroelectronics.X-CUBE-AI.8.1.0
2024-03-05 15:54:27,697 [WARN] ConditionMgr:438 - getConditionDescription Invalid condition id : LAN8742 Phy interface Condition cause : null
2024-03-05 15:54:27,698 [WARN] PackLoader:240 - Cannot read IP mode file for STMicroelectronics.X-CUBE-AZRTOS-L4.2.0.0
2024-03-05 15:54:27,700 [WARN] ConditionMgr:1039 - genDependencies : Invalid condition id : LAN8742 Phy interface Condition cause : null
2024-03-05 15:54:27,701 [WARN] ConditionMgr:1039 - genDependencies : Invalid condition id : LAN8742 Phy interface Condition cause : null
2024-03-05 15:54:27,701 [WARN] ConditionMgr:1039 - genDependencies : Invalid condition id : LAN8742 Phy interface Condition cause : null
2024-03-05 15:54:27,724 [WARN] PackLoader:240 - Cannot read IP mode file for STMicroelectronics.X-CUBE-SFXS2LP1.4.0.0
2024-03-05 15:54:27,777 [WARN] ConditionMgr:438 - getConditionDescription Invalid condition id : UX DEVICE CLASS RTOS Condition cause : null
2024-03-05 15:54:27,778 [WARN] ConditionMgr:438 - getConditionDescription Invalid condition id : UX DEVICE CLASS RTOS Condition cause : null
2024-03-05 15:54:27,781 [WARN] PackLoader:240 - Cannot read IP mode file for STMicroelectronics.X-CUBE-AZRTOS-WB.2.0.0
2024-03-05 15:54:27,783 [WARN] ConditionMgr:1039 - genDependencies : Invalid condition id : UX DEVICE CLASS RTOS Condition cause : null
2024-03-05 15:54:27,783 [WARN] ConditionMgr:1039 - genDependencies : Invalid condition id : UX DEVICE CLASS RTOS Condition cause : null
2024-03-05 15:54:27,793 [WARN] ConditionMgr:1039 - genDependencies : Invalid condition id : UX DEVICE CLASS RTOS Condition cause : null
2024-03-05 15:54:27,794 [WARN] ConditionMgr:1039 - genDependencies : Invalid condition id : UX DEVICE CLASS RTOS Condition cause : null
2024-03-05 15:54:27,794 [WARN] ConditionMgr:1039 - genDependencies : Invalid condition id : UX DEVICE CLASS RTOS Condition cause : null
2024-03-05 15:54:27,841 [WARN] PackLoader:240 - Cannot read IP mode file for STMicroelectronics.X-CUBE-SUBG2.5.0.0
2024-03-05 15:54:27,898 [INFO] MainUpdater:2873 - connection check result : 10
2024-03-05 15:54:27,935 [WARN] PackLoader:240 - Cannot read IP mode file for STMicroelectronics.X-CUBE-AZRTOS-G4.2.0.0
2024-03-05 15:54:27,936 [INFO] MainUpdater:2873 - connection check result : 10
2024-03-05 15:54:28,000 [WARN] PackLoader:240 - Cannot read IP mode file for Infineon.AIROC-Wi-Fi-Bluetooth-STM32.1.5.1
2024-03-05 15:54:28,043 [WARN] PackLoader:240 - Cannot read IP mode file for STMicroelectronics.FP-SNS-MOTENVWB1.1.3.1
2024-03-05 15:54:28,075 [WARN] PackLoader:240 - Cannot read IP mode file for STMicroelectronics.X-CUBE-ISPU.2.0.0
2024-03-05 15:54:28,216 [WARN] PackLoader:240 - Cannot read IP mode file for STMicroelectronics.X-CUBE-MEMS1.10.0.0
2024-03-05 15:54:28,408 [INFO] MicroXplorer:468 - Change Database Path : 
2024-03-05 15:54:28,408 [INFO] MicroXplorer:498 - Change Database Version : DB.6.0.100
2024-03-05 15:54:28,417 [WARN] ThirdParty:871 - waiting for thirdparty lock release [close project]
2024-03-05 15:54:28,566 [WARN] PackLoader:240 - Cannot read IP mode file for STMicroelectronics.X-CUBE-FREERTOS.1.1.0
2024-03-05 15:54:28,597 [WARN] PackLoader:240 - Cannot read IP mode file for portGmbH.I-Cube-SoM-uGOAL.1.1.0
2024-03-05 15:54:28,625 [WARN] PackLoader:240 - Cannot read IP mode file for STMicroelectronics.X-CUBE-ALS.1.0.1
2024-03-05 15:54:28,659 [WARN] PackLoader:240 - Cannot read IP mode file for STMicroelectronics.FP-ATR-ASTRA1.2.0.0
2024-03-05 15:54:28,733 [WARN] PackLoader:240 - Cannot read IP mode file for STMicroelectronics.X-CUBE-TOF1.3.4.0
2024-03-05 15:54:28,820 [WARN] PackLoader:240 - Cannot read IP mode file for STMicroelectronics.X-CUBE-AZRTOS-H7.3.2.0
2024-03-05 15:54:28,826 [INFO] ThirdParty:978 - Integrity check success = true
2024-03-05 15:54:28,826 [INFO] IntegrityCheckThread:100 - exiting critical section [integrity check]
2024-03-05 15:54:28,826 [INFO] IntegrityCheckThread:103 - End integrity checks thread
2024-03-05 15:54:28,827 [INFO] ThirdParty:873 - entering critical section [close project]
2024-03-05 15:54:28,828 [INFO] ThirdParty:883 - exiting critical section [close project]
2024-03-05 15:54:28,832 [INFO] PinOutPanel:1499 - setPackage(No Configuration,No Configuration)
2024-03-05 15:54:28,839 [INFO] UtilMem:75 - Begin LoadConfig() Used Memory: 182191192 Bytes (268435456)
2024-03-05 15:54:28,842 [INFO] MicroXplorer:468 - Change Database Path : 
2024-03-05 15:54:28,842 [INFO] MicroXplorer:498 - Change Database Version : DB.6.0.100
2024-03-05 15:54:28,842 [INFO] OpenFileManager:312 - Change cursor
2024-03-05 15:54:28,905 [INFO] Mcu:2016 - Initializing MCU STM32L476R(C-E-G)Tx STM32L476RGTx STM32L476RGT6
2024-03-05 15:54:34,201 [INFO] Context:659 - Trying to add GPIOservice into a context  which must be forbidden
2024-03-05 15:54:35,674 [INFO] RtosManager:555 - Registered RTOS mode: class=CMSIS, group=RTOS, mode=CMSIS_V1, owner=FREERTOS
2024-03-05 15:54:35,674 [INFO] RtosManager:555 - Registered RTOS mode: class=CMSIS, group=RTOS2, mode=CMSIS_V2, owner=FREERTOS
2024-03-05 15:54:35,675 [INFO] RtosManager:555 - Registered RTOS mode: class=RTOS, group=Core, mode=CMSIS_V1, owner=FREERTOS
2024-03-05 15:54:35,675 [INFO] RtosManager:555 - Registered RTOS mode: class=RTOS, group=Core, mode=CMSIS_V2, owner=FREERTOS
2024-03-05 15:54:35,675 [WARN] ModelIntegratedComponent:184 - Missing modes for component STMicroelectronics:FreeRTOS:0.0.1:STMicroelectronics:RTOS:FreeRTOS:Core:::10.2.0:
2024-03-05 15:54:35,709 [WARN] ModelIntegratedComponent:63 - No mode defined for component null
2024-03-05 15:54:35,710 [WARN] ModelIntegratedComponent:63 - No mode defined for component null
2024-03-05 15:54:35,710 [WARN] ModelIntegratedComponent:63 - No mode defined for component null
2024-03-05 15:54:35,710 [WARN] ModelIntegratedComponent:63 - No mode defined for component null
2024-03-05 15:54:35,710 [WARN] ModelIntegratedComponent:63 - No mode defined for component null
2024-03-05 15:54:35,710 [WARN] ModelIntegratedComponent:63 - No mode defined for component null
2024-03-05 15:54:35,710 [WARN] ModelIntegratedComponent:63 - No mode defined for component null
2024-03-05 15:54:35,710 [WARN] ModelIntegratedComponent:63 - No mode defined for component null
2024-03-05 15:54:35,710 [WARN] ModelIntegratedComponent:63 - No mode defined for component null
2024-03-05 15:54:35,710 [WARN] ModelIntegratedComponent:63 - No mode defined for component null
2024-03-05 15:54:35,710 [WARN] ModelIntegratedComponent:63 - No mode defined for component null
2024-03-05 15:54:35,711 [WARN] ModelIntegratedComponent:63 - No mode defined for component null
2024-03-05 15:54:35,711 [WARN] ModelIntegratedComponent:63 - No mode defined for component null
2024-03-05 15:54:35,711 [WARN] ModelIntegratedComponent:63 - No mode defined for component null
2024-03-05 15:54:35,711 [WARN] ModelIntegratedComponent:63 - No mode defined for component null
2024-03-05 15:54:35,711 [WARN] ModelIntegratedComponent:63 - No mode defined for component null
2024-03-05 15:54:35,711 [WARN] ModelIntegratedComponent:63 - No mode defined for component null
2024-03-05 15:54:35,711 [WARN] ModelIntegratedComponent:63 - No mode defined for component null
2024-03-05 15:54:35,711 [WARN] ModelIntegratedComponent:63 - No mode defined for component null
2024-03-05 15:54:35,711 [WARN] ModelIntegratedComponent:63 - No mode defined for component null
2024-03-05 15:54:35,711 [WARN] ModelIntegratedComponent:63 - No mode defined for component null
2024-03-05 15:54:35,711 [WARN] ModelIntegratedComponent:63 - No mode defined for component null
2024-03-05 15:54:35,712 [WARN] ModelIntegratedComponent:63 - No mode defined for component null
2024-03-05 15:54:35,712 [WARN] ModelIntegratedComponent:63 - No mode defined for component null
2024-03-05 15:54:35,712 [WARN] ModelIntegratedComponent:63 - No mode defined for component null
2024-03-05 15:54:35,712 [WARN] ModelIntegratedComponent:63 - No mode defined for component null
2024-03-05 15:54:35,712 [WARN] ModelIntegratedComponent:63 - No mode defined for component null
2024-03-05 15:54:35,712 [WARN] ModelIntegratedComponent:63 - No mode defined for component null
2024-03-05 15:54:35,712 [WARN] ModelIntegratedComponent:63 - No mode defined for component null
2024-03-05 15:54:35,712 [WARN] ModelIntegratedComponent:63 - No mode defined for component null
2024-03-05 15:54:35,712 [WARN] ModelIntegratedComponent:63 - No mode defined for component null
2024-03-05 15:54:35,712 [WARN] ModelIntegratedComponent:63 - No mode defined for component null
2024-03-05 15:54:35,713 [WARN] ModelIntegratedComponent:63 - No mode defined for component null
2024-03-05 15:54:35,952 [INFO] ThirdPartyModel:298 - Start build external matchings
2024-03-05 15:54:36,283 [INFO] ThirdPartyModel:316 - End build external matchings
2024-03-05 15:54:36,315 [INFO] ImportTextPane:194 - (OptionalMessage_ERROR) IP (RCC) : Invalid parameter (FamilyName)
2024-03-05 15:54:36,327 [INFO] ImportTextPane:194 - (OptionalMessage_ERROR) IP (RCC) : Parameter (VCOOutputFreq_Value) has invalid value (32000000)
2024-03-05 15:54:37,125 [INFO] UtilMem:75 - End LoadConfig() Used Memory: 218833200 Bytes (545259520)
2024-03-05 15:54:37,374 [INFO] ApiDb:581 - Connected to CubeFinder SQLite database (C:\Users\ciast\.stmcufinder\plugins\mcufinder\mcu\cube-finder-db.db)
2024-03-05 15:54:37,536 [INFO] ApiDb:668 - CubeFinder database Data Model version=2.1
2024-03-05 15:54:37,536 [INFO] ApiDb:669 - CubeFinder database Configuration version=3.0.39
2024-03-05 15:54:37,536 [INFO] ApiDb:670 - CubeFinder database generation date=2024-01-11 (1704964531)
2024-03-05 15:54:37,536 [INFO] ApiDb:671 - CubeFinder database FW Pack versions=[FP-ATR-ASTRA1_V2.0.0, FP-SNS-FLIGHT1_V5.0.1, FP-SNS-FLIGHT1_V5.0.2, FP-SNS-MOTENV1_V4.3.1, FP-SNS-MOTENV1_V4.3.2, FP-SNS-MOTENVWB1_V1.3.1, FP-SNS-SMARTAG2_V1.2.0, STM32Cube_FW_C0_V1.1.0, STM32Cube_FW_F4_V1.28.0, STM32Cube_FW_F7_V1.17.0, STM32Cube_FW_G0_V1.6.2, STM32Cube_FW_G4_V1.5.2, STM32Cube_FW_H5_V0.5.1, STM32Cube_FW_H5_V1.1.1, STM32Cube_FW_H5_V1.2.0RC2, STM32Cube_FW_H7_V1.11.0, STM32Cube_FW_L0_V1.12.2, STM32Cube_FW_L5_V1.5.0, STM32Cube_FW_U5_V1.3.0RC4, STM32Cube_FW_U5_V1.4.0, STM32Cube_FW_WBA_V1.0.0RC1, STM32Cube_FW_WBA_V1.1.0RC1, STM32Cube_FW_WBA_V1.2.0, STM32Cube_FW_WBA_V1.2.0RC2, STM32Cube_FW_WB_V1.15.0RC1, STM32Cube_FW_WB_V1.16.0, STM32Cube_FW_WB_V1.16.0RC2, STM32Cube_FW_WB_V1.18.0, STM32Cube_FW_WL_V1.3.0, X-CUBE-ALGOBUILD_V1.3.0, X-CUBE-ALS_V1.0.1, X-CUBE-AZRTOS-F4_V1.1.0, X-CUBE-AZRTOS-F7_V1.1.0, X-CUBE-AZRTOS-G0_V1.1.0, X-CUBE-AZRTOS-G4_V2.0.0, X-CUBE-AZRTOS-H7_V3.2.0, X-CUBE-AZRTOS-L4_V1.0.0, X-CUBE-AZRTOS-L4_V2.0.0, X-CUBE-AZRTOS-L5_V1.1.0, X-CUBE-AZRTOS-WB_V2.0.0, X-CUBE-AZRTOS-WL_V2.0.0, X-CUBE-BLE1_V7.0.0, X-CUBE-BLE2_V3.3.0, X-CUBE-BLEMGR_V3.0.0, X-CUBE-EEPRMA1_V4.1.0, X-CUBE-EEPRMA1_V4.2.0, X-CUBE-FREERTOS_V1.1.0, X-CUBE-GNSS1_V6.0.0, X-CUBE-MEMS1_V10.0.0, X-CUBE-MEMS1_V9.1.0, X-CUBE-MEMS1_V9.4.0, X-CUBE-MEMS1_V9.6.0, X-CUBE-NFC4_V3.0.0, X-CUBE-NFC7_V1.0.1, X-CUBE-SFXS2LP1_V4.0.0, X-CUBE-SUBG2_V5.0.0, X-CUBE-TOF1_V3.4.0]
2024-03-05 15:54:40,954 [INFO] ApiDb:240 - Found 371 in-development CPN: [B-G473E-ZEST1S, B-WB1M-WPAN1, B-WL5M-SUBG1, NUCLEO-C031C6, NUCLEO-H503RB, NUCLEO-H563ZI, NUCLEO-U545RE-Q, NUCLEO-U5A5ZJ-Q, NUCLEO-WBA52CG, NUCLEO-WBA55CG, STEVAL-MKBOXPRO, STEVAL-PROTEUS1, STEVAL-STWINBX1, STM320518-EVAL, STM32C0116-DK, STM32C011D6Y3TR, STM32C011D6Y6TR, STM32C011F4P3, STM32C011F4P6, STM32C011F4U3, STM32C011F4U6TR, STM32C011F6P3, STM32C011F6P6, STM32C011F6U3, STM32C011F6U6TR, STM32C011J4M3, STM32C011J4M6, STM32C011J6M3, STM32C011J6M6, STM32C0316-DK, STM32C031C4T3, STM32C031C4T6, STM32C031C4U3, STM32C031C4U6, STM32C031C6T3, STM32C031C6T6, STM32C031C6U3, STM32C031C6U6, STM32C031F4P3, STM32C031F4P6, STM32C031F6P3, STM32C031F6P6, STM32C031G4U3, STM32C031G4U6, STM32C031G6U3, STM32C031G6U6, STM32C031K4T3, STM32C031K4T6, STM32C031K4U3, STM32C031K4U6, STM32C031K6T3, STM32C031K6T6, STM32C031K6U3, STM32C031K6U6, STM32G071K8TXN, STM32G071K8UXN, STM32G081GBU6N, STM32G081KBT6N, STM32G081KBUXN, STM32G0B1CCT6N, STM32G0B1KCT6, STM32G0B1NEY6TR, STM32G0B1RCT6N, STM32G0C1CCT6, STM32G0C1CCT6N, STM32G0C1CCU6N, STM32G0C1CET6N, STM32G0C1CEU6N, STM32G0C1KCT6, STM32G0C1NEY6TR, STM32G0C1RCI6N, STM32G0C1RCT6N, STM32G0C1REI6N, STM32G0C1RET6N, STM32G0C1VCI6, STM32G0C1VEI6, STM32G471CCT6, STM32G471CCU6, STM32G471CET3, STM32G471CET6, STM32G471CEU3, STM32G471CEU6, STM32G471MCT6, STM32G471MET3, STM32G471MET6, STM32G471MEY6TR, STM32G471QCT6, STM32G471QET3, STM32G471RCT6, STM32G471RET3, STM32G471RET6, STM32G471VCH6, STM32G471VCI6, STM32G471VCT6, STM32G471VEH3, STM32G471VEH6, STM32G471VEI3, STM32G471VEI6, STM32G471VET3, STM32G471VET6, STM32G474CCT6, STM32H503CBT6, STM32H503CBU6, STM32H503EBY6TR, STM32H503KBU6, STM32H503RBT6, STM32H562AGI6, STM32H562AII6, STM32H562IGK6, STM32H562IGT6, STM32H562IIK6, STM32H562IIT6, STM32H562RGT6, STM32H562RGV6, STM32H562RIT6, STM32H562RIV6, STM32H562VGT6, STM32H562VIT6, STM32H562ZGT6, STM32H562ZIT6, STM32H563AGI6, STM32H563AII3Q, STM32H563AII6, STM32H563IGK6, STM32H563IGT6, STM32H563IIK3Q, STM32H563IIK6, STM32H563IIT3Q, STM32H563IIT6, STM32H563MIY3QTR, STM32H563RGT6, STM32H563RGV6, STM32H563RIT6, STM32H563RIV6, STM32H563VGT6, STM32H563VIT3Q, STM32H563VIT6, STM32H563ZGT6, STM32H563ZIT3Q, STM32H563ZIT6, STM32H573AII3Q, STM32H573AII6, STM32H573I-DK, STM32H573IIK3Q, STM32H573IIK6, STM32H573IIT3Q, STM32H573IIT6, STM32H573MIY3QTR, STM32H573RIT6, STM32H573RIV6, STM32H573VIT3Q, STM32H573VIT6, STM32H573ZIT3Q, STM32H573ZIT6, STM32L4R5QGI6STR, STM32MP131AAE3, STM32MP131AAF3, STM32MP131AAG3, STM32MP131CAE3, STM32MP131CAF3, STM32MP131CAG3, STM32MP131DAE7, STM32MP131DAF7, STM32MP131DAG7, STM32MP131FAE7, STM32MP131FAF7, STM32MP131FAG7, STM32MP133AAE3, STM32MP133AAF3, STM32MP133AAG3, STM32MP133CAE3, STM32MP133CAF3, STM32MP133CAG3, STM32MP133DAE7, STM32MP133DAF7, STM32MP133DAG7, STM32MP133FAE7, STM32MP133FAF7, STM32MP133FAG7, STM32MP135AAE3, STM32MP135AAF3, STM32MP135AAG3, STM32MP135CAE3, STM32MP135CAF3, STM32MP135CAG3, STM32MP135DAE7, STM32MP135DAF7, STM32MP135DAG7, STM32MP135F-DK, STM32MP135FAE7, STM32MP135FAF7, STM32MP135FAF7T, STM32MP135FAF7U, STM32MP135FAG7, STM32U535CBT6, STM32U535CBT6Q, STM32U535CBU6, STM32U535CBU6Q, STM32U535CCT6, STM32U535CCT6Q, STM32U535CCU6, STM32U535CCU6Q, STM32U535CET6, STM32U535CET6Q, STM32U535CEU6, STM32U535CEU6Q, STM32U535JEY6QTR, STM32U535NCY6QTR, STM32U535NEY6QTR, STM32U535RBI6, STM32U535RBI6Q, STM32U535RBT6, STM32U535RBT6Q, STM32U535RCI6, STM32U535RCI6Q, STM32U535RCT6, STM32U535RCT6Q, STM32U535REI6, STM32U535REI6Q, STM32U535RET6, STM32U535RET6Q, STM32U535VCI6, STM32U535VCI6Q, STM32U535VCT6, STM32U535VCT6Q, STM32U535VEI6, STM32U535VEI6Q, STM32U535VET6, STM32U535VET6Q, STM32U545CET6, STM32U545CET6Q, STM32U545CEU6, STM32U545CEU6Q, STM32U545JEY6QTR, STM32U545NEY6QTR, STM32U545REI6, STM32U545REI6Q, STM32U545RET6, STM32U545RET6Q, STM32U545VEI6, STM32U545VEI6Q, STM32U545VET6, STM32U545VET6Q, STM32U595AIH6, STM32U595AIH6Q, STM32U595AJH6, STM32U595AJH6Q, STM32U595QII6, STM32U595QII6Q, STM32U595QJI6, STM32U595QJI6Q, STM32U595RIT6, STM32U595RIT6Q, STM32U595RJT6, STM32U595RJT6Q, STM32U595VIT6, STM32U595VIT6Q, STM32U595VJT6, STM32U595VJT6Q, STM32U595ZIT6, STM32U595ZIT6Q, STM32U595ZIY6QTR, STM32U595ZJT6, STM32U595ZJT6Q, STM32U595ZJY6QTR, STM32U599BJY6QTR, STM32U599NIH6Q, STM32U599NJH6Q, STM32U599VIT6Q, STM32U599VJT6, STM32U599VJT6Q, STM32U599ZIT6Q, STM32U599ZIY6QTR, STM32U599ZJT6Q, STM32U599ZJY6QTR, STM32U5A5AJH6, STM32U5A5AJH6Q, STM32U5A5QJI6, STM32U5A5QJI6Q, STM32U5A5RJT6, STM32U5A5RJT6Q, STM32U5A5VJT6, STM32U5A5VJT6Q, STM32U5A5ZJT6, STM32U5A5ZJT6Q, STM32U5A5ZJY6QTR, STM32U5A9BJY6QTR, STM32U5A9J-DK, STM32U5A9NJH6Q, STM32U5A9VJT6Q, STM32U5A9ZJT6Q, STM32U5A9ZJY6QTR, STM32U5F7VIT6, STM32U5F7VIT6Q, STM32U5F7VJT6, STM32U5F7VJT6Q, STM32U5F9BJY6QTR, STM32U5F9NJH6Q, STM32U5F9VIT6Q, STM32U5F9VJT6Q, STM32U5F9ZIJ6QTR, STM32U5F9ZIT6Q, STM32U5F9ZJJ6QTR, STM32U5F9ZJT6Q, STM32U5G7VJT6, STM32U5G7VJT6Q, STM32U5G9BJY6QTR, STM32U5G9J-DK1, STM32U5G9J-DK2, STM32U5G9NJH6Q, STM32U5G9VJT6Q, STM32U5G9ZJJ6QTR, STM32U5G9ZJT6Q, STM32WB1MMCH6, STM32WBA50KEU6, STM32WBA50KEU6TR, STM32WBA50KGU6, STM32WBA50KGU6TR, STM32WBA52CEU6, STM32WBA52CEU6TR, STM32WBA52CEU7, STM32WBA52CEU7TR, STM32WBA52CGU6, STM32WBA52CGU6TR, STM32WBA52CGU6U, STM32WBA52CGU7, STM32WBA52CGU7TR, STM32WBA52KEU6, STM32WBA52KEU6TR, STM32WBA52KGU6, STM32WBA52KGU6TR, STM32WBA54CEU6, STM32WBA54CEU6TR, STM32WBA54CEU7, STM32WBA54CEU7TR, STM32WBA54CGU6, STM32WBA54CGU6TR, STM32WBA54CGU7, STM32WBA54CGU7TR, STM32WBA54KEU6, STM32WBA54KEU6TR, STM32WBA54KEU7, STM32WBA54KEU7TR, STM32WBA54KGU6, STM32WBA54KGU6TR, STM32WBA54KGU7, STM32WBA54KGU7TR, STM32WBA55CEU6, STM32WBA55CEU6TR, STM32WBA55CEU7, STM32WBA55CEU7TR, STM32WBA55CGU6, STM32WBA55CGU6TR, STM32WBA55CGU6U, STM32WBA55CGU7, STM32WBA55CGU7TR, STM32WBA55G-DK1, STM32WBA55HEF6, STM32WBA55HEF7, STM32WBA55HGF6, STM32WBA55HGF7, STM32WBA55UEI6, STM32WBA55UEI6TR, STM32WBA55UEI7, STM32WBA55UEI7TR, STM32WBA55UGI6, STM32WBA55UGI6TR, STM32WBA55UGI7, STM32WBA55UGI7TR, STM32WL5MOCH6, STM32WL5MOCH6TR]
2024-03-05 15:54:40,961 [INFO] DbMcus:218 - Found 3930 MCUs, 3930 are supported
2024-03-05 15:54:40,963 [INFO] ApiDb:423 - Load user favorites file C:\Users\ciast/.stm32cubeide/favorites.mcus.txt: 0 item(s)
2024-03-05 15:54:40,963 [INFO] ApiDb:427 - User favorites MCUs=[]
2024-03-05 15:54:40,963 [INFO] DbMcus:224 - Set 0 / 0 favorites MCUs
2024-03-05 15:54:41,478 [INFO] MicroXplorer:468 - Change Database Path : 
2024-03-05 15:54:41,479 [INFO] MicroXplorer:498 - Change Database Version : DB.6.0.100
2024-03-05 15:54:41,479 [WARN] ThirdParty:833 - waiting for thirdparty lock release [change project]
2024-03-05 15:54:41,479 [INFO] ThirdParty:835 - entering critical section [change project]
2024-03-05 15:54:41,480 [INFO] ThirdParty:1030 - CMSIS Pack Vendor :STMicroelectronics USBPD 4.1
2024-03-05 15:54:41,480 [INFO] ThirdParty:1030 - CMSIS Pack Vendor :STMicroelectronics X-CUBE-GNSS1 6.0.0
2024-03-05 15:54:41,480 [INFO] ThirdParty:1030 - CMSIS Pack Vendor :STMicroelectronics USB_HOST 2.0.0
2024-03-05 15:54:41,480 [INFO] ThirdParty:1030 - CMSIS Pack Vendor :STMicroelectronics X-CUBE-AZRTOS-F4 1.1.0
2024-03-05 15:54:41,480 [INFO] ThirdParty:1030 - CMSIS Pack Vendor :STMicroelectronics LIBJPEG 8.0.0
2024-03-05 15:54:41,480 [INFO] ThirdParty:1030 - CMSIS Pack Vendor :STMicroelectronics X-CUBE-SMBUS 2.1.0
2024-03-05 15:54:41,480 [INFO] ThirdParty:1030 - CMSIS Pack Vendor :STMicroelectronics USB_DEVICE 3.0.0
2024-03-05 15:54:41,480 [INFO] ThirdParty:1030 - CMSIS Pack Vendor :STMicroelectronics X-CUBE-AZRTOS-WB 2.0.0
2024-03-05 15:54:41,480 [INFO] ThirdParty:1030 - CMSIS Pack Vendor :wolfSSL I-CUBE-wolfSSL 5.6.6
2024-03-05 15:54:41,480 [INFO] ThirdParty:1030 - CMSIS Pack Vendor :STMicroelectronics X-CUBE-TOUCHGFX 4.23.0
2024-03-05 15:54:41,480 [INFO] ThirdParty:1030 - CMSIS Pack Vendor :STMicroelectronics X-CUBE-AZRTOS-F7 1.1.0
2024-03-05 15:54:41,481 [INFO] ThirdParty:1030 - CMSIS Pack Vendor :STMicroelectronics X-CUBE-AZRTOS-L5 2.0.0
2024-03-05 15:54:41,481 [INFO] ThirdParty:1030 - CMSIS Pack Vendor :STMicroelectronics USB_DEVICE 2.0.0
2024-03-05 15:54:41,481 [INFO] ThirdParty:1030 - CMSIS Pack Vendor :STMicroelectronics X-CUBE-EEPRMA1 4.2.0
2024-03-05 15:54:41,481 [INFO] ThirdParty:1030 - CMSIS Pack Vendor :ITTIA_DB I-CUBE-ITTIADB 8.8.0
2024-03-05 15:54:41,481 [INFO] ThirdParty:1030 - CMSIS Pack Vendor :STMicroelectronics FP-SNS-MOTENV1 4.3.2
2024-03-05 15:54:41,481 [INFO] ThirdParty:1030 - CMSIS Pack Vendor :STMicroelectronics X-CUBE-ALGOBUILD 1.3.0
2024-03-05 15:54:41,481 [INFO] ThirdParty:1030 - CMSIS Pack Vendor :STMicroelectronics FreeRTOS 0.0.1
2024-03-05 15:54:41,481 [INFO] ThirdParty:1030 - CMSIS Pack Vendor :STMicroelectronics X-CUBE-AZRTOS-G0 1.1.0
2024-03-05 15:54:41,481 [INFO] ThirdParty:1030 - CMSIS Pack Vendor :STMicroelectronics X-CUBE-NFC4 3.0.0
2024-03-05 15:54:41,481 [INFO] ThirdParty:1030 - CMSIS Pack Vendor :STMicroelectronics X-CUBE-SUBG2 5.0.0
2024-03-05 15:54:41,481 [INFO] ThirdParty:1030 - CMSIS Pack Vendor :STMicroelectronics STM32_WPAN 1.0.0
2024-03-05 15:54:41,481 [INFO] ThirdParty:1030 - CMSIS Pack Vendor :STMicroelectronics lwIP 2.0.3
2024-03-05 15:54:41,481 [INFO] ThirdParty:1030 - CMSIS Pack Vendor :STMicroelectronics FP-SNS-FLIGHT1 5.0.2
2024-03-05 15:54:41,481 [INFO] ThirdParty:1030 - CMSIS Pack Vendor :STMicroelectronics USB_HOST 1.0.0
2024-03-05 15:54:41,482 [INFO] ThirdParty:1030 - CMSIS Pack Vendor :STMicroelectronics X-CUBE-AZRTOS-G4 2.0.0
2024-03-05 15:54:41,482 [INFO] ThirdParty:1030 - CMSIS Pack Vendor :STMicroelectronics PDM2PCM 3.1.0
2024-03-05 15:54:41,482 [INFO] ThirdParty:1030 - CMSIS Pack Vendor :Infineon AIROC-Wi-Fi-Bluetooth-STM32 1.5.1
2024-03-05 15:54:41,482 [INFO] ThirdParty:1030 - CMSIS Pack Vendor :STMicroelectronics X-CUBE-BLEMGR 3.0.0
2024-03-05 15:54:41,482 [INFO] ThirdParty:1030 - CMSIS Pack Vendor :STMicroelectronics PDM2PCM 3.3.0
2024-03-05 15:54:41,482 [INFO] ThirdParty:1030 - CMSIS Pack Vendor :STMicroelectronics X-CUBE-DISPLAY 3.0.0
2024-03-05 15:54:41,482 [INFO] ThirdParty:1030 - CMSIS Pack Vendor :STMicroelectronics FP-SNS-MOTENVWB1 1.3.1
2024-03-05 15:54:41,482 [INFO] ThirdParty:1030 - CMSIS Pack Vendor :STMicroelectronics X-CUBE-BLE1 7.0.0
2024-03-05 15:54:41,482 [INFO] ThirdParty:1030 - CMSIS Pack Vendor :STMicroelectronics FP-ATR-SIGFOX1 3.2.0
2024-03-05 15:54:41,482 [INFO] ThirdParty:1030 - CMSIS Pack Vendor :STMicroelectronics X-CUBE-ISPU 2.0.0
2024-03-05 15:54:41,482 [INFO] ThirdParty:1030 - CMSIS Pack Vendor :STMicroelectronics X-CUBE-EEPRMA1 5.1.0
2024-03-05 15:54:41,482 [INFO] ThirdParty:1030 - CMSIS Pack Vendor :STMicroelectronics HAL Drivers 0.0.0
2024-03-05 15:54:41,482 [INFO] ThirdParty:1030 - CMSIS Pack Vendor :STMicroelectronics MBEDTLS 2.16.2
2024-03-05 15:54:41,483 [INFO] ThirdParty:1030 - CMSIS Pack Vendor :emotas I-CUBE-CANOPEN 1.3.0
2024-03-05 15:54:41,483 [INFO] ThirdParty:1030 - CMSIS Pack Vendor :STMicroelectronics X-CUBE-MEMS1 10.0.0
2024-03-05 15:54:41,483 [INFO] ThirdParty:1030 - CMSIS Pack Vendor :STMicroelectronics X-CUBE-FREERTOS 1.1.0
2024-03-05 15:54:41,483 [INFO] ThirdParty:1030 - CMSIS Pack Vendor :STMicroelectronics X-CUBE-NFC7 1.0.1
2024-03-05 15:54:41,483 [INFO] ThirdParty:1030 - CMSIS Pack Vendor :STMicroelectronics MBEDTLS 2.14.1
2024-03-05 15:54:41,483 [INFO] ThirdParty:1030 - CMSIS Pack Vendor :STMicroelectronics X-CUBE-NFC6 3.0.0
2024-03-05 15:54:41,483 [INFO] ThirdParty:1030 - CMSIS Pack Vendor :portGmbH I-Cube-SoM-uGOAL 1.1.0
2024-03-05 15:54:41,483 [INFO] ThirdParty:1030 - CMSIS Pack Vendor :STMicroelectronics X-CUBE-ALS 1.0.1
2024-03-05 15:54:41,483 [INFO] ThirdParty:1030 - CMSIS Pack Vendor :STMicroelectronics X-CUBE-BLEMGR 3.1.0
2024-03-05 15:54:41,483 [INFO] ThirdParty:1030 - CMSIS Pack Vendor :STMicroelectronics ThreadX 1.0.0
2024-03-05 15:54:41,483 [INFO] ThirdParty:1030 - CMSIS Pack Vendor :STMicroelectronics FP-SNS-SMARTAG2 1.2.0
2024-03-05 15:54:41,483 [INFO] ThirdParty:1030 - CMSIS Pack Vendor :STMicroelectronics X-CUBE-AZRTOS-WL 2.0.0
2024-03-05 15:54:41,484 [INFO] ThirdParty:1030 - CMSIS Pack Vendor :SEGGER I-CUBE-embOS 1.3.1
2024-03-05 15:54:41,484 [INFO] ThirdParty:1030 - CMSIS Pack Vendor :STMicroelectronics USB_DEVICE 1.0.0
2024-03-05 15:54:41,484 [INFO] ThirdParty:1030 - CMSIS Pack Vendor :STMicroelectronics X-CUBE-AI 8.1.0
2024-03-05 15:54:41,484 [INFO] ThirdParty:1030 - CMSIS Pack Vendor :STMicroelectronics X-CUBE-AZRTOS-L4 2.0.0
2024-03-05 15:54:41,484 [INFO] ThirdParty:1030 - CMSIS Pack Vendor :STMicroelectronics ThreadX 0.0.2
2024-03-05 15:54:41,484 [INFO] ThirdParty:1030 - CMSIS Pack Vendor :WES I-CUBE-Cesium 1.3.0
2024-03-05 15:54:41,484 [INFO] ThirdParty:1030 - CMSIS Pack Vendor :STMicroelectronics FP-ATR-ASTRA1 2.0.0
2024-03-05 15:54:41,484 [INFO] ThirdParty:1030 - CMSIS Pack Vendor :STMicroelectronics lwIP 2.1.2
2024-03-05 15:54:41,484 [INFO] ThirdParty:1030 - CMSIS Pack Vendor :STMicroelectronics X-CUBE-SFXS2LP1 4.0.0
2024-03-05 15:54:41,484 [INFO] ThirdParty:1030 - CMSIS Pack Vendor :STMicroelectronics X-CUBE-BLE2 3.3.0
2024-03-05 15:54:41,484 [INFO] ThirdParty:1030 - CMSIS Pack Vendor :STMicroelectronics X-CUBE-TOF1 3.4.0
2024-03-05 15:54:41,484 [INFO] ThirdParty:1030 - CMSIS Pack Vendor :STMicroelectronics X-CUBE-AZRTOS-H7 3.2.0
2024-03-05 15:54:41,484 [INFO] ThirdParty:1030 - CMSIS Pack Vendor :STMicroelectronics PDM2PCM 3.2.0
2024-03-05 15:54:41,485 [INFO] ThirdParty:841 - exiting critical section [change project]
2024-03-05 15:54:42,459 [INFO] PinOutPanel:1499 - setPackage(No Configuration,No Configuration)
2024-03-05 15:54:42,462 [INFO] PinOutPanel:1499 - setPackage(STM32L476RGTx,LQFP64)
2024-03-05 15:54:43,634 [INFO] UtilMem:75 - Before build in PCC Used Memory: 204174384 Bytes (545259520)
2024-03-05 15:54:45,387 [INFO] UtilMem:75 - After build in PCC Used Memory: 374043696 Bytes (545259520)
2024-03-05 15:54:45,471 [INFO] IPUIPlugin:80 - create IPUIPlugin
2024-03-05 15:54:45,471 [INFO] IPUIPlugin:80 - create IPUIPlugin
2024-03-05 15:54:45,471 [INFO] IPUIPlugin:80 - create IPUIPlugin
2024-03-05 15:54:45,472 [INFO] IPUIPlugin:80 - create IPUIPlugin
2024-03-05 15:54:45,472 [INFO] IPUIPlugin:80 - create IPUIPlugin
2024-03-05 15:54:45,472 [INFO] IPUIPlugin:80 - create IPUIPlugin
2024-03-05 15:54:45,472 [INFO] IPUIPlugin:80 - create IPUIPlugin
2024-03-05 15:54:45,473 [INFO] IPUIPlugin:80 - create IPUIPlugin
2024-03-05 15:54:45,473 [INFO] IPUIPlugin:80 - create IPUIPlugin
2024-03-05 15:54:45,474 [INFO] IPUIPlugin:80 - create IPUIPlugin
2024-03-05 15:54:45,474 [INFO] IPUIPlugin:80 - create IPUIPlugin
2024-03-05 15:54:45,474 [INFO] IPUIPlugin:80 - create IPUIPlugin
2024-03-05 15:54:45,475 [INFO] IPUIPlugin:80 - create IPUIPlugin
2024-03-05 15:54:45,475 [INFO] IPUIPlugin:80 - create IPUIPlugin
2024-03-05 15:54:45,475 [INFO] IPUIPlugin:80 - create IPUIPlugin
2024-03-05 15:54:45,476 [INFO] IPUIPlugin:80 - create IPUIPlugin
2024-03-05 15:54:45,476 [INFO] IPUIPlugin:80 - create IPUIPlugin
2024-03-05 15:54:45,477 [INFO] IPUIPlugin:80 - create IPUIPlugin
2024-03-05 15:54:45,477 [INFO] IPUIPlugin:80 - create IPUIPlugin
2024-03-05 15:54:45,478 [INFO] IPUIPlugin:80 - create IPUIPlugin
2024-03-05 15:54:45,479 [INFO] IPUIPlugin:80 - create IPUIPlugin
2024-03-05 15:54:45,479 [INFO] IPUIPlugin:80 - create IPUIPlugin
2024-03-05 15:54:45,480 [INFO] IPUIPlugin:80 - create IPUIPlugin
2024-03-05 15:54:45,480 [INFO] IPUIPlugin:80 - create IPUIPlugin
2024-03-05 15:54:45,480 [INFO] IPUIPlugin:80 - create IPUIPlugin
2024-03-05 15:54:45,481 [INFO] IPUIPlugin:80 - create IPUIPlugin
2024-03-05 15:54:45,481 [INFO] IPUIPlugin:80 - create IPUIPlugin
2024-03-05 15:54:45,482 [INFO] IPUIPlugin:80 - create IPUIPlugin
2024-03-05 15:54:45,483 [INFO] IPUIPlugin:80 - create IPUIPlugin
2024-03-05 15:54:45,483 [INFO] IPUIPlugin:80 - create IPUIPlugin
2024-03-05 15:54:45,484 [INFO] IPUIPlugin:80 - create IPUIPlugin
2024-03-05 15:54:45,485 [INFO] IPUIPlugin:80 - create IPUIPlugin
2024-03-05 15:54:45,485 [INFO] IPUIPlugin:80 - create IPUIPlugin
2024-03-05 15:54:45,486 [INFO] IPUIPlugin:80 - create IPUIPlugin
2024-03-05 15:54:45,487 [INFO] IPUIPlugin:80 - create IPUIPlugin
2024-03-05 15:54:45,488 [INFO] IPUIPlugin:80 - create IPUIPlugin
2024-03-05 15:54:45,488 [INFO] IPUIPlugin:80 - create IPUIPlugin
2024-03-05 15:54:45,489 [INFO] IPUIPlugin:80 - create IPUIPlugin
2024-03-05 15:54:45,490 [INFO] IPUIPlugin:80 - create IPUIPlugin
2024-03-05 15:54:45,491 [INFO] IPUIPlugin:80 - create IPUIPlugin
2024-03-05 15:54:45,491 [INFO] IPUIPlugin:80 - create IPUIPlugin
2024-03-05 15:54:45,492 [INFO] IPUIPlugin:80 - create IPUIPlugin
2024-03-05 15:54:45,492 [INFO] IPUIPlugin:80 - create IPUIPlugin
2024-03-05 15:54:45,493 [INFO] IPUIPlugin:80 - create IPUIPlugin
2024-03-05 15:54:45,494 [INFO] IPUIPlugin:80 - create IPUIPlugin
2024-03-05 15:54:45,495 [INFO] IPUIPlugin:80 - create IPUIPlugin
2024-03-05 15:54:45,495 [INFO] IPUIPlugin:80 - create IPUIPlugin
2024-03-05 15:54:45,496 [INFO] IPUIPlugin:80 - create IPUIPlugin
2024-03-05 15:54:45,497 [INFO] IPUIPlugin:80 - create IPUIPlugin
2024-03-05 15:54:45,497 [INFO] IPUIPlugin:80 - create IPUIPlugin
2024-03-05 15:54:45,498 [INFO] IPUIPlugin:80 - create IPUIPlugin
2024-03-05 15:54:45,499 [INFO] IPUIPlugin:80 - create IPUIPlugin
2024-03-05 15:54:45,500 [INFO] IPUIPlugin:80 - create IPUIPlugin
2024-03-05 15:54:45,500 [INFO] IPUIPlugin:80 - create IPUIPlugin
2024-03-05 15:54:45,501 [INFO] IPUIPlugin:80 - create IPUIPlugin
2024-03-05 15:54:45,503 [INFO] IPUIPlugin:80 - create IPUIPlugin
2024-03-05 15:54:45,504 [INFO] IPUIPlugin:80 - create IPUIPlugin
2024-03-05 15:54:45,506 [INFO] IPUIPlugin:80 - create IPUIPlugin
2024-03-05 15:54:45,507 [INFO] IPUIPlugin:80 - create IPUIPlugin
2024-03-05 15:54:45,744 [ERROR] LogOutputStream:75 - [STDERR_REDIRECT] SLF4J: Failed to load class "org.slf4j.impl.StaticLoggerBinder".
2024-03-05 15:54:45,748 [ERROR] LogOutputStream:75 - [STDERR_REDIRECT] SLF4J: Defaulting to no-operation (NOP) logger implementation
2024-03-05 15:54:45,752 [ERROR] LogOutputStream:75 - [STDERR_REDIRECT] SLF4J: See http://www.slf4j.org/codes.html#StaticLoggerBinder for further details.
2024-03-05 15:54:45,807 [INFO] CADModel:165 - CPN selected for project levelSTM32L476RGT6
2024-03-05 15:54:45,807 [INFO] CADModel:114 - Register for checkConnection events
2024-03-05 15:54:45,874 [INFO] OpenFileManager:343 - Restore cursor
2024-03-05 16:26:20,679 [INFO] UtilMem:75 - End SaveConfig() Used Memory: 746468464 Bytes (1073741824)
2024-03-05 16:26:20,750 [ERROR] ConfigurationRetriever:142 - IOException on connection: sw-center.st.com
2024-03-05 16:26:20,752 [ERROR] ConfigurationRetriever:142 - IOException on connection: sw-center.st.com
2024-03-05 16:26:20,753 [ERROR] ConfigurationRetriever:142 - IOException on connection: sw-center.st.com
2024-03-05 16:32:06,062 [INFO] UtilMem:75 - End SaveConfig() Used Memory: 630913248 Bytes (1073741824)
2024-03-05 16:32:07,505 [INFO] UtilMem:75 - End SaveConfig() Used Memory: 656605408 Bytes (1073741824)
2024-03-05 16:32:10,427 [INFO] UtilMem:75 - End SaveConfig() Used Memory: 713750752 Bytes (1073741824)
2024-03-05 16:32:11,380 [INFO] BlockDiagram:2759 - set Specific Code input for plugin: TIM1_8L4
2024-03-05 16:32:11,380 [INFO] BlockDiagram:2759 - set Specific Code input for plugin: SYS
2024-03-05 16:32:11,381 [INFO] BlockDiagram:2759 - set Specific Code input for plugin: RCC
2024-03-05 16:32:11,381 [INFO] BlockDiagram:2759 - set Specific Code input for plugin: NVIC
2024-03-05 16:32:11,382 [INFO] BlockDiagram:2759 - set Specific Code input for plugin: GPIO
2024-03-05 16:32:11,384 [INFO] CodeGenerator:807 - code generatio: config db path: C:\STM32\program\STM32CubeIDE_1.14.0\STM32CubeIDE\plugins\com.st.stm32cube.common.mx_6.10.0.202311202037\\db\
2024-03-05 16:32:11,887 [INFO] CodeEngine:255 - oldGeneratedFile, C:\Users\ciast\OneDrive\Dokumenty\GitHub\Stopwatch\Buzzer\MXTmpFiles\license.tmp_save
2024-03-05 16:32:12,450 [INFO] CodeEngine:279 - Generated code: C:\Users\ciast\OneDrive\Dokumenty\GitHub\Stopwatch\Buzzer\MXTmpFiles\license.tmp
2024-03-05 16:32:12,622 [INFO] CodeEngine:255 - oldGeneratedFile, C:\Users\ciast\OneDrive\Dokumenty\GitHub\Stopwatch\Buzzer\MXTmpFiles\gpio.tmp_save
2024-03-05 16:32:12,898 [INFO] CodeEngine:279 - Generated code: C:\Users\ciast\OneDrive\Dokumenty\GitHub\Stopwatch\Buzzer\MXTmpFiles\gpio.tmp
2024-03-05 16:32:13,240 [INFO] CodeEngine:255 - oldGeneratedFile, C:\Users\ciast\OneDrive\Dokumenty\GitHub\Stopwatch\Buzzer\Core\Src\stm32l4xx_it.c_save
2024-03-05 16:32:13,511 [INFO] CodeEngine:279 - Generated code: C:\Users\ciast\OneDrive\Dokumenty\GitHub\Stopwatch\Buzzer\Core\Src\stm32l4xx_it.c
2024-03-05 16:32:13,551 [INFO] CodeEngine:255 - oldGeneratedFile, C:\Users\ciast\OneDrive\Dokumenty\GitHub\Stopwatch\Buzzer\Core\Inc\stm32l4xx_it.h_save
2024-03-05 16:32:13,733 [INFO] CodeEngine:279 - Generated code: C:\Users\ciast\OneDrive\Dokumenty\GitHub\Stopwatch\Buzzer\Core\Inc\stm32l4xx_it.h
2024-03-05 16:32:13,799 [INFO] CodeEngine:255 - oldGeneratedFile, C:\Users\ciast\OneDrive\Dokumenty\GitHub\Stopwatch\Buzzer\Core\Src\stm32l4xx_hal_msp.c_save
2024-03-05 16:32:14,091 [INFO] CodeEngine:279 - Generated code: C:\Users\ciast\OneDrive\Dokumenty\GitHub\Stopwatch\Buzzer\Core\Src\stm32l4xx_hal_msp.c
2024-03-05 16:32:14,113 [INFO] CodeEngine:255 - oldGeneratedFile, C:\Users\ciast\OneDrive\Dokumenty\GitHub\Stopwatch\Buzzer\MXTmpFiles\system.tmp_save
2024-03-05 16:32:14,259 [INFO] CodeEngine:279 - Generated code: C:\Users\ciast\OneDrive\Dokumenty\GitHub\Stopwatch\Buzzer\MXTmpFiles\system.tmp
2024-03-05 16:32:14,294 [INFO] CodeEngine:255 - oldGeneratedFile, C:\Users\ciast\OneDrive\Dokumenty\GitHub\Stopwatch\Buzzer\Core\Inc\stm32_assert.h_save
2024-03-05 16:32:14,436 [INFO] CodeEngine:279 - Generated code: C:\Users\ciast\OneDrive\Dokumenty\GitHub\Stopwatch\Buzzer\Core\Inc\stm32_assert.h
2024-03-05 16:32:14,474 [INFO] CodeEngine:311 - oldGeneratedFile, C:\Users\ciast\OneDrive\Dokumenty\GitHub\Stopwatch\Buzzer\Core\Inc\stm32l4xx_hal_conf.h_save
2024-03-05 16:32:14,644 [INFO] CodeEngine:335 - Generated code: C:\Users\ciast\OneDrive\Dokumenty\GitHub\Stopwatch\Buzzer\Core\Inc\stm32l4xx_hal_conf.h
2024-03-05 16:32:14,703 [WARN] IPConfigManager:2946 - Warning: the RefConfig RCC_ConfigVoltageScaling is not available in your config.xml file
2024-03-05 16:32:14,703 [WARN] IPConfigManager:2946 - Warning: the RefConfig RCC_LSEDRIVE_CONFIG is not available in your config.xml file
2024-03-05 16:32:14,713 [WARN] IPConfigManager:2946 - Warning: the RefConfig RCC_ClockConfig is not available in your config.xml file
2024-03-05 16:32:14,713 [WARN] IPConfigManager:2946 - Warning: the RefConfig RCC_MCO1Config is not available in your config.xml file
2024-03-05 16:32:14,713 [WARN] IPConfigManager:2946 - Warning: the RefConfig RCC_LSCOConfig is not available in your config.xml file
2024-03-05 16:32:14,713 [WARN] IPConfigManager:2946 - Warning: the RefConfig RCC_interrupt_Time_SYSTICK_Config is not available in your config.xml file
2024-03-05 16:32:14,713 [WARN] IPConfigManager:2946 - Warning: the RefConfig RCC_SYSTICK_CONFIG is not available in your config.xml file
2024-03-05 16:32:14,735 [WARN] IPConfigManager:3440 - IP not found : TIM
2024-03-05 16:32:14,739 [WARN] CodeGenerator:3939 - IP not found : null
2024-03-05 16:32:14,782 [INFO] CodeEngine:255 - oldGeneratedFile, C:\Users\ciast\OneDrive\Dokumenty\GitHub\Stopwatch\Buzzer\Core\Inc\main.h_save
2024-03-05 16:32:14,951 [INFO] CodeEngine:279 - Generated code: C:\Users\ciast\OneDrive\Dokumenty\GitHub\Stopwatch\Buzzer\Core\Inc\main.h
2024-03-05 16:32:14,983 [INFO] CodeEngine:255 - oldGeneratedFile, C:\Users\ciast\OneDrive\Dokumenty\GitHub\Stopwatch\Buzzer\Core\Src\main.c_save
2024-03-05 16:32:15,214 [INFO] CodeEngine:279 - Generated code: C:\Users\ciast\OneDrive\Dokumenty\GitHub\Stopwatch\Buzzer\Core\Src\main.c
2024-03-05 16:32:16,453 [INFO] ProjectBuilder:3076 - Time for Copy HAL[1] : 447mS.
2024-03-05 16:32:16,466 [INFO] ProjectBuilder:4485 - Project Generator version: 4.2.0-B44
2024-03-05 16:32:16,959 [INFO] ConfigFileManager:1495 - The Die is : DIE415
2024-03-05 16:32:16,991 [INFO] ApiDbMcu:508 - Load IP Config File for FATFS
2024-03-05 16:32:17,017 [INFO] ApiDbMcu:508 - Load IP Config File for FREERTOS
2024-03-05 16:32:17,057 [INFO] ApiDbMcu:508 - Load IP Config File for TOUCHSENSING
2024-03-05 16:32:17,083 [INFO] ApiDbMcu:508 - Load IP Config File for USB_DEVICE
2024-03-05 16:32:17,104 [INFO] ApiDbMcu:508 - Load IP Config File for USB_HOST
2024-03-05 16:32:18,154 [ERROR] ConfigurationRetriever:142 - IOException on connection: sw-center.st.com
2024-03-05 16:32:18,154 [ERROR] ConfigurationRetriever:142 - IOException on connection: sw-center.st.com
2024-03-05 16:32:18,155 [ERROR] ConfigurationRetriever:142 - IOException on connection: sw-center.st.com
2024-03-05 16:32:18,155 [ERROR] ConfigurationRetriever:142 - IOException on connection: sw-center.st.com
2024-03-05 16:32:18,155 [ERROR] ConfigurationRetriever:142 - IOException on connection: sw-center.st.com
2024-03-05 16:32:18,157 [ERROR] ConfigurationRetriever:142 - IOException on connection: sw-center.st.com
2024-03-05 16:32:18,879 [INFO] LogOutputStream:77 - [STDOUT_REDIRECT] 
2024-03-05 16:32:22,126 [INFO] ProjectBuilder:4747 - Time for Generating toolchain IDE Files: 5658mS.
2024-03-05 16:32:22,129 [INFO] ProjectBuilder:2947 - Time for Copy CMSIS : 1mS.
2024-03-05 16:32:22,139 [INFO] ProjectBuilder:2947 - Time for Copy CMSIS : 0mS.
2024-03-05 16:32:37,057 [INFO] UtilMem:75 - End SaveConfig() Used Memory: 682403208 Bytes (1073741824)
2024-03-05 16:32:37,107 [ERROR] ConfigurationRetriever:142 - IOException on connection: sw-center.st.com
2024-03-05 16:32:37,109 [ERROR] ConfigurationRetriever:142 - IOException on connection: sw-center.st.com
2024-03-05 16:32:37,110 [ERROR] ConfigurationRetriever:142 - IOException on connection: sw-center.st.com
2024-03-05 16:32:39,752 [INFO] UtilMem:75 - End SaveConfig() Used Memory: 709139848 Bytes (1073741824)
2024-03-05 16:32:39,804 [ERROR] ConfigurationRetriever:142 - IOException on connection: sw-center.st.com
2024-03-05 16:32:39,806 [ERROR] ConfigurationRetriever:142 - IOException on connection: sw-center.st.com
2024-03-05 16:32:39,806 [ERROR] ConfigurationRetriever:142 - IOException on connection: sw-center.st.com
2024-03-05 16:32:42,584 [INFO] UtilMem:75 - End SaveConfig() Used Memory: 801943520 Bytes (1073741824)
2024-03-05 16:32:42,636 [ERROR] ConfigurationRetriever:142 - IOException on connection: sw-center.st.com
2024-03-05 16:32:42,637 [ERROR] ConfigurationRetriever:142 - IOException on connection: sw-center.st.com
2024-03-05 16:32:42,638 [ERROR] ConfigurationRetriever:142 - IOException on connection: sw-center.st.com
2024-03-05 16:32:43,111 [INFO] BlockDiagram:2759 - set Specific Code input for plugin: TIM1_8L4
2024-03-05 16:32:43,111 [INFO] BlockDiagram:2759 - set Specific Code input for plugin: SYS
2024-03-05 16:32:43,111 [INFO] BlockDiagram:2759 - set Specific Code input for plugin: RCC
2024-03-05 16:32:43,111 [INFO] BlockDiagram:2759 - set Specific Code input for plugin: NVIC
2024-03-05 16:32:43,112 [INFO] BlockDiagram:2759 - set Specific Code input for plugin: GPIO
2024-03-05 16:32:43,114 [INFO] CodeGenerator:807 - code generatio: config db path: C:\STM32\program\STM32CubeIDE_1.14.0\STM32CubeIDE\plugins\com.st.stm32cube.common.mx_6.10.0.202311202037\\db\
2024-03-05 16:32:43,409 [INFO] CodeEngine:255 - oldGeneratedFile, C:\Users\ciast\OneDrive\Dokumenty\GitHub\Stopwatch\Buzzer\MXTmpFiles\license.tmp_save
2024-03-05 16:32:43,596 [INFO] CodeEngine:279 - Generated code: C:\Users\ciast\OneDrive\Dokumenty\GitHub\Stopwatch\Buzzer\MXTmpFiles\license.tmp
2024-03-05 16:32:43,713 [INFO] CodeEngine:255 - oldGeneratedFile, C:\Users\ciast\OneDrive\Dokumenty\GitHub\Stopwatch\Buzzer\MXTmpFiles\gpio.tmp_save
2024-03-05 16:32:43,949 [INFO] CodeEngine:279 - Generated code: C:\Users\ciast\OneDrive\Dokumenty\GitHub\Stopwatch\Buzzer\MXTmpFiles\gpio.tmp
2024-03-05 16:32:44,368 [INFO] CodeEngine:255 - oldGeneratedFile, C:\Users\ciast\OneDrive\Dokumenty\GitHub\Stopwatch\Buzzer\Core\Src\stm32l4xx_it.c_save
2024-03-05 16:32:44,541 [INFO] CodeEngine:279 - Generated code: C:\Users\ciast\OneDrive\Dokumenty\GitHub\Stopwatch\Buzzer\Core\Src\stm32l4xx_it.c
2024-03-05 16:32:44,555 [INFO] CodeEngine:255 - oldGeneratedFile, C:\Users\ciast\OneDrive\Dokumenty\GitHub\Stopwatch\Buzzer\Core\Inc\stm32l4xx_it.h_save
2024-03-05 16:32:44,663 [INFO] CodeEngine:279 - Generated code: C:\Users\ciast\OneDrive\Dokumenty\GitHub\Stopwatch\Buzzer\Core\Inc\stm32l4xx_it.h
2024-03-05 16:32:44,683 [INFO] CodeEngine:255 - oldGeneratedFile, C:\Users\ciast\OneDrive\Dokumenty\GitHub\Stopwatch\Buzzer\MXTmpFiles\system.tmp_save
2024-03-05 16:32:44,815 [INFO] CodeEngine:279 - Generated code: C:\Users\ciast\OneDrive\Dokumenty\GitHub\Stopwatch\Buzzer\MXTmpFiles\system.tmp
2024-03-05 16:32:44,825 [INFO] CodeEngine:255 - oldGeneratedFile, C:\Users\ciast\OneDrive\Dokumenty\GitHub\Stopwatch\Buzzer\Core\Inc\stm32_assert.h_save
2024-03-05 16:32:44,913 [INFO] CodeEngine:279 - Generated code: C:\Users\ciast\OneDrive\Dokumenty\GitHub\Stopwatch\Buzzer\Core\Inc\stm32_assert.h
2024-03-05 16:32:44,924 [WARN] IPConfigManager:2946 - Warning: the RefConfig RCC_ConfigVoltageScaling is not available in your config.xml file
2024-03-05 16:32:44,924 [WARN] IPConfigManager:2946 - Warning: the RefConfig RCC_LSEDRIVE_CONFIG is not available in your config.xml file
2024-03-05 16:32:44,929 [WARN] IPConfigManager:2946 - Warning: the RefConfig RCC_ClockConfig is not available in your config.xml file
2024-03-05 16:32:44,929 [WARN] IPConfigManager:2946 - Warning: the RefConfig RCC_MCO1Config is not available in your config.xml file
2024-03-05 16:32:44,929 [WARN] IPConfigManager:2946 - Warning: the RefConfig RCC_LSCOConfig is not available in your config.xml file
2024-03-05 16:32:44,929 [WARN] IPConfigManager:2946 - Warning: the RefConfig RCC_interrupt_Time_SYSTICK_Config is not available in your config.xml file
2024-03-05 16:32:44,929 [WARN] IPConfigManager:2946 - Warning: the RefConfig RCC_SYSTICK_CONFIG is not available in your config.xml file
2024-03-05 16:32:44,939 [WARN] IPConfigManager:3440 - IP not found : TIM
2024-03-05 16:32:44,940 [WARN] CodeGenerator:3939 - IP not found : null
2024-03-05 16:32:44,970 [INFO] CodeEngine:255 - oldGeneratedFile, C:\Users\ciast\OneDrive\Dokumenty\GitHub\Stopwatch\Buzzer\Core\Inc\main.h_save
2024-03-05 16:32:45,120 [INFO] CodeEngine:279 - Generated code: C:\Users\ciast\OneDrive\Dokumenty\GitHub\Stopwatch\Buzzer\Core\Inc\main.h
2024-03-05 16:32:45,141 [INFO] CodeEngine:255 - oldGeneratedFile, C:\Users\ciast\OneDrive\Dokumenty\GitHub\Stopwatch\Buzzer\Core\Src\main.c_save
2024-03-05 16:32:45,312 [INFO] CodeEngine:279 - Generated code: C:\Users\ciast\OneDrive\Dokumenty\GitHub\Stopwatch\Buzzer\Core\Src\main.c
2024-03-05 16:32:46,336 [INFO] ProjectBuilder:3076 - Time for Copy HAL[1] : 236mS.
2024-03-05 16:32:46,343 [INFO] ProjectBuilder:4485 - Project Generator version: 4.2.0-B44
2024-03-05 16:32:46,857 [INFO] ConfigFileManager:1495 - The Die is : DIE415
2024-03-05 16:32:49,562 [INFO] ProjectBuilder:4747 - Time for Generating toolchain IDE Files: 3219mS.
2024-03-05 16:32:49,564 [INFO] ProjectBuilder:2947 - Time for Copy CMSIS : 1mS.
2024-03-05 16:32:49,572 [INFO] ProjectBuilder:2947 - Time for Copy CMSIS : 0mS.
2024-03-05 16:39:09,363 [INFO] NvicIntPanel:101 - NVIC parent = com.st.microxplorer.plugins.ip.nvic.MultiNvicIntPanel[,0,0,0x0,invalid,layout=javax.swing.BoxLayout,alignmentX=0.0,alignmentY=0.0,border=,flags=9,maximumSize=,minimumSize=,preferredSize=]
2024-03-05 16:39:11,848 [INFO] UtilMem:75 - End SaveConfig() Used Memory: 621157136 Bytes (1073741824)
2024-03-05 16:39:11,892 [ERROR] ConfigurationRetriever:142 - IOException on connection: sw-center.st.com
2024-03-05 16:39:11,894 [ERROR] ConfigurationRetriever:142 - IOException on connection: sw-center.st.com
2024-03-05 16:39:11,895 [ERROR] ConfigurationRetriever:142 - IOException on connection: sw-center.st.com
2024-03-05 16:39:11,939 [INFO] UtilMem:75 - End SaveConfig() Used Memory: 644748048 Bytes (1073741824)
2024-03-05 16:39:15,231 [INFO] UtilMem:75 - End SaveConfig() Used Memory: 766382864 Bytes (1073741824)
2024-03-05 16:39:15,283 [ERROR] ConfigurationRetriever:142 - IOException on connection: sw-center.st.com
2024-03-05 16:39:15,284 [ERROR] ConfigurationRetriever:142 - IOException on connection: sw-center.st.com
2024-03-05 16:39:15,285 [ERROR] ConfigurationRetriever:142 - IOException on connection: sw-center.st.com
2024-03-05 16:39:15,663 [INFO] BlockDiagram:2759 - set Specific Code input for plugin: TIM1_8L4
2024-03-05 16:39:15,663 [INFO] BlockDiagram:2759 - set Specific Code input for plugin: SYS
2024-03-05 16:39:15,663 [INFO] BlockDiagram:2759 - set Specific Code input for plugin: RCC
2024-03-05 16:39:15,663 [INFO] BlockDiagram:2759 - set Specific Code input for plugin: NVIC
2024-03-05 16:39:15,664 [INFO] BlockDiagram:2759 - set Specific Code input for plugin: GPIO
2024-03-05 16:39:15,666 [INFO] CodeGenerator:807 - code generatio: config db path: C:\STM32\program\STM32CubeIDE_1.14.0\STM32CubeIDE\plugins\com.st.stm32cube.common.mx_6.10.0.202311202037\\db\
2024-03-05 16:39:15,896 [INFO] CodeEngine:255 - oldGeneratedFile, C:\Users\ciast\OneDrive\Dokumenty\GitHub\Stopwatch\Buzzer\MXTmpFiles\license.tmp_save
2024-03-05 16:39:16,048 [INFO] CodeEngine:279 - Generated code: C:\Users\ciast\OneDrive\Dokumenty\GitHub\Stopwatch\Buzzer\MXTmpFiles\license.tmp
2024-03-05 16:39:16,092 [INFO] CodeEngine:255 - oldGeneratedFile, C:\Users\ciast\OneDrive\Dokumenty\GitHub\Stopwatch\Buzzer\MXTmpFiles\gpio.tmp_save
2024-03-05 16:39:16,251 [INFO] CodeEngine:279 - Generated code: C:\Users\ciast\OneDrive\Dokumenty\GitHub\Stopwatch\Buzzer\MXTmpFiles\gpio.tmp
2024-03-05 16:39:16,434 [INFO] CodeEngine:255 - oldGeneratedFile, C:\Users\ciast\OneDrive\Dokumenty\GitHub\Stopwatch\Buzzer\Core\Src\stm32l4xx_it.c_save
2024-03-05 16:39:16,537 [INFO] CodeEngine:279 - Generated code: C:\Users\ciast\OneDrive\Dokumenty\GitHub\Stopwatch\Buzzer\Core\Src\stm32l4xx_it.c
2024-03-05 16:39:16,551 [INFO] CodeEngine:255 - oldGeneratedFile, C:\Users\ciast\OneDrive\Dokumenty\GitHub\Stopwatch\Buzzer\Core\Inc\stm32l4xx_it.h_save
2024-03-05 16:39:16,634 [INFO] CodeEngine:279 - Generated code: C:\Users\ciast\OneDrive\Dokumenty\GitHub\Stopwatch\Buzzer\Core\Inc\stm32l4xx_it.h
2024-03-05 16:39:16,650 [INFO] CodeEngine:255 - oldGeneratedFile, C:\Users\ciast\OneDrive\Dokumenty\GitHub\Stopwatch\Buzzer\MXTmpFiles\system.tmp_save
2024-03-05 16:39:16,743 [INFO] CodeEngine:279 - Generated code: C:\Users\ciast\OneDrive\Dokumenty\GitHub\Stopwatch\Buzzer\MXTmpFiles\system.tmp
2024-03-05 16:39:16,751 [INFO] CodeEngine:255 - oldGeneratedFile, C:\Users\ciast\OneDrive\Dokumenty\GitHub\Stopwatch\Buzzer\Core\Inc\stm32_assert.h_save
2024-03-05 16:39:16,824 [INFO] CodeEngine:279 - Generated code: C:\Users\ciast\OneDrive\Dokumenty\GitHub\Stopwatch\Buzzer\Core\Inc\stm32_assert.h
2024-03-05 16:39:16,833 [WARN] IPConfigManager:2946 - Warning: the RefConfig RCC_ConfigVoltageScaling is not available in your config.xml file
2024-03-05 16:39:16,833 [WARN] IPConfigManager:2946 - Warning: the RefConfig RCC_LSEDRIVE_CONFIG is not available in your config.xml file
2024-03-05 16:39:16,836 [WARN] IPConfigManager:2946 - Warning: the RefConfig RCC_ClockConfig is not available in your config.xml file
2024-03-05 16:39:16,837 [WARN] IPConfigManager:2946 - Warning: the RefConfig RCC_MCO1Config is not available in your config.xml file
2024-03-05 16:39:16,837 [WARN] IPConfigManager:2946 - Warning: the RefConfig RCC_LSCOConfig is not available in your config.xml file
2024-03-05 16:39:16,837 [WARN] IPConfigManager:2946 - Warning: the RefConfig RCC_interrupt_Time_SYSTICK_Config is not available in your config.xml file
2024-03-05 16:39:16,837 [WARN] IPConfigManager:2946 - Warning: the RefConfig RCC_SYSTICK_CONFIG is not available in your config.xml file
2024-03-05 16:39:16,844 [WARN] IPConfigManager:3440 - IP not found : TIM
2024-03-05 16:39:16,846 [WARN] CodeGenerator:3939 - IP not found : null
2024-03-05 16:39:16,876 [INFO] CodeEngine:255 - oldGeneratedFile, C:\Users\ciast\OneDrive\Dokumenty\GitHub\Stopwatch\Buzzer\Core\Inc\main.h_save
2024-03-05 16:39:16,990 [INFO] CodeEngine:279 - Generated code: C:\Users\ciast\OneDrive\Dokumenty\GitHub\Stopwatch\Buzzer\Core\Inc\main.h
2024-03-05 16:39:17,015 [INFO] CodeEngine:255 - oldGeneratedFile, C:\Users\ciast\OneDrive\Dokumenty\GitHub\Stopwatch\Buzzer\Core\Src\main.c_save
2024-03-05 16:39:17,191 [INFO] CodeEngine:279 - Generated code: C:\Users\ciast\OneDrive\Dokumenty\GitHub\Stopwatch\Buzzer\Core\Src\main.c
2024-03-05 16:39:18,158 [INFO] ProjectBuilder:3076 - Time for Copy HAL[1] : 244mS.
2024-03-05 16:39:18,163 [INFO] ProjectBuilder:4485 - Project Generator version: 4.2.0-B44
2024-03-05 16:39:18,577 [INFO] ConfigFileManager:1495 - The Die is : DIE415
2024-03-05 16:39:21,285 [INFO] ProjectBuilder:4747 - Time for Generating toolchain IDE Files: 3122mS.
2024-03-05 16:39:21,287 [INFO] ProjectBuilder:2947 - Time for Copy CMSIS : 0mS.
2024-03-05 16:39:21,293 [INFO] ProjectBuilder:2947 - Time for Copy CMSIS : 1mS.
2024-03-05 16:40:13,901 [INFO] NvicIntPanel:101 - NVIC parent = com.st.microxplorer.plugins.ip.nvic.MultiNvicIntPanel[,0,0,0x0,invalid,layout=javax.swing.BoxLayout,alignmentX=0.0,alignmentY=0.0,border=,flags=9,maximumSize=,minimumSize=,preferredSize=]
2024-03-05 16:40:16,573 [INFO] UtilMem:75 - End SaveConfig() Used Memory: 780273072 Bytes (1073741824)
2024-03-05 16:40:16,611 [ERROR] ConfigurationRetriever:142 - IOException on connection: sw-center.st.com
2024-03-05 16:40:16,613 [ERROR] ConfigurationRetriever:142 - IOException on connection: sw-center.st.com
2024-03-05 16:40:16,614 [ERROR] ConfigurationRetriever:142 - IOException on connection: sw-center.st.com
2024-03-05 16:40:16,649 [INFO] UtilMem:75 - End SaveConfig() Used Memory: 803850544 Bytes (1073741824)
2024-03-05 16:42:22,505 [INFO] NvicIntPanel:101 - NVIC parent = com.st.microxplorer.plugins.ip.nvic.MultiNvicIntPanel[,0,0,0x0,invalid,layout=javax.swing.BoxLayout,alignmentX=0.0,alignmentY=0.0,border=,flags=9,maximumSize=,minimumSize=,preferredSize=]
2024-03-05 16:42:26,759 [INFO] UtilMem:75 - End SaveConfig() Used Memory: 659945360 Bytes (1073741824)
2024-03-05 16:42:26,802 [ERROR] ConfigurationRetriever:142 - IOException on connection: sw-center.st.com
2024-03-05 16:42:26,803 [ERROR] ConfigurationRetriever:142 - IOException on connection: sw-center.st.com
2024-03-05 16:42:26,804 [ERROR] ConfigurationRetriever:142 - IOException on connection: sw-center.st.com
2024-03-05 16:42:26,840 [INFO] UtilMem:75 - End SaveConfig() Used Memory: 683975664 Bytes (1073741824)
2024-03-05 16:42:27,407 [INFO] UtilMem:75 - End SaveConfig() Used Memory: 756327408 Bytes (1073741824)
2024-03-05 16:42:27,694 [INFO] BlockDiagram:2759 - set Specific Code input for plugin: TIM1_8L4
2024-03-05 16:42:27,695 [INFO] BlockDiagram:2759 - set Specific Code input for plugin: SYS
2024-03-05 16:42:27,695 [INFO] BlockDiagram:2759 - set Specific Code input for plugin: RCC
2024-03-05 16:42:27,695 [INFO] BlockDiagram:2759 - set Specific Code input for plugin: NVIC
2024-03-05 16:42:27,695 [INFO] BlockDiagram:2759 - set Specific Code input for plugin: GPIO
2024-03-05 16:42:27,697 [INFO] CodeGenerator:807 - code generatio: config db path: C:\STM32\program\STM32CubeIDE_1.14.0\STM32CubeIDE\plugins\com.st.stm32cube.common.mx_6.10.0.202311202037\\db\
2024-03-05 16:42:27,965 [INFO] CodeEngine:255 - oldGeneratedFile, C:\Users\ciast\OneDrive\Dokumenty\GitHub\Stopwatch\Buzzer\MXTmpFiles\license.tmp_save
2024-03-05 16:42:28,094 [INFO] CodeEngine:279 - Generated code: C:\Users\ciast\OneDrive\Dokumenty\GitHub\Stopwatch\Buzzer\MXTmpFiles\license.tmp
2024-03-05 16:42:28,150 [INFO] CodeEngine:255 - oldGeneratedFile, C:\Users\ciast\OneDrive\Dokumenty\GitHub\Stopwatch\Buzzer\MXTmpFiles\gpio.tmp_save
2024-03-05 16:42:28,311 [INFO] CodeEngine:279 - Generated code: C:\Users\ciast\OneDrive\Dokumenty\GitHub\Stopwatch\Buzzer\MXTmpFiles\gpio.tmp
2024-03-05 16:42:28,458 [INFO] CodeEngine:255 - oldGeneratedFile, C:\Users\ciast\OneDrive\Dokumenty\GitHub\Stopwatch\Buzzer\Core\Src\stm32l4xx_it.c_save
2024-03-05 16:42:28,576 [INFO] CodeEngine:279 - Generated code: C:\Users\ciast\OneDrive\Dokumenty\GitHub\Stopwatch\Buzzer\Core\Src\stm32l4xx_it.c
2024-03-05 16:42:28,586 [INFO] CodeEngine:255 - oldGeneratedFile, C:\Users\ciast\OneDrive\Dokumenty\GitHub\Stopwatch\Buzzer\Core\Inc\stm32l4xx_it.h_save
2024-03-05 16:42:28,666 [INFO] CodeEngine:279 - Generated code: C:\Users\ciast\OneDrive\Dokumenty\GitHub\Stopwatch\Buzzer\Core\Inc\stm32l4xx_it.h
2024-03-05 16:42:28,684 [INFO] CodeEngine:255 - oldGeneratedFile, C:\Users\ciast\OneDrive\Dokumenty\GitHub\Stopwatch\Buzzer\MXTmpFiles\system.tmp_save
2024-03-05 16:42:28,794 [INFO] CodeEngine:279 - Generated code: C:\Users\ciast\OneDrive\Dokumenty\GitHub\Stopwatch\Buzzer\MXTmpFiles\system.tmp
2024-03-05 16:42:28,806 [INFO] CodeEngine:255 - oldGeneratedFile, C:\Users\ciast\OneDrive\Dokumenty\GitHub\Stopwatch\Buzzer\Core\Inc\stm32_assert.h_save
2024-03-05 16:42:28,888 [INFO] CodeEngine:279 - Generated code: C:\Users\ciast\OneDrive\Dokumenty\GitHub\Stopwatch\Buzzer\Core\Inc\stm32_assert.h
2024-03-05 16:42:28,898 [WARN] IPConfigManager:2946 - Warning: the RefConfig RCC_ConfigVoltageScaling is not available in your config.xml file
2024-03-05 16:42:28,898 [WARN] IPConfigManager:2946 - Warning: the RefConfig RCC_LSEDRIVE_CONFIG is not available in your config.xml file
2024-03-05 16:42:28,901 [WARN] IPConfigManager:2946 - Warning: the RefConfig RCC_ClockConfig is not available in your config.xml file
2024-03-05 16:42:28,901 [WARN] IPConfigManager:2946 - Warning: the RefConfig RCC_MCO1Config is not available in your config.xml file
2024-03-05 16:42:28,901 [WARN] IPConfigManager:2946 - Warning: the RefConfig RCC_LSCOConfig is not available in your config.xml file
2024-03-05 16:42:28,901 [WARN] IPConfigManager:2946 - Warning: the RefConfig RCC_interrupt_Time_SYSTICK_Config is not available in your config.xml file
2024-03-05 16:42:28,901 [WARN] IPConfigManager:2946 - Warning: the RefConfig RCC_SYSTICK_CONFIG is not available in your config.xml file
2024-03-05 16:42:28,908 [WARN] IPConfigManager:3440 - IP not found : TIM
2024-03-05 16:42:28,909 [WARN] CodeGenerator:3939 - IP not found : null
2024-03-05 16:42:28,932 [INFO] CodeEngine:255 - oldGeneratedFile, C:\Users\ciast\OneDrive\Dokumenty\GitHub\Stopwatch\Buzzer\Core\Inc\main.h_save
2024-03-05 16:42:29,029 [INFO] CodeEngine:279 - Generated code: C:\Users\ciast\OneDrive\Dokumenty\GitHub\Stopwatch\Buzzer\Core\Inc\main.h
2024-03-05 16:42:29,050 [INFO] CodeEngine:255 - oldGeneratedFile, C:\Users\ciast\OneDrive\Dokumenty\GitHub\Stopwatch\Buzzer\Core\Src\main.c_save
2024-03-05 16:42:29,256 [INFO] CodeEngine:279 - Generated code: C:\Users\ciast\OneDrive\Dokumenty\GitHub\Stopwatch\Buzzer\Core\Src\main.c
2024-03-05 16:42:30,199 [INFO] ProjectBuilder:3076 - Time for Copy HAL[1] : 233mS.
2024-03-05 16:42:30,206 [INFO] ProjectBuilder:4485 - Project Generator version: 4.2.0-B44
2024-03-05 16:42:30,563 [INFO] ConfigFileManager:1495 - The Die is : DIE415
2024-03-05 16:42:33,350 [INFO] ProjectBuilder:4747 - Time for Generating toolchain IDE Files: 3144mS.
2024-03-05 16:42:33,351 [INFO] ProjectBuilder:2947 - Time for Copy CMSIS : 1mS.
2024-03-05 16:42:33,358 [INFO] ProjectBuilder:2947 - Time for Copy CMSIS : 1mS.
2024-03-05 16:43:18,679 [INFO] NvicIntPanel:101 - NVIC parent = com.st.microxplorer.plugins.ip.nvic.MultiNvicIntPanel[,0,0,0x0,invalid,layout=javax.swing.BoxLayout,alignmentX=0.0,alignmentY=0.0,border=,flags=9,maximumSize=,minimumSize=,preferredSize=]
2024-03-05 16:43:20,642 [INFO] UtilMem:75 - End SaveConfig() Used Memory: 747068144 Bytes (1073741824)
2024-03-05 16:43:20,707 [ERROR] ConfigurationRetriever:142 - IOException on connection: sw-center.st.com
2024-03-05 16:43:20,708 [ERROR] ConfigurationRetriever:142 - IOException on connection: sw-center.st.com
2024-03-05 16:43:20,709 [ERROR] ConfigurationRetriever:142 - IOException on connection: sw-center.st.com
2024-03-05 16:43:20,748 [INFO] UtilMem:75 - End SaveConfig() Used Memory: 770642416 Bytes (1073741824)
2024-03-05 16:43:21,408 [INFO] UtilMem:75 - End SaveConfig() Used Memory: 806820336 Bytes (1073741824)
2024-03-05 16:43:21,880 [INFO] BlockDiagram:2759 - set Specific Code input for plugin: TIM1_8L4
2024-03-05 16:43:21,881 [INFO] BlockDiagram:2759 - set Specific Code input for plugin: SYS
2024-03-05 16:43:21,881 [INFO] BlockDiagram:2759 - set Specific Code input for plugin: RCC
2024-03-05 16:43:21,881 [INFO] BlockDiagram:2759 - set Specific Code input for plugin: NVIC
2024-03-05 16:43:21,881 [INFO] BlockDiagram:2759 - set Specific Code input for plugin: GPIO
2024-03-05 16:43:21,883 [INFO] CodeGenerator:807 - code generatio: config db path: C:\STM32\program\STM32CubeIDE_1.14.0\STM32CubeIDE\plugins\com.st.stm32cube.common.mx_6.10.0.202311202037\\db\
2024-03-05 16:43:22,128 [INFO] CodeEngine:255 - oldGeneratedFile, C:\Users\ciast\OneDrive\Dokumenty\GitHub\Stopwatch\Buzzer\MXTmpFiles\license.tmp_save
2024-03-05 16:43:22,279 [INFO] CodeEngine:279 - Generated code: C:\Users\ciast\OneDrive\Dokumenty\GitHub\Stopwatch\Buzzer\MXTmpFiles\license.tmp
2024-03-05 16:43:22,346 [INFO] CodeEngine:255 - oldGeneratedFile, C:\Users\ciast\OneDrive\Dokumenty\GitHub\Stopwatch\Buzzer\MXTmpFiles\gpio.tmp_save
2024-03-05 16:43:22,488 [INFO] CodeEngine:279 - Generated code: C:\Users\ciast\OneDrive\Dokumenty\GitHub\Stopwatch\Buzzer\MXTmpFiles\gpio.tmp
2024-03-05 16:43:22,689 [INFO] CodeEngine:255 - oldGeneratedFile, C:\Users\ciast\OneDrive\Dokumenty\GitHub\Stopwatch\Buzzer\Core\Src\stm32l4xx_it.c_save
2024-03-05 16:43:22,783 [INFO] CodeEngine:279 - Generated code: C:\Users\ciast\OneDrive\Dokumenty\GitHub\Stopwatch\Buzzer\Core\Src\stm32l4xx_it.c
2024-03-05 16:43:22,793 [INFO] CodeEngine:255 - oldGeneratedFile, C:\Users\ciast\OneDrive\Dokumenty\GitHub\Stopwatch\Buzzer\Core\Inc\stm32l4xx_it.h_save
2024-03-05 16:43:22,871 [INFO] CodeEngine:279 - Generated code: C:\Users\ciast\OneDrive\Dokumenty\GitHub\Stopwatch\Buzzer\Core\Inc\stm32l4xx_it.h
2024-03-05 16:43:22,891 [INFO] CodeEngine:255 - oldGeneratedFile, C:\Users\ciast\OneDrive\Dokumenty\GitHub\Stopwatch\Buzzer\MXTmpFiles\system.tmp_save
2024-03-05 16:43:22,993 [INFO] CodeEngine:279 - Generated code: C:\Users\ciast\OneDrive\Dokumenty\GitHub\Stopwatch\Buzzer\MXTmpFiles\system.tmp
2024-03-05 16:43:23,002 [INFO] CodeEngine:255 - oldGeneratedFile, C:\Users\ciast\OneDrive\Dokumenty\GitHub\Stopwatch\Buzzer\Core\Inc\stm32_assert.h_save
2024-03-05 16:43:23,076 [INFO] CodeEngine:279 - Generated code: C:\Users\ciast\OneDrive\Dokumenty\GitHub\Stopwatch\Buzzer\Core\Inc\stm32_assert.h
2024-03-05 16:43:23,087 [WARN] IPConfigManager:2946 - Warning: the RefConfig RCC_ConfigVoltageScaling is not available in your config.xml file
2024-03-05 16:43:23,087 [WARN] IPConfigManager:2946 - Warning: the RefConfig RCC_LSEDRIVE_CONFIG is not available in your config.xml file
2024-03-05 16:43:23,092 [WARN] IPConfigManager:2946 - Warning: the RefConfig RCC_ClockConfig is not available in your config.xml file
2024-03-05 16:43:23,092 [WARN] IPConfigManager:2946 - Warning: the RefConfig RCC_MCO1Config is not available in your config.xml file
2024-03-05 16:43:23,092 [WARN] IPConfigManager:2946 - Warning: the RefConfig RCC_LSCOConfig is not available in your config.xml file
2024-03-05 16:43:23,092 [WARN] IPConfigManager:2946 - Warning: the RefConfig RCC_interrupt_Time_SYSTICK_Config is not available in your config.xml file
2024-03-05 16:43:23,092 [WARN] IPConfigManager:2946 - Warning: the RefConfig RCC_SYSTICK_CONFIG is not available in your config.xml file
2024-03-05 16:43:23,101 [WARN] IPConfigManager:3440 - IP not found : TIM
2024-03-05 16:43:23,102 [WARN] CodeGenerator:3939 - IP not found : null
2024-03-05 16:43:23,123 [INFO] CodeEngine:255 - oldGeneratedFile, C:\Users\ciast\OneDrive\Dokumenty\GitHub\Stopwatch\Buzzer\Core\Inc\main.h_save
2024-03-05 16:43:23,214 [INFO] CodeEngine:279 - Generated code: C:\Users\ciast\OneDrive\Dokumenty\GitHub\Stopwatch\Buzzer\Core\Inc\main.h
2024-03-05 16:43:23,233 [INFO] CodeEngine:255 - oldGeneratedFile, C:\Users\ciast\OneDrive\Dokumenty\GitHub\Stopwatch\Buzzer\Core\Src\main.c_save
2024-03-05 16:43:23,398 [INFO] CodeEngine:279 - Generated code: C:\Users\ciast\OneDrive\Dokumenty\GitHub\Stopwatch\Buzzer\Core\Src\main.c
2024-03-05 16:43:24,215 [INFO] ProjectBuilder:3076 - Time for Copy HAL[1] : 212mS.
2024-03-05 16:43:24,221 [INFO] ProjectBuilder:4485 - Project Generator version: 4.2.0-B44
2024-03-05 16:43:24,691 [INFO] ConfigFileManager:1495 - The Die is : DIE415
2024-03-05 16:43:26,759 [INFO] ProjectBuilder:4747 - Time for Generating toolchain IDE Files: 2538mS.
2024-03-05 16:43:26,761 [INFO] ProjectBuilder:2947 - Time for Copy CMSIS : 0mS.
2024-03-05 16:43:26,766 [INFO] ProjectBuilder:2947 - Time for Copy CMSIS : 0mS.
2024-03-05 16:57:13,956 [ERROR] LogOutputStream:75 - [STDERR_REDIRECT] 
